Log file open, 06/22/17 20:04:15
LogInit:Display: Running engine for game: MyProject3
LogPlatformFile: Not using cached read wrapper
LogInit:Display: RandInit(1143088581) SRandInit(1143088581).
LogTaskGraph: Started task graph with 5 named threads and 8 total threads with 1 sets of task threads.
LogStats: Stats thread started at 0.081101
LogInit: Using libcurl 7.47.1
LogInit:  - built for x86_64-pc-win32
LogInit:  - supports SSL with OpenSSL/1.0.2g
LogInit:  - supports HTTP deflate (compression) using libz 1.2.8
LogInit:  - other features:
LogInit:      CURL_VERSION_SSL
LogInit:      CURL_VERSION_LIBZ
LogInit:      CURL_VERSION_IPV6
LogInit:      CURL_VERSION_ASYNCHDNS
LogInit:      CURL_VERSION_LARGEFILE
LogInit:      CURL_VERSION_IDN
LogInit:  CurlRequestOptions (configurable via config and command line):
LogInit:  - bVerifyPeer = false  - Libcurl will NOT verify peer certificate
LogInit:  - bUseHttpProxy = false  - Libcurl will NOT use HTTP proxy
LogInit:  - bDontReuseConnections = false  - Libcurl will reuse connections
LogInit:  - CertBundlePath = nullptr  - Libcurl will use whatever was configured at build time.
LogInit: Build: ++UE4+Release-4.15-CL-3450819
LogInit: Engine Version: 4.15.3-3450819+++UE4+Release-4.15
LogInit: Compatible Engine Version: 4.15.0-3299760+++UE4+Release-4.15
LogInit: Net CL: 3299760
LogDevObjectVersion: Number of dev versions registered: 14
LogDevObjectVersion:   Dev-Blueprints (B0D832E4-1F89-4F0D-ACCF-7EB736FD4AA2): 8
LogDevObjectVersion:   Dev-Build (E1C64328-A22C-4D53-A36C-8E866417BD8C): 0
LogDevObjectVersion:   Dev-Core (375EC13C-06E4-48FB-B500-84F0262A717E): 2
LogDevObjectVersion:   Dev-Editor (E4B068ED-F494-42E9-A231-DA0B2E46BB41): 14
LogDevObjectVersion:   Dev-Framework (CFFC743F-43B0-4480-9391-14DF171D2073): 22
LogDevObjectVersion:   Dev-Mobile (B02B49B5-BB20-44E9-A304-32B752E40360): 0
LogDevObjectVersion:   Dev-Networking (A4E4105C-59A1-49B5-A7C5-40C4547EDFEE): 0
LogDevObjectVersion:   Dev-Online (39C831C9-5AE6-47DC-9A44-9C173E1C8E7C): 0
LogDevObjectVersion:   Dev-Physics (78F01B33-EBEA-4F98-B9B4-84EACCB95AA2): 0
LogDevObjectVersion:   Dev-Platform (6631380F-2D4D-43E0-8009-CF276956A95A): 0
LogDevObjectVersion:   Dev-Rendering (12F88B9F-8875-4AFC-A67C-D90C383ABD29): 12
LogDevObjectVersion:   Dev-Sequencer (7B5AE74C-D270-4C10-A958-57980B212A5A): 3
LogDevObjectVersion:   Dev-VR (D7296918-1DD6-4BDD-9DE2-64A83CC13884): 0
LogDevObjectVersion:   Dev-LoadTimes (C2A15278-BFE7-4AFE-6C17-90FF531DF755): 1
LogInit: Compiled (64-bit): May 21 2017 11:02:34
LogInit: Compiled with Visual C++: 19.00.23026.00
LogInit: Build Configuration: Development
LogInit: Branch Name: ++UE4+Release-4.15
LogInit: Command line: -EpicPortal 
LogInit: Base directory: C:/Program Files/Epic Games/UE_4.15/Engine/Binaries/Win64/
LogInit: Installed Engine Build: 1
LogInit: Presizing for max 8388607 objects, including 0 objects not considered by GC, pre-allocating 0 bytes for permanent pool.
LogInit: Object subsystem initialized
[2017.06.22-17.04.16:263][  0]LogInit: Selected Device Profile: [Windows]
[2017.06.22-17.04.16:263][  0]LogInit: Applying CVar settings loaded from the selected device profile: [Windows]
[2017.06.22-17.04.16:272][  0]LogInit: Computer: IULIAN
[2017.06.22-17.04.16:272][  0]LogInit: User: Iuli
[2017.06.22-17.04.16:272][  0]LogInit: CPU Page size=65536, Cores=4
[2017.06.22-17.04.16:272][  0]LogInit: High frequency timer resolution =2.240914 MHz
[2017.06.22-17.04.16:272][  0]LogMemory: Memory total: Physical=7.9GB (8GB approx)
[2017.06.22-17.04.16:272][  0]LogMemory: Platform Memory Stats for Windows
[2017.06.22-17.04.16:272][  0]LogMemory: Process Physical Memory: 260.97 MB used, 260.97 MB peak
[2017.06.22-17.04.16:272][  0]LogMemory: Process Virtual Memory: 262.27 MB used, 262.27 MB peak
[2017.06.22-17.04.16:272][  0]LogMemory: Physical Memory: 3486.60 MB used,  4596.68 MB free, 8083.27 MB total
[2017.06.22-17.04.16:272][  0]LogMemory: Virtual Memory: 626.07 MB used,  4596.68 MB free, 134217728.00 MB total
[2017.06.22-17.04.16:358][  0]LogTextLocalizationManager: No translations for ('ro-RO') exist, falling back to 'en' for localization and internationalization data.
[2017.06.22-17.04.17:102][  0]LogD3D11RHI: D3D11 adapters:
[2017.06.22-17.04.17:132][  0]LogD3D11RHI:    0. 'NVIDIA GeForce 840M' (Feature Level 11_0)
[2017.06.22-17.04.17:132][  0]LogD3D11RHI:       1981/0/4041 MB DedicatedVideo/DedicatedSystem/SharedSystem, Outputs:2, VendorId:0x10de
[2017.06.22-17.04.17:139][  0]LogD3D11RHI:    1. 'Intel(R) HD Graphics 4600' (Feature Level 11_0)
[2017.06.22-17.04.17:139][  0]LogD3D11RHI:       160/0/1760 MB DedicatedVideo/DedicatedSystem/SharedSystem, Outputs:0, VendorId:0x8086
[2017.06.22-17.04.17:140][  0]LogD3D11RHI:    2. 'Microsoft Basic Render Driver' (Feature Level 11_0)
[2017.06.22-17.04.17:140][  0]LogD3D11RHI:       0/0/256 MB DedicatedVideo/DedicatedSystem/SharedSystem, Outputs:0, VendorId:0x1414
[2017.06.22-17.04.17:140][  0]LogD3D11RHI: Chosen D3D11 Adapter: 0
[2017.06.22-17.04.17:143][  0]LogD3D11RHI: Creating new Direct3DDevice
[2017.06.22-17.04.17:143][  0]LogD3D11RHI:     GPU DeviceId: 0x1341 (for the marketing name, search the web for "GPU Device Id")
[2017.06.22-17.04.17:143][  0]LogWindows: EnumDisplayDevices:
[2017.06.22-17.04.17:143][  0]LogWindows:    0. 'Intel(R) HD Graphics 4600' (P:1 D:1)
[2017.06.22-17.04.17:143][  0]LogWindows:    1. 'Intel(R) HD Graphics 4600' (P:0 D:1)
[2017.06.22-17.04.17:144][  0]LogWindows:    2. 'Intel(R) HD Graphics 4600' (P:0 D:0)
[2017.06.22-17.04.17:144][  0]LogWindows: DebugString: PrimaryIsNotTheChoosenAdapter PrimaryIsNotTheChoosenAdapter PrimaryIsNotTheChoosenAdapter FoundDriverCount:0 
[2017.06.22-17.04.17:144][  0]LogD3D11RHI:     Adapter Name: NVIDIA GeForce 840M
[2017.06.22-17.04.17:144][  0]LogD3D11RHI:   Driver Version: Unknown (internal:Unknown, unified:Unknown)
[2017.06.22-17.04.17:144][  0]LogD3D11RHI:      Driver Date: Unknown
[2017.06.22-17.04.17:144][  0]LogRHI: Texture pool is 1361 MB (70% of 1945 MB)
[2017.06.22-17.04.17:159][  0]LogD3D11RHI: Async texture creation enabled
[2017.06.22-17.04.17:178][  0]LogD3D11RHI: GPU Timing Frequency: 1000.000000 (Debug: 2 2)
[2017.06.22-17.04.17:179][  0]LogShaderCompilers: Guid format shader working directory is -20 characters bigger than the processId version (../../../../../../Users/Iuli/Documents/Unreal Projects/MyProject3/Intermediate/Shaders/WorkingDirectory/6684/).
[2017.06.22-17.04.17:179][  0]LogShaderCompilers: Cleaned the shader compiler working directory 'C:/Users/Iuli/AppData/Local/Temp/UnrealShaderWorkingDir/B8D310CF438F0F3697DBB1A72D86FCD1/'.
[2017.06.22-17.04.17:179][  0]LogShaderCompilers:Display: Using Local Shader Compiler.
[2017.06.22-17.04.18:321][  0]LogTemp:Display: Loaded TP AllDesktopTargetPlatform
[2017.06.22-17.04.18:379][  0]LogTemp:Display: Loaded TP MacClientTargetPlatform
[2017.06.22-17.04.18:437][  0]LogTemp:Display: Loaded TP MacNoEditorTargetPlatform
[2017.06.22-17.04.18:496][  0]LogTemp:Display: Loaded TP MacServerTargetPlatform
[2017.06.22-17.04.18:555][  0]LogTemp:Display: Loaded TP MacTargetPlatform
[2017.06.22-17.04.18:614][  0]LogTemp:Display: Loaded TP WindowsClientTargetPlatform
[2017.06.22-17.04.18:673][  0]LogTemp:Display: Loaded TP WindowsNoEditorTargetPlatform
[2017.06.22-17.04.18:732][  0]LogTemp:Display: Loaded TP WindowsServerTargetPlatform
[2017.06.22-17.04.18:782][  0]LogTemp:Display: Loaded TP WindowsTargetPlatform
[2017.06.22-17.04.18:839][  0]LogTemp:Display: Loaded TP AndroidTargetPlatform
[2017.06.22-17.04.18:896][  0]LogTemp:Display: Loaded TP Android_ASTCTargetPlatform
[2017.06.22-17.04.18:952][  0]LogTemp:Display: Loaded TP Android_ATCTargetPlatform
[2017.06.22-17.04.19:009][  0]LogTemp:Display: Loaded TP Android_DXTTargetPlatform
[2017.06.22-17.04.19:067][  0]LogTemp:Display: Loaded TP Android_ETC1TargetPlatform
[2017.06.22-17.04.19:124][  0]LogTemp:Display: Loaded TP Android_ETC2TargetPlatform
[2017.06.22-17.04.19:241][  0]LogTemp:Display: Loaded TP Android_MultiTargetPlatform
[2017.06.22-17.04.19:241][  0]LogTemp:Display: Loaded TP Android_PVRTCTargetPlatform
[2017.06.22-17.04.19:282][  0]LogTemp:Display: Loaded TP HTML5TargetPlatform
[2017.06.22-17.04.19:383][  0]LogTemp:Display: Loaded TP IOSTargetPlatform
[2017.06.22-17.04.19:421][  0]LogTemp:Display: Loaded TP TVOSTargetPlatform
[2017.06.22-17.04.19:480][  0]LogTemp:Display: Loaded TP LinuxClientTargetPlatform
[2017.06.22-17.04.19:540][  0]LogTemp:Display: Loaded TP LinuxNoEditorTargetPlatform
[2017.06.22-17.04.19:601][  0]LogTemp:Display: Loaded TP LinuxServerTargetPlatform
[2017.06.22-17.04.19:662][  0]LogTemp:Display: Loaded TP LinuxTargetPlatform
[2017.06.22-17.04.19:662][  0]LogTargetPlatformManager:Display: Building Assets For Windows
[2017.06.22-17.04.20:114][  0]LogDerivedDataCache:Display: Max Cache Size: 512 MB
[2017.06.22-17.04.20:166][  0]LogDerivedDataCache: Loaded boot cache 0.05s 50MB C:/Users/Iuli/AppData/Local/UnrealEngine/4.15/DerivedDataCache/Boot.ddc.
[2017.06.22-17.04.20:166][  0]LogDerivedDataCache:Display: Loaded Boot cache: C:/Users/Iuli/AppData/Local/UnrealEngine/4.15/DerivedDataCache/Boot.ddc
[2017.06.22-17.04.20:166][  0]LogDerivedDataCache: FDerivedDataBackendGraph:  Pak pak cache file ../../../../../../Users/Iuli/Documents/Unreal Projects/MyProject3/DerivedDataCache/DDC.ddp not found, will not use a pak cache.
[2017.06.22-17.04.20:166][  0]LogDerivedDataCache: Unable to find inner node Pak for hierarchical cache Hierarchy.
[2017.06.22-17.04.20:166][  0]LogDerivedDataCache: FDerivedDataBackendGraph:  CompressedPak pak cache file ../../../../../../Users/Iuli/Documents/Unreal Projects/MyProject3/DerivedDataCache/Compressed.ddp not found, will not use a pak cache.
[2017.06.22-17.04.20:166][  0]LogDerivedDataCache: Unable to find inner node CompressedPak for hierarchical cache Hierarchy.
[2017.06.22-17.04.20:186][  0]LogDerivedDataCache:Display: Pak cache opened for reading ../../../Engine/DerivedDataCache/Compressed.ddp.
[2017.06.22-17.04.20:198][  0]LogDerivedDataCache: Using Local data cache path C:/Users/Iuli/AppData/Local/UnrealEngine/Common/DerivedDataCache: Writable
[2017.06.22-17.04.20:208][  0]LogSlate: Using Freetype 2.6.0
[2017.06.22-17.04.20:209][  0]LogSlate: SlateFontCache - WITH_FREETYPE: 1, WITH_HARFBUZZ: 1
[2017.06.22-17.04.20:209][  0]LogSlate: SlateFontCache - WITH_FREETYPE: 1, WITH_HARFBUZZ: 1
[2017.06.22-17.04.20:521][  0]LogInit: Selected Device Profile: [Windows]
[2017.06.22-17.04.20:523][  0]LogContentStreaming: Texture pool size is 0.00 MB
[2017.06.22-17.04.20:738][  0]LogMeshUtilities: Using QuadricMeshReduction for automatic static mesh reduction
[2017.06.22-17.04.20:782][  0]LogSimplygon: Simplygon DLL not present - disabling.
[2017.06.22-17.04.20:832][  0]LogMeshUtilities: Using SimplygonSwarm for distributed automatic mesh merging
[2017.06.22-17.04.20:832][  0]LogMeshUtilities: No automatic skeletal mesh reduction module available
[2017.06.22-17.04.20:832][  0]LogMeshUtilities: No automatic mesh merging module available
[2017.06.22-17.04.21:413][  0]LogNetVersion: GetLocalNetworkVersion: CL: 3299760, ProjectName: myproject3, ProjectVersion: , EngineNetworkVersion: 2, GameNetworkVersion: 0, NetworkChecksum: 2476145178
[2017.06.22-17.04.21:460][  0]LogAssetRegistry: FAssetRegistry took 0.0222 seconds to start up
[2017.06.22-17.04.21:494][  0]LogPackageLocalizationCache: Processed 3 localized package path(s) for 1 prioritized culture(s) in 0.011722 seconds
[2017.06.22-17.04.21:501][  0]LogUObjectArray: 32493 objects as part of root set at end of initial load.
[2017.06.22-17.04.21:501][  0]LogUObjectAllocator: 7077032 out of 0 bytes used by permanent object pool.
[2017.06.22-17.04.21:501][  0]LogUObjectArray: CloseDisregardForGC: 0/0 objects in disregard for GC pool
[2017.06.22-17.04.21:565][  0]LogInit: WinSock: version 1.1 (2.2), MaxSocks=32767, MaxUdp=65467
[2017.06.22-17.04.23:309][  0]LogTcpMessaging: Initializing TcpMessaging bridge
[2017.06.22-17.04.23:372][  0]LogUdpMessaging: Initializing bridge on interface 0.0.0.0:0 to multicast group 230.0.0.1:6666.
[2017.06.22-17.04.23:849][  0]LogMaterial: Uniform references updated for custom material expression Custom.
[2017.06.22-17.04.24:245][  0]SourceControl: Info Source control is disabled
[2017.06.22-17.04.24:246][  0]SourceControl: Info Source control is disabled
[2017.06.22-17.04.24:297][  0]SourceControl: Info Source control is disabled
[2017.06.22-17.04.24:349][  0]SourceControl: Info Source control is disabled
[2017.06.22-17.04.25:713][  0]LogEngine: Initializing Engine...
[2017.06.22-17.04.25:714][  0]LogHMD: Failed to initialize OpenVR with code 110
[2017.06.22-17.04.25:822][  0]LogStats: UGameplayTagsManager::ConstructGameplayTagTree: Construct from data asset -  0.000 s
[2017.06.22-17.04.25:822][  0]LogStats: UGameplayTagsManager::ConstructGameplayTagTree: GameplayTagTreeChangedEvent.Broadcast -  0.000 s
[2017.06.22-17.04.25:951][  0]LogAIModule: Creating AISystem for world Untitled
[2017.06.22-17.04.25:959][  0]LogInit: XAudio2 using 'Speakers (USB PnP Sound Device)' : 2 channels at 44.1 kHz using 16 bits per sample (channel mask 0x3)
[2017.06.22-17.04.25:965][  0]LogInit: FAudioDevice initialized.
[2017.06.22-17.04.25:992][  0]LogDerivedDataCache: Saved boot cache 0.03s 50MB C:/Users/Iuli/AppData/Local/UnrealEngine/4.15/DerivedDataCache/Boot.ddc.
[2017.06.22-17.04.25:999][  0]LogInit: Texture streaming: Enabled
[2017.06.22-17.04.26:090][  0]LogEngineSessionManager: EngineSessionManager initialized
[2017.06.22-17.04.26:180][  0]LogInit: Transaction tracking system initialized
[2017.06.22-17.04.26:543][  0]BlueprintLog: New page: Editor Load
[2017.06.22-17.04.27:547][  0]LocalizationService: Info Localization service is disabled
[2017.06.22-17.04.28:259][  0]LogConsoleResponse:Display: 
[2017.06.22-17.04.28:389][  0]LogFileCache: Scanning file cache for directory 'C:/Users/Iuli/Documents/Unreal Projects/MyProject3/Content/' took 0.01s
[2017.06.22-17.04.28:389][  0]LogCook:Display: Max memory allowance for cook 16384mb min free memory 0mb
[2017.06.22-17.04.28:389][  0]LogCook:Display: Mobile HDR setting 1
[2017.06.22-17.04.29:471][  0]SourceControl: Info Source control is disabled
[2017.06.22-17.04.29:472][  0]LogFactory: FactoryCreateFile: PackFactory with PackFactory (0 0 C:/Program Files/Epic Games/UE_4.15/FeaturePacks/StarterContent.upack)
[2017.06.22-17.04.29:789][  0]LogPackFactory: Finished extracting 8 files (including 0 errors).
[2017.06.22-17.04.29:830][  0]LogPackFactory: Copied "../../../Samples/StarterContent/Content/StarterContent/Architecture/Floor_400x400.uasset" to "../../../../../../Users/Iuli/Documents/Unreal Projects/MyProject3/Content/StarterContent/Architecture/Floor_400x400.uasset"
[2017.06.22-17.04.29:848][  0]LogPackFactory: Copied "../../../Samples/StarterContent/Content/StarterContent/Architecture/Pillar_50x500.uasset" to "../../../../../../Users/Iuli/Documents/Unreal Projects/MyProject3/Content/StarterContent/Architecture/Pillar_50x500.uasset"
[2017.06.22-17.04.29:937][  0]LogPackFactory: Copied "../../../Samples/StarterContent/Content/StarterContent/Architecture/SM_AssetPlatform.uasset" to "../../../../../../Users/Iuli/Documents/Unreal Projects/MyProject3/Content/StarterContent/Architecture/SM_AssetPlatform.uasset"
[2017.06.22-17.04.29:961][  0]LogPackFactory: Copied "../../../Samples/StarterContent/Content/StarterContent/Architecture/Wall_400x200.uasset" to "../../../../../../Users/Iuli/Documents/Unreal Projects/MyProject3/Content/StarterContent/Architecture/Wall_400x200.uasset"
[2017.06.22-17.04.29:985][  0]LogPackFactory: Copied "../../../Samples/StarterContent/Content/StarterContent/Architecture/Wall_400x300.uasset" to "../../../../../../Users/Iuli/Documents/Unreal Projects/MyProject3/Content/StarterContent/Architecture/Wall_400x300.uasset"
[2017.06.22-17.04.30:010][  0]LogPackFactory: Copied "../../../Samples/StarterContent/Content/StarterContent/Architecture/Wall_400x400.uasset" to "../../../../../../Users/Iuli/Documents/Unreal Projects/MyProject3/Content/StarterContent/Architecture/Wall_400x400.uasset"
[2017.06.22-17.04.30:032][  0]LogPackFactory: Copied "../../../Samples/StarterContent/Content/StarterContent/Architecture/Wall_500x500.uasset" to "../../../../../../Users/Iuli/Documents/Unreal Projects/MyProject3/Content/StarterContent/Architecture/Wall_500x500.uasset"
[2017.06.22-17.04.30:055][  0]LogPackFactory: Copied "../../../Samples/StarterContent/Content/StarterContent/Architecture/Wall_Door_400x300.uasset" to "../../../../../../Users/Iuli/Documents/Unreal Projects/MyProject3/Content/StarterContent/Architecture/Wall_Door_400x300.uasset"
[2017.06.22-17.04.30:067][  0]LogPackFactory: Copied "../../../Samples/StarterContent/Content/StarterContent/Architecture/Wall_Door_400x400.uasset" to "../../../../../../Users/Iuli/Documents/Unreal Projects/MyProject3/Content/StarterContent/Architecture/Wall_Door_400x400.uasset"
[2017.06.22-17.04.30:085][  0]LogPackFactory: Copied "../../../Samples/StarterContent/Content/StarterContent/Architecture/Wall_Window_400x300.uasset" to "../../../../../../Users/Iuli/Documents/Unreal Projects/MyProject3/Content/StarterContent/Architecture/Wall_Window_400x300.uasset"
[2017.06.22-17.04.30:113][  0]LogPackFactory: Copied "../../../Samples/StarterContent/Content/StarterContent/Architecture/Wall_Window_400x400.uasset" to "../../../../../../Users/Iuli/Documents/Unreal Projects/MyProject3/Content/StarterContent/Architecture/Wall_Window_400x400.uasset"
[2017.06.22-17.04.30:312][  0]LogPackFactory: Copied "../../../Samples/StarterContent/Content/StarterContent/Audio/Collapse01.uasset" to "../../../../../../Users/Iuli/Documents/Unreal Projects/MyProject3/Content/StarterContent/Audio/Collapse01.uasset"
[2017.06.22-17.04.30:389][  0]LogPackFactory: Copied "../../../Samples/StarterContent/Content/StarterContent/Audio/Collapse02.uasset" to "../../../../../../Users/Iuli/Documents/Unreal Projects/MyProject3/Content/StarterContent/Audio/Collapse02.uasset"
[2017.06.22-17.04.30:434][  0]LogPackFactory: Copied "../../../Samples/StarterContent/Content/StarterContent/Audio/Collapse_Cue.uasset" to "../../../../../../Users/Iuli/Documents/Unreal Projects/MyProject3/Content/StarterContent/Audio/Collapse_Cue.uasset"
[2017.06.22-17.04.30:523][  0]LogPackFactory: Copied "../../../Samples/StarterContent/Content/StarterContent/Audio/Explosion01.uasset" to "../../../../../../Users/Iuli/Documents/Unreal Projects/MyProject3/Content/StarterContent/Audio/Explosion01.uasset"
[2017.06.22-17.04.30:586][  0]LogPackFactory: Copied "../../../Samples/StarterContent/Content/StarterContent/Audio/Explosion02.uasset" to "../../../../../../Users/Iuli/Documents/Unreal Projects/MyProject3/Content/StarterContent/Audio/Explosion02.uasset"
[2017.06.22-17.04.30:606][  0]LogPackFactory: Copied "../../../Samples/StarterContent/Content/StarterContent/Audio/Explosion_Cue.uasset" to "../../../../../../Users/Iuli/Documents/Unreal Projects/MyProject3/Content/StarterContent/Audio/Explosion_Cue.uasset"
[2017.06.22-17.04.30:696][  0]LogPackFactory: Copied "../../../Samples/StarterContent/Content/StarterContent/Audio/Fire01.uasset" to "../../../../../../Users/Iuli/Documents/Unreal Projects/MyProject3/Content/StarterContent/Audio/Fire01.uasset"
[2017.06.22-17.04.30:717][  0]LogPackFactory: Copied "../../../Samples/StarterContent/Content/StarterContent/Audio/Fire01_Cue.uasset" to "../../../../../../Users/Iuli/Documents/Unreal Projects/MyProject3/Content/StarterContent/Audio/Fire01_Cue.uasset"
[2017.06.22-17.04.30:846][  0]LogPackFactory: Copied "../../../Samples/StarterContent/Content/StarterContent/Audio/Fire_Sparks01.uasset" to "../../../../../../Users/Iuli/Documents/Unreal Projects/MyProject3/Content/StarterContent/Audio/Fire_Sparks01.uasset"
[2017.06.22-17.04.30:867][  0]LogPackFactory: Copied "../../../Samples/StarterContent/Content/StarterContent/Audio/Fire_Sparks01_Cue.uasset" to "../../../../../../Users/Iuli/Documents/Unreal Projects/MyProject3/Content/StarterContent/Audio/Fire_Sparks01_Cue.uasset"
[2017.06.22-17.04.30:898][  0]LogPackFactory: Copied "../../../Samples/StarterContent/Content/StarterContent/Audio/Light01.uasset" to "../../../../../../Users/Iuli/Documents/Unreal Projects/MyProject3/Content/StarterContent/Audio/Light01.uasset"
[2017.06.22-17.04.30:923][  0]LogPackFactory: Copied "../../../Samples/StarterContent/Content/StarterContent/Audio/Light01_Cue.uasset" to "../../../../../../Users/Iuli/Documents/Unreal Projects/MyProject3/Content/StarterContent/Audio/Light01_Cue.uasset"
[2017.06.22-17.04.30:941][  0]LogPackFactory: Copied "../../../Samples/StarterContent/Content/StarterContent/Audio/Light02.uasset" to "../../../../../../Users/Iuli/Documents/Unreal Projects/MyProject3/Content/StarterContent/Audio/Light02.uasset"
[2017.06.22-17.04.30:980][  0]LogPackFactory: Copied "../../../Samples/StarterContent/Content/StarterContent/Audio/Light02_Cue.uasset" to "../../../../../../Users/Iuli/Documents/Unreal Projects/MyProject3/Content/StarterContent/Audio/Light02_Cue.uasset"
[2017.06.22-17.04.31:068][  0]LogPackFactory: Copied "../../../Samples/StarterContent/Content/StarterContent/Audio/Smoke01.uasset" to "../../../../../../Users/Iuli/Documents/Unreal Projects/MyProject3/Content/StarterContent/Audio/Smoke01.uasset"
[2017.06.22-17.04.31:094][  0]LogPackFactory: Copied "../../../Samples/StarterContent/Content/StarterContent/Audio/Smoke01_Cue.uasset" to "../../../../../../Users/Iuli/Documents/Unreal Projects/MyProject3/Content/StarterContent/Audio/Smoke01_Cue.uasset"
[2017.06.22-17.04.31:108][  0]LogPackFactory: Copied "../../../Samples/StarterContent/Content/StarterContent/Audio/Starter_Background_Cue.uasset" to "../../../../../../Users/Iuli/Documents/Unreal Projects/MyProject3/Content/StarterContent/Audio/Starter_Background_Cue.uasset"
[2017.06.22-17.04.31:425][  0]LogPackFactory: Copied "../../../Samples/StarterContent/Content/StarterContent/Audio/Starter_Birds01.uasset" to "../../../../../../Users/Iuli/Documents/Unreal Projects/MyProject3/Content/StarterContent/Audio/Starter_Birds01.uasset"
[2017.06.22-17.04.32:248][  0]LogPackFactory: Copied "../../../Samples/StarterContent/Content/StarterContent/Audio/Starter_Music01.uasset" to "../../../../../../Users/Iuli/Documents/Unreal Projects/MyProject3/Content/StarterContent/Audio/Starter_Music01.uasset"
[2017.06.22-17.04.32:289][  0]LogPackFactory: Copied "../../../Samples/StarterContent/Content/StarterContent/Audio/Starter_Music_Cue.uasset" to "../../../../../../Users/Iuli/Documents/Unreal Projects/MyProject3/Content/StarterContent/Audio/Starter_Music_Cue.uasset"
[2017.06.22-17.04.32:468][  0]LogPackFactory: Copied "../../../Samples/StarterContent/Content/StarterContent/Audio/Starter_Wind05.uasset" to "../../../../../../Users/Iuli/Documents/Unreal Projects/MyProject3/Content/StarterContent/Audio/Starter_Wind05.uasset"
[2017.06.22-17.04.32:691][  0]LogPackFactory: Copied "../../../Samples/StarterContent/Content/StarterContent/Audio/Starter_Wind06.uasset" to "../../../../../../Users/Iuli/Documents/Unreal Projects/MyProject3/Content/StarterContent/Audio/Starter_Wind06.uasset"
[2017.06.22-17.04.32:840][  0]LogPackFactory: Copied "../../../Samples/StarterContent/Content/StarterContent/Audio/Steam01.uasset" to "../../../../../../Users/Iuli/Documents/Unreal Projects/MyProject3/Content/StarterContent/Audio/Steam01.uasset"
[2017.06.22-17.04.32:863][  0]LogPackFactory: Copied "../../../Samples/StarterContent/Content/StarterContent/Audio/Steam01_Cue.uasset" to "../../../../../../Users/Iuli/Documents/Unreal Projects/MyProject3/Content/StarterContent/Audio/Steam01_Cue.uasset"
[2017.06.22-17.04.32:890][  0]LogPackFactory: Copied "../../../Samples/StarterContent/Content/StarterContent/Blueprints/Blueprint_CeilingLight.uasset" to "../../../../../../Users/Iuli/Documents/Unreal Projects/MyProject3/Content/StarterContent/Blueprints/Blueprint_CeilingLight.uasset"
[2017.06.22-17.04.32:913][  0]LogPackFactory: Copied "../../../Samples/StarterContent/Content/StarterContent/Blueprints/Blueprint_Effect_Explosion.uasset" to "../../../../../../Users/Iuli/Documents/Unreal Projects/MyProject3/Content/StarterContent/Blueprints/Blueprint_Effect_Explosion.uasset"
[2017.06.22-17.04.32:951][  0]LogPackFactory: Copied "../../../Samples/StarterContent/Content/StarterContent/Blueprints/Blueprint_Effect_Fire.uasset" to "../../../../../../Users/Iuli/Documents/Unreal Projects/MyProject3/Content/StarterContent/Blueprints/Blueprint_Effect_Fire.uasset"
[2017.06.22-17.04.33:090][  0]LogPackFactory: Copied "../../../Samples/StarterContent/Content/StarterContent/Blueprints/Blueprint_Effect_Smoke.uasset" to "../../../../../../Users/Iuli/Documents/Unreal Projects/MyProject3/Content/StarterContent/Blueprints/Blueprint_Effect_Smoke.uasset"
[2017.06.22-17.04.33:120][  0]LogPackFactory: Copied "../../../Samples/StarterContent/Content/StarterContent/Blueprints/Blueprint_Effect_Sparks.uasset" to "../../../../../../Users/Iuli/Documents/Unreal Projects/MyProject3/Content/StarterContent/Blueprints/Blueprint_Effect_Sparks.uasset"
[2017.06.22-17.04.33:140][  0]LogPackFactory: Copied "../../../Samples/StarterContent/Content/StarterContent/Blueprints/Blueprint_Effect_Steam.uasset" to "../../../../../../Users/Iuli/Documents/Unreal Projects/MyProject3/Content/StarterContent/Blueprints/Blueprint_Effect_Steam.uasset"
[2017.06.22-17.04.33:187][  0]LogPackFactory: Copied "../../../Samples/StarterContent/Content/StarterContent/Blueprints/Blueprint_WallSconce.uasset" to "../../../../../../Users/Iuli/Documents/Unreal Projects/MyProject3/Content/StarterContent/Blueprints/Blueprint_WallSconce.uasset"
[2017.06.22-17.04.33:231][  0]LogPackFactory: Copied "../../../Samples/StarterContent/Content/StarterContent/Blueprints/BP_LightStudio.uasset" to "../../../../../../Users/Iuli/Documents/Unreal Projects/MyProject3/Content/StarterContent/Blueprints/BP_LightStudio.uasset"
[2017.06.22-17.04.33:287][  0]LogPackFactory: Copied "../../../Samples/StarterContent/Content/StarterContent/Blueprints/Assets/FogBrightnessLUT.uasset" to "../../../../../../Users/Iuli/Documents/Unreal Projects/MyProject3/Content/StarterContent/Blueprints/Assets/FogBrightnessLUT.uasset"
[2017.06.22-17.04.33:310][  0]LogPackFactory: Copied "../../../Samples/StarterContent/Content/StarterContent/Blueprints/Assets/M_LightStage_Arrows.uasset" to "../../../../../../Users/Iuli/Documents/Unreal Projects/MyProject3/Content/StarterContent/Blueprints/Assets/M_LightStage_Arrows.uasset"
[2017.06.22-17.04.33:330][  0]LogPackFactory: Copied "../../../Samples/StarterContent/Content/StarterContent/Blueprints/Assets/M_LightStage_Skybox_Black.uasset" to "../../../../../../Users/Iuli/Documents/Unreal Projects/MyProject3/Content/StarterContent/Blueprints/Assets/M_LightStage_Skybox_Black.uasset"
[2017.06.22-17.04.33:368][  0]LogPackFactory: Copied "../../../Samples/StarterContent/Content/StarterContent/Blueprints/Assets/M_LightStage_Skybox_HDRI.uasset" to "../../../../../../Users/Iuli/Documents/Unreal Projects/MyProject3/Content/StarterContent/Blueprints/Assets/M_LightStage_Skybox_HDRI.uasset"
[2017.06.22-17.04.33:432][  0]LogPackFactory: Copied "../../../Samples/StarterContent/Content/StarterContent/Blueprints/Assets/M_LightStage_Skybox_Master.uasset" to "../../../../../../Users/Iuli/Documents/Unreal Projects/MyProject3/Content/StarterContent/Blueprints/Assets/M_LightStage_Skybox_Master.uasset"
[2017.06.22-17.04.33:571][  0]LogPackFactory: Copied "../../../Samples/StarterContent/Content/StarterContent/Blueprints/Assets/Skybox.uasset" to "../../../../../../Users/Iuli/Documents/Unreal Projects/MyProject3/Content/StarterContent/Blueprints/Assets/Skybox.uasset"
[2017.06.22-17.04.33:660][  0]LogPackFactory: Copied "../../../Samples/StarterContent/Content/StarterContent/Blueprints/Assets/SM_Arrows.uasset" to "../../../../../../Users/Iuli/Documents/Unreal Projects/MyProject3/Content/StarterContent/Blueprints/Assets/SM_Arrows.uasset"
[2017.06.22-17.04.33:679][  0]LogPackFactory: Copied "../../../Samples/StarterContent/Content/StarterContent/Blueprints/Assets/SunlightColorLUT.uasset" to "../../../../../../Users/Iuli/Documents/Unreal Projects/MyProject3/Content/StarterContent/Blueprints/Assets/SunlightColorLUT.uasset"
[2017.06.22-17.04.35:328][  0]LogPackFactory: Copied "../../../Samples/StarterContent/Content/StarterContent/HDRI/HDRI_Epic_Courtyard_Daylight.uasset" to "../../../../../../Users/Iuli/Documents/Unreal Projects/MyProject3/Content/StarterContent/HDRI/HDRI_Epic_Courtyard_Daylight.uasset"
[2017.06.22-17.04.35:413][  0]LogPackFactory: Copied "../../../Samples/StarterContent/Content/StarterContent/Maps/Advanced_Lighting.umap" to "../../../../../../Users/Iuli/Documents/Unreal Projects/MyProject3/Content/StarterContent/Maps/Advanced_Lighting.umap"
[2017.06.22-17.04.35:457][  0]LogPackFactory: Copied "../../../Samples/StarterContent/Content/StarterContent/Maps/Advanced_Lighting_BuiltData.uasset" to "../../../../../../Users/Iuli/Documents/Unreal Projects/MyProject3/Content/StarterContent/Maps/Advanced_Lighting_BuiltData.uasset"
[2017.06.22-17.04.35:593][  0]LogPackFactory: Copied "../../../Samples/StarterContent/Content/StarterContent/Maps/Minimal_Default.umap" to "../../../../../../Users/Iuli/Documents/Unreal Projects/MyProject3/Content/StarterContent/Maps/Minimal_Default.umap"
[2017.06.22-17.04.35:989][  0]LogPackFactory: Copied "../../../Samples/StarterContent/Content/StarterContent/Maps/Minimal_Default_BuiltData.uasset" to "../../../../../../Users/Iuli/Documents/Unreal Projects/MyProject3/Content/StarterContent/Maps/Minimal_Default_BuiltData.uasset"
[2017.06.22-17.04.36:865][  0]LogPackFactory: Copied "../../../Samples/StarterContent/Content/StarterContent/Maps/StarterMap.umap" to "../../../../../../Users/Iuli/Documents/Unreal Projects/MyProject3/Content/StarterContent/Maps/StarterMap.umap"
[2017.06.22-17.04.38:313][  0]LogPackFactory: Copied "../../../Samples/StarterContent/Content/StarterContent/Maps/StarterMap_BuiltData.uasset" to "../../../../../../Users/Iuli/Documents/Unreal Projects/MyProject3/Content/StarterContent/Maps/StarterMap_BuiltData.uasset"
[2017.06.22-17.04.38:411][  0]LogPackFactory: Copied "../../../Samples/StarterContent/Content/StarterContent/Materials/M_AssetPlatform.uasset" to "../../../../../../Users/Iuli/Documents/Unreal Projects/MyProject3/Content/StarterContent/Materials/M_AssetPlatform.uasset"
[2017.06.22-17.04.38:558][  0]LogPackFactory: Copied "../../../Samples/StarterContent/Content/StarterContent/Materials/M_Basic_Floor.uasset" to "../../../../../../Users/Iuli/Documents/Unreal Projects/MyProject3/Content/StarterContent/Materials/M_Basic_Floor.uasset"
[2017.06.22-17.04.38:697][  0]LogPackFactory: Copied "../../../Samples/StarterContent/Content/StarterContent/Materials/M_Basic_Wall.uasset" to "../../../../../../Users/Iuli/Documents/Unreal Projects/MyProject3/Content/StarterContent/Materials/M_Basic_Wall.uasset"
[2017.06.22-17.04.38:795][  0]LogPackFactory: Copied "../../../Samples/StarterContent/Content/StarterContent/Materials/M_Brick_Clay_Beveled.uasset" to "../../../../../../Users/Iuli/Documents/Unreal Projects/MyProject3/Content/StarterContent/Materials/M_Brick_Clay_Beveled.uasset"
[2017.06.22-17.04.38:850][  0]LogPackFactory: Copied "../../../Samples/StarterContent/Content/StarterContent/Materials/M_Brick_Clay_New.uasset" to "../../../../../../Users/Iuli/Documents/Unreal Projects/MyProject3/Content/StarterContent/Materials/M_Brick_Clay_New.uasset"
[2017.06.22-17.04.38:908][  0]LogPackFactory: Copied "../../../Samples/StarterContent/Content/StarterContent/Materials/M_Brick_Clay_Old.uasset" to "../../../../../../Users/Iuli/Documents/Unreal Projects/MyProject3/Content/StarterContent/Materials/M_Brick_Clay_Old.uasset"
[2017.06.22-17.04.38:963][  0]LogPackFactory: Copied "../../../Samples/StarterContent/Content/StarterContent/Materials/M_Brick_Cut_Stone.uasset" to "../../../../../../Users/Iuli/Documents/Unreal Projects/MyProject3/Content/StarterContent/Materials/M_Brick_Cut_Stone.uasset"
[2017.06.22-17.04.38:998][  0]LogPackFactory: Copied "../../../Samples/StarterContent/Content/StarterContent/Materials/M_Brick_Hewn_Stone.uasset" to "../../../../../../Users/Iuli/Documents/Unreal Projects/MyProject3/Content/StarterContent/Materials/M_Brick_Hewn_Stone.uasset"
[2017.06.22-17.04.39:024][  0]LogPackFactory: Copied "../../../Samples/StarterContent/Content/StarterContent/Materials/M_Ceramic_Tile_Checker.uasset" to "../../../../../../Users/Iuli/Documents/Unreal Projects/MyProject3/Content/StarterContent/Materials/M_Ceramic_Tile_Checker.uasset"
[2017.06.22-17.04.39:036][  0]LogPackFactory: Copied "../../../Samples/StarterContent/Content/StarterContent/Materials/M_CobbleStone_Pebble.uasset" to "../../../../../../Users/Iuli/Documents/Unreal Projects/MyProject3/Content/StarterContent/Materials/M_CobbleStone_Pebble.uasset"
[2017.06.22-17.04.39:128][  0]LogPackFactory: Copied "../../../Samples/StarterContent/Content/StarterContent/Materials/M_CobbleStone_Rough.uasset" to "../../../../../../Users/Iuli/Documents/Unreal Projects/MyProject3/Content/StarterContent/Materials/M_CobbleStone_Rough.uasset"
[2017.06.22-17.04.39:384][  0]LogPackFactory: Copied "../../../Samples/StarterContent/Content/StarterContent/Materials/M_CobbleStone_Smooth.uasset" to "../../../../../../Users/Iuli/Documents/Unreal Projects/MyProject3/Content/StarterContent/Materials/M_CobbleStone_Smooth.uasset"
[2017.06.22-17.04.39:416][  0]LogPackFactory: Copied "../../../Samples/StarterContent/Content/StarterContent/Materials/M_ColorGrid_LowSpec.uasset" to "../../../../../../Users/Iuli/Documents/Unreal Projects/MyProject3/Content/StarterContent/Materials/M_ColorGrid_LowSpec.uasset"
[2017.06.22-17.04.39:442][  0]LogPackFactory: Copied "../../../Samples/StarterContent/Content/StarterContent/Materials/M_Concrete_Grime.uasset" to "../../../../../../Users/Iuli/Documents/Unreal Projects/MyProject3/Content/StarterContent/Materials/M_Concrete_Grime.uasset"
[2017.06.22-17.04.39:494][  0]LogPackFactory: Copied "../../../Samples/StarterContent/Content/StarterContent/Materials/M_Concrete_Panels.uasset" to "../../../../../../Users/Iuli/Documents/Unreal Projects/MyProject3/Content/StarterContent/Materials/M_Concrete_Panels.uasset"
[2017.06.22-17.04.39:551][  0]LogPackFactory: Copied "../../../Samples/StarterContent/Content/StarterContent/Materials/M_Concrete_Poured.uasset" to "../../../../../../Users/Iuli/Documents/Unreal Projects/MyProject3/Content/StarterContent/Materials/M_Concrete_Poured.uasset"
[2017.06.22-17.04.39:611][  0]LogPackFactory: Copied "../../../Samples/StarterContent/Content/StarterContent/Materials/M_Concrete_Tiles.uasset" to "../../../../../../Users/Iuli/Documents/Unreal Projects/MyProject3/Content/StarterContent/Materials/M_Concrete_Tiles.uasset"
[2017.06.22-17.04.39:660][  0]LogPackFactory: Copied "../../../Samples/StarterContent/Content/StarterContent/Materials/M_Glass.uasset" to "../../../../../../Users/Iuli/Documents/Unreal Projects/MyProject3/Content/StarterContent/Materials/M_Glass.uasset"
[2017.06.22-17.04.39:681][  0]LogPackFactory: Copied "../../../Samples/StarterContent/Content/StarterContent/Materials/M_Ground_Grass.uasset" to "../../../../../../Users/Iuli/Documents/Unreal Projects/MyProject3/Content/StarterContent/Materials/M_Ground_Grass.uasset"
[2017.06.22-17.04.39:697][  0]LogPackFactory: Copied "../../../Samples/StarterContent/Content/StarterContent/Materials/M_Ground_Gravel.uasset" to "../../../../../../Users/Iuli/Documents/Unreal Projects/MyProject3/Content/StarterContent/Materials/M_Ground_Gravel.uasset"
[2017.06.22-17.04.39:854][  0]LogPackFactory: Copied "../../../Samples/StarterContent/Content/StarterContent/Materials/M_Ground_Moss.uasset" to "../../../../../../Users/Iuli/Documents/Unreal Projects/MyProject3/Content/StarterContent/Materials/M_Ground_Moss.uasset"
[2017.06.22-17.04.40:002][  0]LogPackFactory: Copied "../../../Samples/StarterContent/Content/StarterContent/Materials/M_Metal_Brushed_Nickel.uasset" to "../../../../../../Users/Iuli/Documents/Unreal Projects/MyProject3/Content/StarterContent/Materials/M_Metal_Brushed_Nickel.uasset"
[2017.06.22-17.04.40:099][  0]LogPackFactory: Copied "../../../Samples/StarterContent/Content/StarterContent/Materials/M_Metal_Burnished_Steel.uasset" to "../../../../../../Users/Iuli/Documents/Unreal Projects/MyProject3/Content/StarterContent/Materials/M_Metal_Burnished_Steel.uasset"
[2017.06.22-17.04.40:138][  0]LogPackFactory: Copied "../../../Samples/StarterContent/Content/StarterContent/Materials/M_Metal_Chrome.uasset" to "../../../../../../Users/Iuli/Documents/Unreal Projects/MyProject3/Content/StarterContent/Materials/M_Metal_Chrome.uasset"
[2017.06.22-17.04.40:181][  0]LogPackFactory: Copied "../../../Samples/StarterContent/Content/StarterContent/Materials/M_Metal_Copper.uasset" to "../../../../../../Users/Iuli/Documents/Unreal Projects/MyProject3/Content/StarterContent/Materials/M_Metal_Copper.uasset"
[2017.06.22-17.04.40:251][  0]LogPackFactory: Copied "../../../Samples/StarterContent/Content/StarterContent/Materials/M_Metal_Gold.uasset" to "../../../../../../Users/Iuli/Documents/Unreal Projects/MyProject3/Content/StarterContent/Materials/M_Metal_Gold.uasset"
[2017.06.22-17.04.40:277][  0]LogPackFactory: Copied "../../../Samples/StarterContent/Content/StarterContent/Materials/M_Metal_Rust.uasset" to "../../../../../../Users/Iuli/Documents/Unreal Projects/MyProject3/Content/StarterContent/Materials/M_Metal_Rust.uasset"
[2017.06.22-17.04.40:291][  0]LogPackFactory: Copied "../../../Samples/StarterContent/Content/StarterContent/Materials/M_Metal_Steel.uasset" to "../../../../../../Users/Iuli/Documents/Unreal Projects/MyProject3/Content/StarterContent/Materials/M_Metal_Steel.uasset"
[2017.06.22-17.04.40:324][  0]LogPackFactory: Copied "../../../Samples/StarterContent/Content/StarterContent/Materials/M_Rock_Basalt.uasset" to "../../../../../../Users/Iuli/Documents/Unreal Projects/MyProject3/Content/StarterContent/Materials/M_Rock_Basalt.uasset"
[2017.06.22-17.04.40:397][  0]LogPackFactory: Copied "../../../Samples/StarterContent/Content/StarterContent/Materials/M_Rock_Marble_Polished.uasset" to "../../../../../../Users/Iuli/Documents/Unreal Projects/MyProject3/Content/StarterContent/Materials/M_Rock_Marble_Polished.uasset"
[2017.06.22-17.04.40:495][  0]LogPackFactory: Copied "../../../Samples/StarterContent/Content/StarterContent/Materials/M_Rock_Sandstone.uasset" to "../../../../../../Users/Iuli/Documents/Unreal Projects/MyProject3/Content/StarterContent/Materials/M_Rock_Sandstone.uasset"
[2017.06.22-17.04.40:535][  0]LogPackFactory: Copied "../../../Samples/StarterContent/Content/StarterContent/Materials/M_Rock_Slate.uasset" to "../../../../../../Users/Iuli/Documents/Unreal Projects/MyProject3/Content/StarterContent/Materials/M_Rock_Slate.uasset"
[2017.06.22-17.04.40:589][  0]LogPackFactory: Copied "../../../Samples/StarterContent/Content/StarterContent/Materials/M_Tech_Checker_Dot.uasset" to "../../../../../../Users/Iuli/Documents/Unreal Projects/MyProject3/Content/StarterContent/Materials/M_Tech_Checker_Dot.uasset"
[2017.06.22-17.04.40:650][  0]LogPackFactory: Copied "../../../Samples/StarterContent/Content/StarterContent/Materials/M_Tech_Hex_Tile.uasset" to "../../../../../../Users/Iuli/Documents/Unreal Projects/MyProject3/Content/StarterContent/Materials/M_Tech_Hex_Tile.uasset"
[2017.06.22-17.04.40:708][  0]LogPackFactory: Copied "../../../Samples/StarterContent/Content/StarterContent/Materials/M_Tech_Hex_Tile_Pulse.uasset" to "../../../../../../Users/Iuli/Documents/Unreal Projects/MyProject3/Content/StarterContent/Materials/M_Tech_Hex_Tile_Pulse.uasset"
[2017.06.22-17.04.40:753][  0]LogPackFactory: Copied "../../../Samples/StarterContent/Content/StarterContent/Materials/M_Tech_Panel.uasset" to "../../../../../../Users/Iuli/Documents/Unreal Projects/MyProject3/Content/StarterContent/Materials/M_Tech_Panel.uasset"
[2017.06.22-17.04.40:823][  0]LogPackFactory: Copied "../../../Samples/StarterContent/Content/StarterContent/Materials/M_Water_Lake.uasset" to "../../../../../../Users/Iuli/Documents/Unreal Projects/MyProject3/Content/StarterContent/Materials/M_Water_Lake.uasset"
[2017.06.22-17.04.40:923][  0]LogPackFactory: Copied "../../../Samples/StarterContent/Content/StarterContent/Materials/M_Water_Ocean.uasset" to "../../../../../../Users/Iuli/Documents/Unreal Projects/MyProject3/Content/StarterContent/Materials/M_Water_Ocean.uasset"
[2017.06.22-17.04.41:028][  0]LogPackFactory: Copied "../../../Samples/StarterContent/Content/StarterContent/Materials/M_Wood_Floor_Walnut_Polished.uasset" to "../../../../../../Users/Iuli/Documents/Unreal Projects/MyProject3/Content/StarterContent/Materials/M_Wood_Floor_Walnut_Polished.uasset"
[2017.06.22-17.04.41:068][  0]LogPackFactory: Copied "../../../Samples/StarterContent/Content/StarterContent/Materials/M_Wood_Floor_Walnut_Worn.uasset" to "../../../../../../Users/Iuli/Documents/Unreal Projects/MyProject3/Content/StarterContent/Materials/M_Wood_Floor_Walnut_Worn.uasset"
[2017.06.22-17.04.41:128][  0]LogPackFactory: Copied "../../../Samples/StarterContent/Content/StarterContent/Materials/M_Wood_Oak.uasset" to "../../../../../../Users/Iuli/Documents/Unreal Projects/MyProject3/Content/StarterContent/Materials/M_Wood_Oak.uasset"
[2017.06.22-17.04.41:442][  0]LogPackFactory: Copied "../../../Samples/StarterContent/Content/StarterContent/Materials/M_Wood_Pine.uasset" to "../../../../../../Users/Iuli/Documents/Unreal Projects/MyProject3/Content/StarterContent/Materials/M_Wood_Pine.uasset"
[2017.06.22-17.04.41:523][  0]LogPackFactory: Copied "../../../Samples/StarterContent/Content/StarterContent/Materials/M_Wood_Walnut.uasset" to "../../../../../../Users/Iuli/Documents/Unreal Projects/MyProject3/Content/StarterContent/Materials/M_Wood_Walnut.uasset"
[2017.06.22-17.04.41:581][  0]LogPackFactory: Copied "../../../Samples/StarterContent/Content/StarterContent/Particles/P_Ambient_Dust.uasset" to "../../../../../../Users/Iuli/Documents/Unreal Projects/MyProject3/Content/StarterContent/Particles/P_Ambient_Dust.uasset"
[2017.06.22-17.04.41:654][  0]LogPackFactory: Copied "../../../Samples/StarterContent/Content/StarterContent/Particles/P_Explosion.uasset" to "../../../../../../Users/Iuli/Documents/Unreal Projects/MyProject3/Content/StarterContent/Particles/P_Explosion.uasset"
[2017.06.22-17.04.41:738][  0]LogPackFactory: Copied "../../../Samples/StarterContent/Content/StarterContent/Particles/P_Fire.uasset" to "../../../../../../Users/Iuli/Documents/Unreal Projects/MyProject3/Content/StarterContent/Particles/P_Fire.uasset"
[2017.06.22-17.04.41:765][  0]LogPackFactory: Copied "../../../Samples/StarterContent/Content/StarterContent/Particles/P_Smoke.uasset" to "../../../../../../Users/Iuli/Documents/Unreal Projects/MyProject3/Content/StarterContent/Particles/P_Smoke.uasset"
[2017.06.22-17.04.41:822][  0]LogPackFactory: Copied "../../../Samples/StarterContent/Content/StarterContent/Particles/P_Sparks.uasset" to "../../../../../../Users/Iuli/Documents/Unreal Projects/MyProject3/Content/StarterContent/Particles/P_Sparks.uasset"
[2017.06.22-17.04.41:866][  0]LogPackFactory: Copied "../../../Samples/StarterContent/Content/StarterContent/Particles/P_Steam_Lit.uasset" to "../../../../../../Users/Iuli/Documents/Unreal Projects/MyProject3/Content/StarterContent/Particles/P_Steam_Lit.uasset"
[2017.06.22-17.04.41:883][  0]LogPackFactory: Copied "../../../Samples/StarterContent/Content/StarterContent/Particles/Materials/M_Burst.uasset" to "../../../../../../Users/Iuli/Documents/Unreal Projects/MyProject3/Content/StarterContent/Particles/Materials/M_Burst.uasset"
[2017.06.22-17.04.41:925][  0]LogPackFactory: Copied "../../../Samples/StarterContent/Content/StarterContent/Particles/Materials/M_Dust_Particle.uasset" to "../../../../../../Users/Iuli/Documents/Unreal Projects/MyProject3/Content/StarterContent/Particles/Materials/M_Dust_Particle.uasset"
[2017.06.22-17.04.41:949][  0]LogPackFactory: Copied "../../../Samples/StarterContent/Content/StarterContent/Particles/Materials/M_explosion_subUV.uasset" to "../../../../../../Users/Iuli/Documents/Unreal Projects/MyProject3/Content/StarterContent/Particles/Materials/M_explosion_subUV.uasset"
[2017.06.22-17.04.41:964][  0]LogPackFactory: Copied "../../../Samples/StarterContent/Content/StarterContent/Particles/Materials/M_Fire_SubUV.uasset" to "../../../../../../Users/Iuli/Documents/Unreal Projects/MyProject3/Content/StarterContent/Particles/Materials/M_Fire_SubUV.uasset"
[2017.06.22-17.04.41:989][  0]LogPackFactory: Copied "../../../Samples/StarterContent/Content/StarterContent/Particles/Materials/m_flare_01.uasset" to "../../../../../../Users/Iuli/Documents/Unreal Projects/MyProject3/Content/StarterContent/Particles/Materials/m_flare_01.uasset"
[2017.06.22-17.04.42:046][  0]LogPackFactory: Copied "../../../Samples/StarterContent/Content/StarterContent/Particles/Materials/M_Heat_Distortion.uasset" to "../../../../../../Users/Iuli/Documents/Unreal Projects/MyProject3/Content/StarterContent/Particles/Materials/M_Heat_Distortion.uasset"
[2017.06.22-17.04.42:077][  0]LogPackFactory: Copied "../../../Samples/StarterContent/Content/StarterContent/Particles/Materials/M_Radial_Gradient.uasset" to "../../../../../../Users/Iuli/Documents/Unreal Projects/MyProject3/Content/StarterContent/Particles/Materials/M_Radial_Gradient.uasset"
[2017.06.22-17.04.42:118][  0]LogPackFactory: Copied "../../../Samples/StarterContent/Content/StarterContent/Particles/Materials/M_radial_ramp.uasset" to "../../../../../../Users/Iuli/Documents/Unreal Projects/MyProject3/Content/StarterContent/Particles/Materials/M_radial_ramp.uasset"
[2017.06.22-17.04.42:138][  0]LogPackFactory: Copied "../../../Samples/StarterContent/Content/StarterContent/Particles/Materials/M_smoke_subUV.uasset" to "../../../../../../Users/Iuli/Documents/Unreal Projects/MyProject3/Content/StarterContent/Particles/Materials/M_smoke_subUV.uasset"
[2017.06.22-17.04.42:167][  0]LogPackFactory: Copied "../../../Samples/StarterContent/Content/StarterContent/Particles/Materials/M_Spark.uasset" to "../../../../../../Users/Iuli/Documents/Unreal Projects/MyProject3/Content/StarterContent/Particles/Materials/M_Spark.uasset"
[2017.06.22-17.04.42:220][  0]LogPackFactory: Copied "../../../Samples/StarterContent/Content/StarterContent/Props/MaterialSphere.uasset" to "../../../../../../Users/Iuli/Documents/Unreal Projects/MyProject3/Content/StarterContent/Props/MaterialSphere.uasset"
[2017.06.22-17.04.42:284][  0]LogPackFactory: Copied "../../../Samples/StarterContent/Content/StarterContent/Props/SM_Bush.uasset" to "../../../../../../Users/Iuli/Documents/Unreal Projects/MyProject3/Content/StarterContent/Props/SM_Bush.uasset"
[2017.06.22-17.04.42:293][  0]LogPackFactory: Copied "../../../Samples/StarterContent/Content/StarterContent/Props/SM_Chair.uasset" to "../../../../../../Users/Iuli/Documents/Unreal Projects/MyProject3/Content/StarterContent/Props/SM_Chair.uasset"
[2017.06.22-17.04.42:354][  0]LogPackFactory: Copied "../../../Samples/StarterContent/Content/StarterContent/Props/SM_CornerFrame.uasset" to "../../../../../../Users/Iuli/Documents/Unreal Projects/MyProject3/Content/StarterContent/Props/SM_CornerFrame.uasset"
[2017.06.22-17.04.42:379][  0]LogPackFactory: Copied "../../../Samples/StarterContent/Content/StarterContent/Props/SM_Couch.uasset" to "../../../../../../Users/Iuli/Documents/Unreal Projects/MyProject3/Content/StarterContent/Props/SM_Couch.uasset"
[2017.06.22-17.04.42:443][  0]LogPackFactory: Copied "../../../Samples/StarterContent/Content/StarterContent/Props/SM_Door.uasset" to "../../../../../../Users/Iuli/Documents/Unreal Projects/MyProject3/Content/StarterContent/Props/SM_Door.uasset"
[2017.06.22-17.04.42:605][  0]LogPackFactory: Copied "../../../Samples/StarterContent/Content/StarterContent/Props/SM_DoorFrame.uasset" to "../../../../../../Users/Iuli/Documents/Unreal Projects/MyProject3/Content/StarterContent/Props/SM_DoorFrame.uasset"
[2017.06.22-17.04.42:793][  0]LogPackFactory: Copied "../../../Samples/StarterContent/Content/StarterContent/Props/SM_GlassWindow.uasset" to "../../../../../../Users/Iuli/Documents/Unreal Projects/MyProject3/Content/StarterContent/Props/SM_GlassWindow.uasset"
[2017.06.22-17.04.42:881][  0]LogPackFactory: Copied "../../../Samples/StarterContent/Content/StarterContent/Props/SM_Lamp_Ceiling.uasset" to "../../../../../../Users/Iuli/Documents/Unreal Projects/MyProject3/Content/StarterContent/Props/SM_Lamp_Ceiling.uasset"
[2017.06.22-17.04.42:949][  0]LogPackFactory: Copied "../../../Samples/StarterContent/Content/StarterContent/Props/SM_Lamp_Wall.uasset" to "../../../../../../Users/Iuli/Documents/Unreal Projects/MyProject3/Content/StarterContent/Props/SM_Lamp_Wall.uasset"
[2017.06.22-17.04.43:219][  0]LogPackFactory: Copied "../../../Samples/StarterContent/Content/StarterContent/Props/SM_MatPreviewMesh_02.uasset" to "../../../../../../Users/Iuli/Documents/Unreal Projects/MyProject3/Content/StarterContent/Props/SM_MatPreviewMesh_02.uasset"
[2017.06.22-17.04.43:304][  0]LogPackFactory: Copied "../../../Samples/StarterContent/Content/StarterContent/Props/SM_PillarFrame.uasset" to "../../../../../../Users/Iuli/Documents/Unreal Projects/MyProject3/Content/StarterContent/Props/SM_PillarFrame.uasset"
[2017.06.22-17.04.43:347][  0]LogPackFactory: Copied "../../../Samples/StarterContent/Content/StarterContent/Props/SM_PillarFrame300.uasset" to "../../../../../../Users/Iuli/Documents/Unreal Projects/MyProject3/Content/StarterContent/Props/SM_PillarFrame300.uasset"
[2017.06.22-17.04.43:413][  0]LogPackFactory: Copied "../../../Samples/StarterContent/Content/StarterContent/Props/SM_Rock.uasset" to "../../../../../../Users/Iuli/Documents/Unreal Projects/MyProject3/Content/StarterContent/Props/SM_Rock.uasset"
[2017.06.22-17.04.43:433][  0]LogPackFactory: Copied "../../../Samples/StarterContent/Content/StarterContent/Props/SM_Shelf.uasset" to "../../../../../../Users/Iuli/Documents/Unreal Projects/MyProject3/Content/StarterContent/Props/SM_Shelf.uasset"
[2017.06.22-17.04.43:486][  0]LogPackFactory: Copied "../../../Samples/StarterContent/Content/StarterContent/Props/SM_Stairs.uasset" to "../../../../../../Users/Iuli/Documents/Unreal Projects/MyProject3/Content/StarterContent/Props/SM_Stairs.uasset"
[2017.06.22-17.04.43:557][  0]LogPackFactory: Copied "../../../Samples/StarterContent/Content/StarterContent/Props/SM_Statue.uasset" to "../../../../../../Users/Iuli/Documents/Unreal Projects/MyProject3/Content/StarterContent/Props/SM_Statue.uasset"
[2017.06.22-17.04.43:661][  0]LogPackFactory: Copied "../../../Samples/StarterContent/Content/StarterContent/Props/SM_TableRound.uasset" to "../../../../../../Users/Iuli/Documents/Unreal Projects/MyProject3/Content/StarterContent/Props/SM_TableRound.uasset"
[2017.06.22-17.04.43:677][  0]LogPackFactory: Copied "../../../Samples/StarterContent/Content/StarterContent/Props/SM_WindowFrame.uasset" to "../../../../../../Users/Iuli/Documents/Unreal Projects/MyProject3/Content/StarterContent/Props/SM_WindowFrame.uasset"
[2017.06.22-17.04.43:748][  0]LogPackFactory: Copied "../../../Samples/StarterContent/Content/StarterContent/Props/Materials/M_Bush.uasset" to "../../../../../../Users/Iuli/Documents/Unreal Projects/MyProject3/Content/StarterContent/Props/Materials/M_Bush.uasset"
[2017.06.22-17.04.43:792][  0]LogPackFactory: Copied "../../../Samples/StarterContent/Content/StarterContent/Props/Materials/M_Chair.uasset" to "../../../../../../Users/Iuli/Documents/Unreal Projects/MyProject3/Content/StarterContent/Props/Materials/M_Chair.uasset"
[2017.06.22-17.04.43:940][  0]LogPackFactory: Copied "../../../Samples/StarterContent/Content/StarterContent/Props/Materials/M_Door.uasset" to "../../../../../../Users/Iuli/Documents/Unreal Projects/MyProject3/Content/StarterContent/Props/Materials/M_Door.uasset"
[2017.06.22-17.04.44:156][  0]LogPackFactory: Copied "../../../Samples/StarterContent/Content/StarterContent/Props/Materials/M_Frame.uasset" to "../../../../../../Users/Iuli/Documents/Unreal Projects/MyProject3/Content/StarterContent/Props/Materials/M_Frame.uasset"
[2017.06.22-17.04.44:195][  0]LogPackFactory: Copied "../../../Samples/StarterContent/Content/StarterContent/Props/Materials/M_Lamp.uasset" to "../../../../../../Users/Iuli/Documents/Unreal Projects/MyProject3/Content/StarterContent/Props/Materials/M_Lamp.uasset"
[2017.06.22-17.04.44:222][  0]LogPackFactory: Copied "../../../Samples/StarterContent/Content/StarterContent/Props/Materials/M_MaterialSphere.uasset" to "../../../../../../Users/Iuli/Documents/Unreal Projects/MyProject3/Content/StarterContent/Props/Materials/M_MaterialSphere.uasset"
[2017.06.22-17.04.44:236][  0]LogPackFactory: Copied "../../../Samples/StarterContent/Content/StarterContent/Props/Materials/M_MaterialSphere_Plain.uasset" to "../../../../../../Users/Iuli/Documents/Unreal Projects/MyProject3/Content/StarterContent/Props/Materials/M_MaterialSphere_Plain.uasset"
[2017.06.22-17.04.44:275][  0]LogPackFactory: Copied "../../../Samples/StarterContent/Content/StarterContent/Props/Materials/M_Rock.uasset" to "../../../../../../Users/Iuli/Documents/Unreal Projects/MyProject3/Content/StarterContent/Props/Materials/M_Rock.uasset"
[2017.06.22-17.04.44:299][  0]LogPackFactory: Copied "../../../Samples/StarterContent/Content/StarterContent/Props/Materials/M_Shelf.uasset" to "../../../../../../Users/Iuli/Documents/Unreal Projects/MyProject3/Content/StarterContent/Props/Materials/M_Shelf.uasset"
[2017.06.22-17.04.44:348][  0]LogPackFactory: Copied "../../../Samples/StarterContent/Content/StarterContent/Props/Materials/M_Statue.uasset" to "../../../../../../Users/Iuli/Documents/Unreal Projects/MyProject3/Content/StarterContent/Props/Materials/M_Statue.uasset"
[2017.06.22-17.04.44:394][  0]LogPackFactory: Copied "../../../Samples/StarterContent/Content/StarterContent/Props/Materials/M_StatueGlass.uasset" to "../../../../../../Users/Iuli/Documents/Unreal Projects/MyProject3/Content/StarterContent/Props/Materials/M_StatueGlass.uasset"
[2017.06.22-17.04.44:440][  0]LogPackFactory: Copied "../../../Samples/StarterContent/Content/StarterContent/Props/Materials/M_TableRound.uasset" to "../../../../../../Users/Iuli/Documents/Unreal Projects/MyProject3/Content/StarterContent/Props/Materials/M_TableRound.uasset"
[2017.06.22-17.04.44:505][  0]LogPackFactory: Copied "../../../Samples/StarterContent/Content/StarterContent/Shapes/Shape_Cone.uasset" to "../../../../../../Users/Iuli/Documents/Unreal Projects/MyProject3/Content/StarterContent/Shapes/Shape_Cone.uasset"
[2017.06.22-17.04.44:520][  0]LogPackFactory: Copied "../../../Samples/StarterContent/Content/StarterContent/Shapes/Shape_Cube.uasset" to "../../../../../../Users/Iuli/Documents/Unreal Projects/MyProject3/Content/StarterContent/Shapes/Shape_Cube.uasset"
[2017.06.22-17.04.44:559][  0]LogPackFactory: Copied "../../../Samples/StarterContent/Content/StarterContent/Shapes/Shape_Cylinder.uasset" to "../../../../../../Users/Iuli/Documents/Unreal Projects/MyProject3/Content/StarterContent/Shapes/Shape_Cylinder.uasset"
[2017.06.22-17.04.44:656][  0]LogPackFactory: Copied "../../../Samples/StarterContent/Content/StarterContent/Shapes/Shape_NarrowCapsule.uasset" to "../../../../../../Users/Iuli/Documents/Unreal Projects/MyProject3/Content/StarterContent/Shapes/Shape_NarrowCapsule.uasset"
[2017.06.22-17.04.44:694][  0]LogPackFactory: Copied "../../../Samples/StarterContent/Content/StarterContent/Shapes/Shape_Pipe.uasset" to "../../../../../../Users/Iuli/Documents/Unreal Projects/MyProject3/Content/StarterContent/Shapes/Shape_Pipe.uasset"
[2017.06.22-17.04.44:738][  0]LogPackFactory: Copied "../../../Samples/StarterContent/Content/StarterContent/Shapes/Shape_Pipe_180.uasset" to "../../../../../../Users/Iuli/Documents/Unreal Projects/MyProject3/Content/StarterContent/Shapes/Shape_Pipe_180.uasset"
[2017.06.22-17.04.44:813][  0]LogPackFactory: Copied "../../../Samples/StarterContent/Content/StarterContent/Shapes/Shape_Pipe_90.uasset" to "../../../../../../Users/Iuli/Documents/Unreal Projects/MyProject3/Content/StarterContent/Shapes/Shape_Pipe_90.uasset"
[2017.06.22-17.04.45:025][  0]LogPackFactory: Copied "../../../Samples/StarterContent/Content/StarterContent/Shapes/Shape_Plane.uasset" to "../../../../../../Users/Iuli/Documents/Unreal Projects/MyProject3/Content/StarterContent/Shapes/Shape_Plane.uasset"
[2017.06.22-17.04.45:037][  0]LogPackFactory: Copied "../../../Samples/StarterContent/Content/StarterContent/Shapes/Shape_QuadPyramid.uasset" to "../../../../../../Users/Iuli/Documents/Unreal Projects/MyProject3/Content/StarterContent/Shapes/Shape_QuadPyramid.uasset"
[2017.06.22-17.04.45:078][  0]LogPackFactory: Copied "../../../Samples/StarterContent/Content/StarterContent/Shapes/Shape_Sphere.uasset" to "../../../../../../Users/Iuli/Documents/Unreal Projects/MyProject3/Content/StarterContent/Shapes/Shape_Sphere.uasset"
[2017.06.22-17.04.45:420][  0]LogPackFactory: Copied "../../../Samples/StarterContent/Content/StarterContent/Shapes/Shape_Torus.uasset" to "../../../../../../Users/Iuli/Documents/Unreal Projects/MyProject3/Content/StarterContent/Shapes/Shape_Torus.uasset"
[2017.06.22-17.04.45:629][  0]LogPackFactory: Copied "../../../Samples/StarterContent/Content/StarterContent/Shapes/Shape_Trim.uasset" to "../../../../../../Users/Iuli/Documents/Unreal Projects/MyProject3/Content/StarterContent/Shapes/Shape_Trim.uasset"
[2017.06.22-17.04.45:754][  0]LogPackFactory: Copied "../../../Samples/StarterContent/Content/StarterContent/Shapes/Shape_Trim_90_In.uasset" to "../../../../../../Users/Iuli/Documents/Unreal Projects/MyProject3/Content/StarterContent/Shapes/Shape_Trim_90_In.uasset"
[2017.06.22-17.04.45:810][  0]LogPackFactory: Copied "../../../Samples/StarterContent/Content/StarterContent/Shapes/Shape_Trim_90_Out.uasset" to "../../../../../../Users/Iuli/Documents/Unreal Projects/MyProject3/Content/StarterContent/Shapes/Shape_Trim_90_Out.uasset"
[2017.06.22-17.04.45:831][  0]LogPackFactory: Copied "../../../Samples/StarterContent/Content/StarterContent/Shapes/Shape_TriPyramid.uasset" to "../../../../../../Users/Iuli/Documents/Unreal Projects/MyProject3/Content/StarterContent/Shapes/Shape_TriPyramid.uasset"
[2017.06.22-17.04.45:900][  0]LogPackFactory: Copied "../../../Samples/StarterContent/Content/StarterContent/Shapes/Shape_Tube.uasset" to "../../../../../../Users/Iuli/Documents/Unreal Projects/MyProject3/Content/StarterContent/Shapes/Shape_Tube.uasset"
[2017.06.22-17.04.45:925][  0]LogPackFactory: Copied "../../../Samples/StarterContent/Content/StarterContent/Shapes/Shape_Wedge_A.uasset" to "../../../../../../Users/Iuli/Documents/Unreal Projects/MyProject3/Content/StarterContent/Shapes/Shape_Wedge_A.uasset"
[2017.06.22-17.04.45:943][  0]LogPackFactory: Copied "../../../Samples/StarterContent/Content/StarterContent/Shapes/Shape_Wedge_B.uasset" to "../../../../../../Users/Iuli/Documents/Unreal Projects/MyProject3/Content/StarterContent/Shapes/Shape_Wedge_B.uasset"
[2017.06.22-17.04.45:994][  0]LogPackFactory: Copied "../../../Samples/StarterContent/Content/StarterContent/Shapes/Shape_WideCapsule.uasset" to "../../../../../../Users/Iuli/Documents/Unreal Projects/MyProject3/Content/StarterContent/Shapes/Shape_WideCapsule.uasset"
[2017.06.22-17.04.46:930][  0]LogPackFactory: Copied "../../../Samples/StarterContent/Content/StarterContent/Textures/T_Brick_Clay_Beveled_D.uasset" to "../../../../../../Users/Iuli/Documents/Unreal Projects/MyProject3/Content/StarterContent/Textures/T_Brick_Clay_Beveled_D.uasset"
[2017.06.22-17.04.47:751][  0]LogPackFactory: Copied "../../../Samples/StarterContent/Content/StarterContent/Textures/T_Brick_Clay_Beveled_M.uasset" to "../../../../../../Users/Iuli/Documents/Unreal Projects/MyProject3/Content/StarterContent/Textures/T_Brick_Clay_Beveled_M.uasset"
[2017.06.22-17.04.48:660][  0]LogPackFactory: Copied "../../../Samples/StarterContent/Content/StarterContent/Textures/T_Brick_Clay_Beveled_N.uasset" to "../../../../../../Users/Iuli/Documents/Unreal Projects/MyProject3/Content/StarterContent/Textures/T_Brick_Clay_Beveled_N.uasset"
[2017.06.22-17.04.49:212][  0]LogPackFactory: Copied "../../../Samples/StarterContent/Content/StarterContent/Textures/T_Brick_Clay_New_D.uasset" to "../../../../../../Users/Iuli/Documents/Unreal Projects/MyProject3/Content/StarterContent/Textures/T_Brick_Clay_New_D.uasset"
[2017.06.22-17.04.50:498][  0]LogPackFactory: Copied "../../../Samples/StarterContent/Content/StarterContent/Textures/T_Brick_Clay_New_M.uasset" to "../../../../../../Users/Iuli/Documents/Unreal Projects/MyProject3/Content/StarterContent/Textures/T_Brick_Clay_New_M.uasset"
[2017.06.22-17.04.51:447][  0]LogPackFactory: Copied "../../../Samples/StarterContent/Content/StarterContent/Textures/T_Brick_Clay_New_N.uasset" to "../../../../../../Users/Iuli/Documents/Unreal Projects/MyProject3/Content/StarterContent/Textures/T_Brick_Clay_New_N.uasset"
[2017.06.22-17.04.52:087][  0]LogPackFactory: Copied "../../../Samples/StarterContent/Content/StarterContent/Textures/T_Brick_Clay_Old_D.uasset" to "../../../../../../Users/Iuli/Documents/Unreal Projects/MyProject3/Content/StarterContent/Textures/T_Brick_Clay_Old_D.uasset"
[2017.06.22-17.04.53:194][  0]LogPackFactory: Copied "../../../Samples/StarterContent/Content/StarterContent/Textures/T_Brick_Clay_Old_N.uasset" to "../../../../../../Users/Iuli/Documents/Unreal Projects/MyProject3/Content/StarterContent/Textures/T_Brick_Clay_Old_N.uasset"
[2017.06.22-17.04.54:517][  0]LogPackFactory: Copied "../../../Samples/StarterContent/Content/StarterContent/Textures/T_Brick_Cut_Stone_D.uasset" to "../../../../../../Users/Iuli/Documents/Unreal Projects/MyProject3/Content/StarterContent/Textures/T_Brick_Cut_Stone_D.uasset"
[2017.06.22-17.04.55:359][  0]LogPackFactory: Copied "../../../Samples/StarterContent/Content/StarterContent/Textures/T_Brick_Cut_Stone_N.uasset" to "../../../../../../Users/Iuli/Documents/Unreal Projects/MyProject3/Content/StarterContent/Textures/T_Brick_Cut_Stone_N.uasset"
[2017.06.22-17.04.56:081][  0]LogPackFactory: Copied "../../../Samples/StarterContent/Content/StarterContent/Textures/T_Brick_Hewn_Stone_D.uasset" to "../../../../../../Users/Iuli/Documents/Unreal Projects/MyProject3/Content/StarterContent/Textures/T_Brick_Hewn_Stone_D.uasset"
[2017.06.22-17.04.56:863][  0]LogPackFactory: Copied "../../../Samples/StarterContent/Content/StarterContent/Textures/T_Brick_Hewn_Stone_M.uasset" to "../../../../../../Users/Iuli/Documents/Unreal Projects/MyProject3/Content/StarterContent/Textures/T_Brick_Hewn_Stone_M.uasset"
[2017.06.22-17.04.58:065][  0]LogPackFactory: Copied "../../../Samples/StarterContent/Content/StarterContent/Textures/T_Brick_Hewn_Stone_N.uasset" to "../../../../../../Users/Iuli/Documents/Unreal Projects/MyProject3/Content/StarterContent/Textures/T_Brick_Hewn_Stone_N.uasset"
[2017.06.22-17.04.58:227][  0]LogPackFactory: Copied "../../../Samples/StarterContent/Content/StarterContent/Textures/T_Burst_M.uasset" to "../../../../../../Users/Iuli/Documents/Unreal Projects/MyProject3/Content/StarterContent/Textures/T_Burst_M.uasset"
[2017.06.22-17.04.58:375][  0]LogPackFactory: Copied "../../../Samples/StarterContent/Content/StarterContent/Textures/T_Bush_D.uasset" to "../../../../../../Users/Iuli/Documents/Unreal Projects/MyProject3/Content/StarterContent/Textures/T_Bush_D.uasset"
[2017.06.22-17.04.58:457][  0]LogPackFactory: Copied "../../../Samples/StarterContent/Content/StarterContent/Textures/T_Bush_N.uasset" to "../../../../../../Users/Iuli/Documents/Unreal Projects/MyProject3/Content/StarterContent/Textures/T_Bush_N.uasset"
[2017.06.22-17.04.58:520][  0]LogPackFactory: Copied "../../../Samples/StarterContent/Content/StarterContent/Textures/T_Ceramic_Tile_M.uasset" to "../../../../../../Users/Iuli/Documents/Unreal Projects/MyProject3/Content/StarterContent/Textures/T_Ceramic_Tile_M.uasset"
[2017.06.22-17.04.58:601][  0]LogPackFactory: Copied "../../../Samples/StarterContent/Content/StarterContent/Textures/T_Ceramic_Tile_N.uasset" to "../../../../../../Users/Iuli/Documents/Unreal Projects/MyProject3/Content/StarterContent/Textures/T_Ceramic_Tile_N.uasset"
[2017.06.22-17.04.58:698][  0]LogPackFactory: Copied "../../../Samples/StarterContent/Content/StarterContent/Textures/T_Chair_M.uasset" to "../../../../../../Users/Iuli/Documents/Unreal Projects/MyProject3/Content/StarterContent/Textures/T_Chair_M.uasset"
[2017.06.22-17.04.58:755][  0]LogPackFactory: Copied "../../../Samples/StarterContent/Content/StarterContent/Textures/T_Chair_N.uasset" to "../../../../../../Users/Iuli/Documents/Unreal Projects/MyProject3/Content/StarterContent/Textures/T_Chair_N.uasset"
[2017.06.22-17.04.58:818][  0]LogPackFactory: Copied "../../../Samples/StarterContent/Content/StarterContent/Textures/T_Checker_Noise_M.uasset" to "../../../../../../Users/Iuli/Documents/Unreal Projects/MyProject3/Content/StarterContent/Textures/T_Checker_Noise_M.uasset"
[2017.06.22-17.04.59:999][  0]LogPackFactory: Copied "../../../Samples/StarterContent/Content/StarterContent/Textures/T_CobbleStone_Pebble_D.uasset" to "../../../../../../Users/Iuli/Documents/Unreal Projects/MyProject3/Content/StarterContent/Textures/T_CobbleStone_Pebble_D.uasset"
[2017.06.22-17.05.00:044][  0]LogPackFactory: Copied "../../../Samples/StarterContent/Content/StarterContent/Textures/T_CobbleStone_Pebble_M.uasset" to "../../../../../../Users/Iuli/Documents/Unreal Projects/MyProject3/Content/StarterContent/Textures/T_CobbleStone_Pebble_M.uasset"
[2017.06.22-17.05.01:223][  0]LogPackFactory: Copied "../../../Samples/StarterContent/Content/StarterContent/Textures/T_CobbleStone_Pebble_N.uasset" to "../../../../../../Users/Iuli/Documents/Unreal Projects/MyProject3/Content/StarterContent/Textures/T_CobbleStone_Pebble_N.uasset"
[2017.06.22-17.05.01:295][  0]LogPackFactory: Copied "../../../Samples/StarterContent/Content/StarterContent/Textures/T_CobbleStone_Rough_D.uasset" to "../../../../../../Users/Iuli/Documents/Unreal Projects/MyProject3/Content/StarterContent/Textures/T_CobbleStone_Rough_D.uasset"
[2017.06.22-17.05.01:729][  0]LogPackFactory: Copied "../../../Samples/StarterContent/Content/StarterContent/Textures/T_CobbleStone_Rough_N.uasset" to "../../../../../../Users/Iuli/Documents/Unreal Projects/MyProject3/Content/StarterContent/Textures/T_CobbleStone_Rough_N.uasset"
[2017.06.22-17.05.02:195][  0]LogPackFactory: Copied "../../../Samples/StarterContent/Content/StarterContent/Textures/T_CobbleStone_Smooth_D.uasset" to "../../../../../../Users/Iuli/Documents/Unreal Projects/MyProject3/Content/StarterContent/Textures/T_CobbleStone_Smooth_D.uasset"
[2017.06.22-17.05.02:755][  0]LogPackFactory: Copied "../../../Samples/StarterContent/Content/StarterContent/Textures/T_CobbleStone_Smooth_M.uasset" to "../../../../../../Users/Iuli/Documents/Unreal Projects/MyProject3/Content/StarterContent/Textures/T_CobbleStone_Smooth_M.uasset"
[2017.06.22-17.05.03:989][  0]LogPackFactory: Copied "../../../Samples/StarterContent/Content/StarterContent/Textures/T_CobbleStone_Smooth_N.uasset" to "../../../../../../Users/Iuli/Documents/Unreal Projects/MyProject3/Content/StarterContent/Textures/T_CobbleStone_Smooth_N.uasset"
[2017.06.22-17.05.04:852][  0]LogPackFactory: Copied "../../../Samples/StarterContent/Content/StarterContent/Textures/T_Concrete_Grime_D.uasset" to "../../../../../../Users/Iuli/Documents/Unreal Projects/MyProject3/Content/StarterContent/Textures/T_Concrete_Grime_D.uasset"
[2017.06.22-17.05.05:616][  0]LogPackFactory: Copied "../../../Samples/StarterContent/Content/StarterContent/Textures/T_Concrete_Panels_D.uasset" to "../../../../../../Users/Iuli/Documents/Unreal Projects/MyProject3/Content/StarterContent/Textures/T_Concrete_Panels_D.uasset"
[2017.06.22-17.05.06:612][  0]LogPackFactory: Copied "../../../Samples/StarterContent/Content/StarterContent/Textures/T_Concrete_Panels_N.uasset" to "../../../../../../Users/Iuli/Documents/Unreal Projects/MyProject3/Content/StarterContent/Textures/T_Concrete_Panels_N.uasset"
[2017.06.22-17.05.06:848][  0]LogPackFactory: Copied "../../../Samples/StarterContent/Content/StarterContent/Textures/T_Concrete_Poured_D.uasset" to "../../../../../../Users/Iuli/Documents/Unreal Projects/MyProject3/Content/StarterContent/Textures/T_Concrete_Poured_D.uasset"
[2017.06.22-17.05.06:932][  0]LogPackFactory: Copied "../../../Samples/StarterContent/Content/StarterContent/Textures/T_Concrete_Poured_N.uasset" to "../../../../../../Users/Iuli/Documents/Unreal Projects/MyProject3/Content/StarterContent/Textures/T_Concrete_Poured_N.uasset"
[2017.06.22-17.05.07:274][  0]LogPackFactory: Copied "../../../Samples/StarterContent/Content/StarterContent/Textures/T_Concrete_Tiles_D.uasset" to "../../../../../../Users/Iuli/Documents/Unreal Projects/MyProject3/Content/StarterContent/Textures/T_Concrete_Tiles_D.uasset"
[2017.06.22-17.05.07:510][  0]LogPackFactory: Copied "../../../Samples/StarterContent/Content/StarterContent/Textures/T_Concrete_Tiles_M.uasset" to "../../../../../../Users/Iuli/Documents/Unreal Projects/MyProject3/Content/StarterContent/Textures/T_Concrete_Tiles_M.uasset"
[2017.06.22-17.05.07:582][  0]LogPackFactory: Copied "../../../Samples/StarterContent/Content/StarterContent/Textures/T_Concrete_Tiles_N.uasset" to "../../../../../../Users/Iuli/Documents/Unreal Projects/MyProject3/Content/StarterContent/Textures/T_Concrete_Tiles_N.uasset"
[2017.06.22-17.05.07:595][  0]LogPackFactory: Copied "../../../Samples/StarterContent/Content/StarterContent/Textures/T_Concrete_Tiles_Variation_M.uasset" to "../../../../../../Users/Iuli/Documents/Unreal Projects/MyProject3/Content/StarterContent/Textures/T_Concrete_Tiles_Variation_M.uasset"
[2017.06.22-17.05.07:655][  0]LogPackFactory: Copied "../../../Samples/StarterContent/Content/StarterContent/Textures/T_Detail_Rocky_N.uasset" to "../../../../../../Users/Iuli/Documents/Unreal Projects/MyProject3/Content/StarterContent/Textures/T_Detail_Rocky_N.uasset"
[2017.06.22-17.05.07:696][  0]LogPackFactory: Copied "../../../Samples/StarterContent/Content/StarterContent/Textures/T_Door_M.uasset" to "../../../../../../Users/Iuli/Documents/Unreal Projects/MyProject3/Content/StarterContent/Textures/T_Door_M.uasset"
[2017.06.22-17.05.07:720][  0]LogPackFactory: Copied "../../../Samples/StarterContent/Content/StarterContent/Textures/T_Door_N.uasset" to "../../../../../../Users/Iuli/Documents/Unreal Projects/MyProject3/Content/StarterContent/Textures/T_Door_N.uasset"
[2017.06.22-17.05.07:728][  0]LogPackFactory: Copied "../../../Samples/StarterContent/Content/StarterContent/Textures/T_Dust_Particle_D.uasset" to "../../../../../../Users/Iuli/Documents/Unreal Projects/MyProject3/Content/StarterContent/Textures/T_Dust_Particle_D.uasset"
[2017.06.22-17.05.07:770][  0]LogPackFactory: Copied "../../../Samples/StarterContent/Content/StarterContent/Textures/T_Explosion_SubUV.uasset" to "../../../../../../Users/Iuli/Documents/Unreal Projects/MyProject3/Content/StarterContent/Textures/T_Explosion_SubUV.uasset"
[2017.06.22-17.05.07:787][  0]LogPackFactory: Copied "../../../Samples/StarterContent/Content/StarterContent/Textures/T_Fire_SubUV.uasset" to "../../../../../../Users/Iuli/Documents/Unreal Projects/MyProject3/Content/StarterContent/Textures/T_Fire_SubUV.uasset"
[2017.06.22-17.05.07:807][  0]LogPackFactory: Copied "../../../Samples/StarterContent/Content/StarterContent/Textures/T_Fire_Tiled_D.uasset" to "../../../../../../Users/Iuli/Documents/Unreal Projects/MyProject3/Content/StarterContent/Textures/T_Fire_Tiled_D.uasset"
[2017.06.22-17.05.07:822][  0]LogPackFactory: Copied "../../../Samples/StarterContent/Content/StarterContent/Textures/T_Frame_M.uasset" to "../../../../../../Users/Iuli/Documents/Unreal Projects/MyProject3/Content/StarterContent/Textures/T_Frame_M.uasset"
[2017.06.22-17.05.07:865][  0]LogPackFactory: Copied "../../../Samples/StarterContent/Content/StarterContent/Textures/T_Frame_N.uasset" to "../../../../../../Users/Iuli/Documents/Unreal Projects/MyProject3/Content/StarterContent/Textures/T_Frame_N.uasset"
[2017.06.22-17.05.07:881][  0]LogPackFactory: Copied "../../../Samples/StarterContent/Content/StarterContent/Textures/T_Gradinet_01.uasset" to "../../../../../../Users/Iuli/Documents/Unreal Projects/MyProject3/Content/StarterContent/Textures/T_Gradinet_01.uasset"
[2017.06.22-17.05.08:010][  0]LogPackFactory: Copied "../../../Samples/StarterContent/Content/StarterContent/Textures/T_Ground_Grass_D.uasset" to "../../../../../../Users/Iuli/Documents/Unreal Projects/MyProject3/Content/StarterContent/Textures/T_Ground_Grass_D.uasset"
[2017.06.22-17.05.08:120][  0]LogPackFactory: Copied "../../../Samples/StarterContent/Content/StarterContent/Textures/T_Ground_Grass_N.uasset" to "../../../../../../Users/Iuli/Documents/Unreal Projects/MyProject3/Content/StarterContent/Textures/T_Ground_Grass_N.uasset"
[2017.06.22-17.05.08:221][  0]LogPackFactory: Copied "../../../Samples/StarterContent/Content/StarterContent/Textures/T_Ground_Gravel_D.uasset" to "../../../../../../Users/Iuli/Documents/Unreal Projects/MyProject3/Content/StarterContent/Textures/T_Ground_Gravel_D.uasset"
[2017.06.22-17.05.08:297][  0]LogPackFactory: Copied "../../../Samples/StarterContent/Content/StarterContent/Textures/T_Ground_Gravel_N.uasset" to "../../../../../../Users/Iuli/Documents/Unreal Projects/MyProject3/Content/StarterContent/Textures/T_Ground_Gravel_N.uasset"
[2017.06.22-17.05.08:867][  0]LogPackFactory: Copied "../../../Samples/StarterContent/Content/StarterContent/Textures/T_ground_Moss_D.uasset" to "../../../../../../Users/Iuli/Documents/Unreal Projects/MyProject3/Content/StarterContent/Textures/T_ground_Moss_D.uasset"
[2017.06.22-17.05.08:959][  0]LogPackFactory: Copied "../../../Samples/StarterContent/Content/StarterContent/Textures/T_Ground_Moss_N.uasset" to "../../../../../../Users/Iuli/Documents/Unreal Projects/MyProject3/Content/StarterContent/Textures/T_Ground_Moss_N.uasset"
[2017.06.22-17.05.08:994][  0]LogPackFactory: Copied "../../../Samples/StarterContent/Content/StarterContent/Textures/T_Lamp_M.uasset" to "../../../../../../Users/Iuli/Documents/Unreal Projects/MyProject3/Content/StarterContent/Textures/T_Lamp_M.uasset"
[2017.06.22-17.05.09:042][  0]LogPackFactory: Copied "../../../Samples/StarterContent/Content/StarterContent/Textures/T_Lamp_N.uasset" to "../../../../../../Users/Iuli/Documents/Unreal Projects/MyProject3/Content/StarterContent/Textures/T_Lamp_N.uasset"
[2017.06.22-17.05.09:148][  0]LogPackFactory: Copied "../../../Samples/StarterContent/Content/StarterContent/Textures/T_MacroVariation.uasset" to "../../../../../../Users/Iuli/Documents/Unreal Projects/MyProject3/Content/StarterContent/Textures/T_MacroVariation.uasset"
[2017.06.22-17.05.09:237][  0]LogPackFactory: Copied "../../../Samples/StarterContent/Content/StarterContent/Textures/T_Metal_Aluminum_D.uasset" to "../../../../../../Users/Iuli/Documents/Unreal Projects/MyProject3/Content/StarterContent/Textures/T_Metal_Aluminum_D.uasset"
[2017.06.22-17.05.09:318][  0]LogPackFactory: Copied "../../../Samples/StarterContent/Content/StarterContent/Textures/T_Metal_Copper_D.uasset" to "../../../../../../Users/Iuli/Documents/Unreal Projects/MyProject3/Content/StarterContent/Textures/T_Metal_Copper_D.uasset"
[2017.06.22-17.05.09:401][  0]LogPackFactory: Copied "../../../Samples/StarterContent/Content/StarterContent/Textures/T_Metal_Gold_D.uasset" to "../../../../../../Users/Iuli/Documents/Unreal Projects/MyProject3/Content/StarterContent/Textures/T_Metal_Gold_D.uasset"
[2017.06.22-17.05.09:439][  0]LogPackFactory: Copied "../../../Samples/StarterContent/Content/StarterContent/Textures/T_Metal_Gold_N.uasset" to "../../../../../../Users/Iuli/Documents/Unreal Projects/MyProject3/Content/StarterContent/Textures/T_Metal_Gold_N.uasset"
[2017.06.22-17.05.09:526][  0]LogPackFactory: Copied "../../../Samples/StarterContent/Content/StarterContent/Textures/T_Metal_Rust_D.uasset" to "../../../../../../Users/Iuli/Documents/Unreal Projects/MyProject3/Content/StarterContent/Textures/T_Metal_Rust_D.uasset"
[2017.06.22-17.05.09:603][  0]LogPackFactory: Copied "../../../Samples/StarterContent/Content/StarterContent/Textures/T_Metal_Rust_N.uasset" to "../../../../../../Users/Iuli/Documents/Unreal Projects/MyProject3/Content/StarterContent/Textures/T_Metal_Rust_N.uasset"
[2017.06.22-17.05.09:639][  0]LogPackFactory: Copied "../../../Samples/StarterContent/Content/StarterContent/Textures/T_Metal_Steel_D.uasset" to "../../../../../../Users/Iuli/Documents/Unreal Projects/MyProject3/Content/StarterContent/Textures/T_Metal_Steel_D.uasset"
[2017.06.22-17.05.09:706][  0]LogPackFactory: Copied "../../../Samples/StarterContent/Content/StarterContent/Textures/T_Metal_Steel_N.uasset" to "../../../../../../Users/Iuli/Documents/Unreal Projects/MyProject3/Content/StarterContent/Textures/T_Metal_Steel_N.uasset"
[2017.06.22-17.05.10:395][  0]LogPackFactory: Copied "../../../Samples/StarterContent/Content/StarterContent/Textures/T_Perlin_Noise_M.uasset" to "../../../../../../Users/Iuli/Documents/Unreal Projects/MyProject3/Content/StarterContent/Textures/T_Perlin_Noise_M.uasset"
[2017.06.22-17.05.10:500][  0]LogPackFactory: Copied "../../../Samples/StarterContent/Content/StarterContent/Textures/T_RockMesh_M.uasset" to "../../../../../../Users/Iuli/Documents/Unreal Projects/MyProject3/Content/StarterContent/Textures/T_RockMesh_M.uasset"
[2017.06.22-17.05.10:560][  0]LogPackFactory: Copied "../../../Samples/StarterContent/Content/StarterContent/Textures/T_RockMesh_N.uasset" to "../../../../../../Users/Iuli/Documents/Unreal Projects/MyProject3/Content/StarterContent/Textures/T_RockMesh_N.uasset"
[2017.06.22-17.05.10:651][  0]LogPackFactory: Copied "../../../Samples/StarterContent/Content/StarterContent/Textures/T_Rock_Basalt_D.uasset" to "../../../../../../Users/Iuli/Documents/Unreal Projects/MyProject3/Content/StarterContent/Textures/T_Rock_Basalt_D.uasset"
[2017.06.22-17.05.10:749][  0]LogPackFactory: Copied "../../../Samples/StarterContent/Content/StarterContent/Textures/T_Rock_Basalt_N.uasset" to "../../../../../../Users/Iuli/Documents/Unreal Projects/MyProject3/Content/StarterContent/Textures/T_Rock_Basalt_N.uasset"
[2017.06.22-17.05.10:804][  0]LogPackFactory: Copied "../../../Samples/StarterContent/Content/StarterContent/Textures/T_Rock_Marble_Polished_D.uasset" to "../../../../../../Users/Iuli/Documents/Unreal Projects/MyProject3/Content/StarterContent/Textures/T_Rock_Marble_Polished_D.uasset"
[2017.06.22-17.05.10:900][  0]LogPackFactory: Copied "../../../Samples/StarterContent/Content/StarterContent/Textures/T_Rock_Sandstone_D.uasset" to "../../../../../../Users/Iuli/Documents/Unreal Projects/MyProject3/Content/StarterContent/Textures/T_Rock_Sandstone_D.uasset"
[2017.06.22-17.05.10:983][  0]LogPackFactory: Copied "../../../Samples/StarterContent/Content/StarterContent/Textures/T_Rock_Sandstone_N.uasset" to "../../../../../../Users/Iuli/Documents/Unreal Projects/MyProject3/Content/StarterContent/Textures/T_Rock_Sandstone_N.uasset"
[2017.06.22-17.05.12:040][  0]LogPackFactory: Copied "../../../Samples/StarterContent/Content/StarterContent/Textures/T_Rock_Slate_D.uasset" to "../../../../../../Users/Iuli/Documents/Unreal Projects/MyProject3/Content/StarterContent/Textures/T_Rock_Slate_D.uasset"
[2017.06.22-17.05.12:256][  0]LogPackFactory: Copied "../../../Samples/StarterContent/Content/StarterContent/Textures/T_Rock_Slate_N.uasset" to "../../../../../../Users/Iuli/Documents/Unreal Projects/MyProject3/Content/StarterContent/Textures/T_Rock_Slate_N.uasset"
[2017.06.22-17.05.12:352][  0]LogPackFactory: Copied "../../../Samples/StarterContent/Content/StarterContent/Textures/T_Rock_Smooth_Granite_D.uasset" to "../../../../../../Users/Iuli/Documents/Unreal Projects/MyProject3/Content/StarterContent/Textures/T_Rock_Smooth_Granite_D.uasset"
[2017.06.22-17.05.12:367][  0]LogPackFactory: Copied "../../../Samples/StarterContent/Content/StarterContent/Textures/T_Shelf_M.uasset" to "../../../../../../Users/Iuli/Documents/Unreal Projects/MyProject3/Content/StarterContent/Textures/T_Shelf_M.uasset"
[2017.06.22-17.05.12:395][  0]LogPackFactory: Copied "../../../Samples/StarterContent/Content/StarterContent/Textures/T_Shelf_N.uasset" to "../../../../../../Users/Iuli/Documents/Unreal Projects/MyProject3/Content/StarterContent/Textures/T_Shelf_N.uasset"
[2017.06.22-17.05.12:408][  0]LogPackFactory: Copied "../../../Samples/StarterContent/Content/StarterContent/Textures/T_Single_Tile_N.uasset" to "../../../../../../Users/Iuli/Documents/Unreal Projects/MyProject3/Content/StarterContent/Textures/T_Single_Tile_N.uasset"
[2017.06.22-17.05.12:676][  0]LogPackFactory: Copied "../../../Samples/StarterContent/Content/StarterContent/Textures/T_Smoke_SubUV.uasset" to "../../../../../../Users/Iuli/Documents/Unreal Projects/MyProject3/Content/StarterContent/Textures/T_Smoke_SubUV.uasset"
[2017.06.22-17.05.12:844][  0]LogPackFactory: Copied "../../../Samples/StarterContent/Content/StarterContent/Textures/T_Smoke_Tiled_D.uasset" to "../../../../../../Users/Iuli/Documents/Unreal Projects/MyProject3/Content/StarterContent/Textures/T_Smoke_Tiled_D.uasset"
[2017.06.22-17.05.13:056][  0]LogPackFactory: Copied "../../../Samples/StarterContent/Content/StarterContent/Textures/T_Spark_Core.uasset" to "../../../../../../Users/Iuli/Documents/Unreal Projects/MyProject3/Content/StarterContent/Textures/T_Spark_Core.uasset"
[2017.06.22-17.05.13:199][  0]LogPackFactory: Copied "../../../Samples/StarterContent/Content/StarterContent/Textures/T_Statue_M.uasset" to "../../../../../../Users/Iuli/Documents/Unreal Projects/MyProject3/Content/StarterContent/Textures/T_Statue_M.uasset"
[2017.06.22-17.05.13:232][  0]LogPackFactory: Copied "../../../Samples/StarterContent/Content/StarterContent/Textures/T_Statue_N.uasset" to "../../../../../../Users/Iuli/Documents/Unreal Projects/MyProject3/Content/StarterContent/Textures/T_Statue_N.uasset"
[2017.06.22-17.05.13:251][  0]LogPackFactory: Copied "../../../Samples/StarterContent/Content/StarterContent/Textures/T_TableRound_M.uasset" to "../../../../../../Users/Iuli/Documents/Unreal Projects/MyProject3/Content/StarterContent/Textures/T_TableRound_M.uasset"
[2017.06.22-17.05.13:279][  0]LogPackFactory: Copied "../../../Samples/StarterContent/Content/StarterContent/Textures/T_TableRound_N.uasset" to "../../../../../../Users/Iuli/Documents/Unreal Projects/MyProject3/Content/StarterContent/Textures/T_TableRound_N.uasset"
[2017.06.22-17.05.13:292][  0]LogPackFactory: Copied "../../../Samples/StarterContent/Content/StarterContent/Textures/T_Tech_Dot_M.uasset" to "../../../../../../Users/Iuli/Documents/Unreal Projects/MyProject3/Content/StarterContent/Textures/T_Tech_Dot_M.uasset"
[2017.06.22-17.05.13:306][  0]LogPackFactory: Copied "../../../Samples/StarterContent/Content/StarterContent/Textures/T_Tech_Dot_N.uasset" to "../../../../../../Users/Iuli/Documents/Unreal Projects/MyProject3/Content/StarterContent/Textures/T_Tech_Dot_N.uasset"
[2017.06.22-17.05.13:319][  0]LogPackFactory: Copied "../../../Samples/StarterContent/Content/StarterContent/Textures/T_Tech_Hex_Tile_M.uasset" to "../../../../../../Users/Iuli/Documents/Unreal Projects/MyProject3/Content/StarterContent/Textures/T_Tech_Hex_Tile_M.uasset"
[2017.06.22-17.05.13:333][  0]LogPackFactory: Copied "../../../Samples/StarterContent/Content/StarterContent/Textures/T_Tech_Hex_Tile_N.uasset" to "../../../../../../Users/Iuli/Documents/Unreal Projects/MyProject3/Content/StarterContent/Textures/T_Tech_Hex_Tile_N.uasset"
[2017.06.22-17.05.13:347][  0]LogPackFactory: Copied "../../../Samples/StarterContent/Content/StarterContent/Textures/T_Tech_Panel_M.uasset" to "../../../../../../Users/Iuli/Documents/Unreal Projects/MyProject3/Content/StarterContent/Textures/T_Tech_Panel_M.uasset"
[2017.06.22-17.05.13:372][  0]LogPackFactory: Copied "../../../Samples/StarterContent/Content/StarterContent/Textures/T_Tech_Panel_N.uasset" to "../../../../../../Users/Iuli/Documents/Unreal Projects/MyProject3/Content/StarterContent/Textures/T_Tech_Panel_N.uasset"
[2017.06.22-17.05.13:403][  0]LogPackFactory: Copied "../../../Samples/StarterContent/Content/StarterContent/Textures/T_Water_M.uasset" to "../../../../../../Users/Iuli/Documents/Unreal Projects/MyProject3/Content/StarterContent/Textures/T_Water_M.uasset"
[2017.06.22-17.05.13:436][  0]LogPackFactory: Copied "../../../Samples/StarterContent/Content/StarterContent/Textures/T_Water_N.uasset" to "../../../../../../Users/Iuli/Documents/Unreal Projects/MyProject3/Content/StarterContent/Textures/T_Water_N.uasset"
[2017.06.22-17.05.13:501][  0]LogPackFactory: Copied "../../../Samples/StarterContent/Content/StarterContent/Textures/T_Wood_Floor_Walnut_D.uasset" to "../../../../../../Users/Iuli/Documents/Unreal Projects/MyProject3/Content/StarterContent/Textures/T_Wood_Floor_Walnut_D.uasset"
[2017.06.22-17.05.13:540][  0]LogPackFactory: Copied "../../../Samples/StarterContent/Content/StarterContent/Textures/T_Wood_Floor_Walnut_M.uasset" to "../../../../../../Users/Iuli/Documents/Unreal Projects/MyProject3/Content/StarterContent/Textures/T_Wood_Floor_Walnut_M.uasset"
[2017.06.22-17.05.13:578][  0]LogPackFactory: Copied "../../../Samples/StarterContent/Content/StarterContent/Textures/T_Wood_Floor_Walnut_N.uasset" to "../../../../../../Users/Iuli/Documents/Unreal Projects/MyProject3/Content/StarterContent/Textures/T_Wood_Floor_Walnut_N.uasset"
[2017.06.22-17.05.13:648][  0]LogPackFactory: Copied "../../../Samples/StarterContent/Content/StarterContent/Textures/T_Wood_Oak_D.uasset" to "../../../../../../Users/Iuli/Documents/Unreal Projects/MyProject3/Content/StarterContent/Textures/T_Wood_Oak_D.uasset"
[2017.06.22-17.05.13:727][  0]LogPackFactory: Copied "../../../Samples/StarterContent/Content/StarterContent/Textures/T_Wood_Oak_N.uasset" to "../../../../../../Users/Iuli/Documents/Unreal Projects/MyProject3/Content/StarterContent/Textures/T_Wood_Oak_N.uasset"
[2017.06.22-17.05.14:464][  0]LogPackFactory: Copied "../../../Samples/StarterContent/Content/StarterContent/Textures/T_Wood_Pine_D.uasset" to "../../../../../../Users/Iuli/Documents/Unreal Projects/MyProject3/Content/StarterContent/Textures/T_Wood_Pine_D.uasset"
[2017.06.22-17.05.14:585][  0]LogPackFactory: Copied "../../../Samples/StarterContent/Content/StarterContent/Textures/T_Wood_Pine_N.uasset" to "../../../../../../Users/Iuli/Documents/Unreal Projects/MyProject3/Content/StarterContent/Textures/T_Wood_Pine_N.uasset"
[2017.06.22-17.05.14:657][  0]LogPackFactory: Copied "../../../Samples/StarterContent/Content/StarterContent/Textures/T_Wood_Walnut_D.uasset" to "../../../../../../Users/Iuli/Documents/Unreal Projects/MyProject3/Content/StarterContent/Textures/T_Wood_Walnut_D.uasset"
[2017.06.22-17.05.14:710][  0]LogPackFactory: Copied "../../../Samples/StarterContent/Content/StarterContent/Textures/T_Wood_Walnut_N.uasset" to "../../../../../../Users/Iuli/Documents/Unreal Projects/MyProject3/Content/StarterContent/Textures/T_Wood_Walnut_N.uasset"
[2017.06.22-17.05.14:879][  0]LogRenderer: Reallocating scene render targets to support 256x256 NumSamples 1 (Frame:2).
[2017.06.22-17.05.15:171][  0]LogSavePackage: Save=25.97ms
[2017.06.22-17.05.15:171][  0]LogSavePackage: Moving '../../../../../../Users/Iuli/Documents/Unreal Projects/MyProject3/Saved/Floor_400x400E5D045054760CAB60AF693B4707495D4.tmp' to '../../../../../../Users/Iuli/Documents/Unreal Projects/MyProject3/Content/StarterContent/Architecture/Floor_400x400.uasset'
[2017.06.22-17.05.15:174][  0]LogSavePackage:Display: Finished SavePackage ../../../../../../Users/Iuli/Documents/Unreal Projects/MyProject3/Content/StarterContent/Architecture/Floor_400x400.uasset
[2017.06.22-17.05.15:174][  0]LogFeaturePack:Warning: Inserted 1 feature packs
[2017.06.22-17.05.15:364][  0]Cmd: MAP LOAD FILE="../../../../../../Users/Iuli/Documents/Unreal Projects/MyProject3/Content/StarterContent/Maps/Minimal_Default.umap" TEMPLATE=0 SHOWPROGRESS=1 FEATURELEVEL=3
[2017.06.22-17.05.15:364][  0]LightingResults: New page: Lighting Build
[2017.06.22-17.05.15:406][  0]MapCheck: New page: Map Check
[2017.06.22-17.05.15:406][  0]LightingResults: New page: Lighting Build
[2017.06.22-17.05.15:704][  0]LogAIModule: Creating AISystem for world Minimal_Default
[2017.06.22-17.05.15:711][  0]LogEditorServer: Finished looking for orphan Actors (0.000 secs)
[2017.06.22-17.05.15:712][  0]Cmd: MAP CHECKDEP NOCLEARLOG
[2017.06.22-17.05.15:784][  0]MapCheck: Info Map check complete: 0 Error(s), 0 Warning(s), took 72.027ms to complete.
[2017.06.22-17.05.15:784][  0]LogFileHelpers: Loading map 'Minimal_Default' took 0.420
[2017.06.22-17.05.15:899][  0]LogCollectionManager: Loaded 0 collections in 0.001611 seconds
[2017.06.22-17.05.16:002][  0]LogFileCache: Scanning file cache for directory 'C:/Users/Iuli/Documents/Unreal Projects/MyProject3/Saved/Collections/' took 0.01s
[2017.06.22-17.05.16:002][  0]LogFileCache: Scanning file cache for directory 'C:/Users/Iuli/Documents/Unreal Projects/MyProject3/Content/Developers/Iuli/Collections/' took 0.01s
[2017.06.22-17.05.16:002][  0]LogFileCache: Scanning file cache for directory 'C:/Users/Iuli/Documents/Unreal Projects/MyProject3/Content/Collections/' took 0.01s
[2017.06.22-17.05.16:002][  0]LogCollectionManager: Rebuilt the GUID cache for 0 collections in 0.000002 seconds
[2017.06.22-17.05.16:011][  0]LogContentBrowser: Native class hierarchy populated in 0.0088 seconds. Added 2245 classes and 453 folders.
[2017.06.22-17.05.16:075][  0]LogContentBrowser: Native class hierarchy updated for 'WidgetCarousel' in 0.0005 seconds. Added 0 classes and 0 folders.
[2017.06.22-17.05.16:124][  0]LogContentBrowser: Native class hierarchy updated for 'AddContentDialog' in 0.0006 seconds. Added 0 classes and 0 folders.
[2017.06.22-17.05.16:246][  0]LogContentBrowser: Native class hierarchy updated for 'SceneOutliner' in 0.0005 seconds. Added 1 classes and 2 folders.
[2017.06.22-17.05.16:296][  0]LogCrashTracker: Crashtracker disabled due to settings.
[2017.06.22-17.05.16:304][  0]LogUObjectGlobals:Warning: Failed to find object 'Class None.'
[2017.06.22-17.05.16:378][  0]LogContentBrowser: Native class hierarchy updated for 'HierarchicalLODOutliner' in 0.0006 seconds. Added 1 classes and 2 folders.
[2017.06.22-17.05.16:378][  0]LogLoad: (Engine Initialization) Total time: 62.29 seconds
[2017.06.22-17.05.16:378][  0]LogLoad: (Engine Initialization) Total Blueprint compile time: 0.09 seconds
[2017.06.22-17.05.16:378][  0]LogExternalProfiler: No external profilers were discovered.  External profiling features will not be available.
[2017.06.22-17.05.16:396][  0]LogOcInput: OculusInput pre-init called
[2017.06.22-17.05.16:891][  0]LogContentStreaming: Texture pool size now 1000 MB
[2017.06.22-17.05.16:892][  0]LogSlate: Took 0.000198 seconds to synchronously load lazily loaded font '../../../Engine/Content/Slate/Fonts/Roboto-Regular.ttf' (155K)
[2017.06.22-17.05.16:897][  0]LogSlate: Took 0.000503 seconds to synchronously load lazily loaded font '../../../Engine/Content/Slate/Fonts/Roboto-Bold.ttf' (160K)
[2017.06.22-17.05.16:899][  0]LogSlate: Took 0.000255 seconds to synchronously load lazily loaded font '../../../Engine/Content/Editor/Slate/Fonts/FontAwesome.ttf' (139K)
[2017.06.22-17.05.16:925][  0]LogSlate: Took 0.000381 seconds to synchronously load lazily loaded font '../../../Engine/Content/Slate/Fonts/Roboto-Light.ttf' (159K)
[2017.06.22-17.05.17:045][  0]LogRenderer: Reallocating scene render targets to support 604x612 NumSamples 1 (Frame:3).
[2017.06.22-17.05.17:088][  1]LogAssetRegistry: Asset discovery search completed in 55.6501 seconds
[2017.06.22-17.05.17:088][  1]LogCollectionManager: Rebuilt the object cache for 0 collections in 0.000005 seconds (found 0 objects)
[2017.06.22-17.05.17:088][  1]LogCollectionManager: Fixed up redirectors for 0 collections in 0.000018 seconds (updated 0 objects)
[2017.06.22-17.05.58:111][286]LogSlate: Took 0.000217 seconds to synchronously load lazily loaded font '../../../Engine/Content/Slate/Fonts/Roboto-Light.ttf' (159K)
[2017.06.22-17.05.58:179][286]LogFactory: FactoryCreateFile: World with FbxSceneImportFactory (0 0 ../../../../../../Users/Iuli/Desktop/1408/prosop.fbx)
[2017.06.22-17.05.58:201][286]LogFbx: Loading FBX Scene from ../../../../../../Users/Iuli/Desktop/1408/prosop.fbx
[2017.06.22-17.05.58:243][286]LogFbx: FBX Scene Loaded Succesfully
[2017.06.22-17.05.58:245][286]LogFbx: =================================================
[2017.06.22-17.05.58:245][286]LogFbx: Dumping Node START [Plane] 
[2017.06.22-17.05.58:246][286]LogFbx: 	Total Deformer Count 415708448.
[2017.06.22-17.05.58:246][286]LogFbx: 	Attribute (Plane.001) Type (4).
[2017.06.22-17.05.58:246][286]LogFbx: 		[Node Attribute Child 1] Plane (Type Mesh).
[2017.06.22-17.05.58:246][286]LogFbx: Dumping Node END [Plane]
[2017.06.22-17.05.58:246][286]LogFbx: =================================================
[2017.06.22-17.05.58:246][286]LogFbx: Dumping Node START [Plane] 
[2017.06.22-17.05.58:246][286]LogFbx: 	Total Deformer Count 415708448.
[2017.06.22-17.05.58:246][286]LogFbx: 	Attribute (Plane.001) Type (4).
[2017.06.22-17.05.58:246][286]LogFbx: 		[Node Attribute Child 1] Plane (Type Mesh).
[2017.06.22-17.05.58:246][286]LogFbx: Dumping Node END [Plane]
[2017.06.22-17.05.59:935][286]LogFbx: =================================================
[2017.06.22-17.05.59:935][286]LogFbx: Dumping Node START [Plane] 
[2017.06.22-17.05.59:935][286]LogFbx: 	Total Deformer Count 415851296.
[2017.06.22-17.05.59:935][286]LogFbx: 	Attribute (Plane.001) Type (4).
[2017.06.22-17.05.59:935][286]LogFbx: 		[Node Attribute Child 1] Plane (Type Mesh).
[2017.06.22-17.05.59:935][286]LogFbx: Dumping Node END [Plane]
[2017.06.22-17.05.59:935][286]LogFbx: =================================================
[2017.06.22-17.05.59:935][286]LogFbx: Dumping Node START [Plane] 
[2017.06.22-17.05.59:935][286]LogFbx: 	Total Deformer Count 415851296.
[2017.06.22-17.05.59:935][286]LogFbx: 	Attribute (Plane.001) Type (4).
[2017.06.22-17.05.59:935][286]LogFbx: 		[Node Attribute Child 1] Plane (Type Mesh).
[2017.06.22-17.05.59:935][286]LogFbx: Dumping Node END [Plane]
[2017.06.22-17.05.59:939][286]LogFbx:Warning: Triangulating static mesh Plane
[2017.06.22-17.06.13:488][286]LogStaticMesh: Building static mesh Plane_001...
[2017.06.22-17.06.13:708][286]LogMeshUtilities: Invalid vertex normals found for mesh. Forcing recomputation of vertex normals for MikkTSpace. Fix mesh or disable "Use MikkTSpace Tangent Space" to avoid forced recomputation of normals.
