Log file open, 06/23/17 15:37:09
LogInit:Display: Running engine for game: MyProject3
LogPlatformFile: Not using cached read wrapper
LogInit:Display: RandInit(64653085) SRandInit(64653086).
LogTaskGraph: Started task graph with 5 named threads and 8 total threads with 1 sets of task threads.
LogStats: Stats thread started at 0.084683
LogInit: Using libcurl 7.47.1
LogInit:  - built for x86_64-pc-win32
LogInit:  - supports SSL with OpenSSL/1.0.2g
LogInit:  - supports HTTP deflate (compression) using libz 1.2.8
LogInit:  - other features:
LogInit:      CURL_VERSION_SSL
LogInit:      CURL_VERSION_LIBZ
LogInit:      CURL_VERSION_IPV6
LogInit:      CURL_VERSION_ASYNCHDNS
LogInit:      CURL_VERSION_LARGEFILE
LogInit:      CURL_VERSION_IDN
LogInit:  CurlRequestOptions (configurable via config and command line):
LogInit:  - bVerifyPeer = false  - Libcurl will NOT verify peer certificate
LogInit:  - bUseHttpProxy = false  - Libcurl will NOT use HTTP proxy
LogInit:  - bDontReuseConnections = false  - Libcurl will reuse connections
LogInit:  - CertBundlePath = nullptr  - Libcurl will use whatever was configured at build time.
LogInit: Build: ++UE4+Release-4.15-CL-3450819
LogInit: Engine Version: 4.15.3-3450819+++UE4+Release-4.15
LogInit: Compatible Engine Version: 4.15.0-3299760+++UE4+Release-4.15
LogInit: Net CL: 3299760
LogDevObjectVersion: Number of dev versions registered: 14
LogDevObjectVersion:   Dev-Blueprints (B0D832E4-1F89-4F0D-ACCF-7EB736FD4AA2): 8
LogDevObjectVersion:   Dev-Build (E1C64328-A22C-4D53-A36C-8E866417BD8C): 0
LogDevObjectVersion:   Dev-Core (375EC13C-06E4-48FB-B500-84F0262A717E): 2
LogDevObjectVersion:   Dev-Editor (E4B068ED-F494-42E9-A231-DA0B2E46BB41): 14
LogDevObjectVersion:   Dev-Framework (CFFC743F-43B0-4480-9391-14DF171D2073): 22
LogDevObjectVersion:   Dev-Mobile (B02B49B5-BB20-44E9-A304-32B752E40360): 0
LogDevObjectVersion:   Dev-Networking (A4E4105C-59A1-49B5-A7C5-40C4547EDFEE): 0
LogDevObjectVersion:   Dev-Online (39C831C9-5AE6-47DC-9A44-9C173E1C8E7C): 0
LogDevObjectVersion:   Dev-Physics (78F01B33-EBEA-4F98-B9B4-84EACCB95AA2): 0
LogDevObjectVersion:   Dev-Platform (6631380F-2D4D-43E0-8009-CF276956A95A): 0
LogDevObjectVersion:   Dev-Rendering (12F88B9F-8875-4AFC-A67C-D90C383ABD29): 12
LogDevObjectVersion:   Dev-Sequencer (7B5AE74C-D270-4C10-A958-57980B212A5A): 3
LogDevObjectVersion:   Dev-VR (D7296918-1DD6-4BDD-9DE2-64A83CC13884): 0
LogDevObjectVersion:   Dev-LoadTimes (C2A15278-BFE7-4AFE-6C17-90FF531DF755): 1
LogInit: Compiled (64-bit): May 21 2017 11:02:34
LogInit: Compiled with Visual C++: 19.00.23026.00
LogInit: Build Configuration: Development
LogInit: Branch Name: ++UE4+Release-4.15
LogInit: Command line: -EpicPortal 
LogInit: Base directory: C:/Program Files/Epic Games/UE_4.15/Engine/Binaries/Win64/
LogInit: Installed Engine Build: 1
LogInit: Presizing for max 8388607 objects, including 0 objects not considered by GC, pre-allocating 0 bytes for permanent pool.
LogInit: Object subsystem initialized
[2017.06.23-12.37.10:702][  0]LogInit: Selected Device Profile: [Windows]
[2017.06.23-12.37.10:702][  0]LogInit: Applying CVar settings loaded from the selected device profile: [Windows]
[2017.06.23-12.37.10:728][  0]LogInit: Computer: IULIAN
[2017.06.23-12.37.10:728][  0]LogInit: User: Iuli
[2017.06.23-12.37.10:728][  0]LogInit: CPU Page size=65536, Cores=4
[2017.06.23-12.37.10:728][  0]LogInit: High frequency timer resolution =2.240911 MHz
[2017.06.23-12.37.10:728][  0]LogMemory: Memory total: Physical=7.9GB (8GB approx)
[2017.06.23-12.37.10:728][  0]LogMemory: Platform Memory Stats for Windows
[2017.06.23-12.37.10:728][  0]LogMemory: Process Physical Memory: 260.26 MB used, 260.26 MB peak
[2017.06.23-12.37.10:728][  0]LogMemory: Process Virtual Memory: 262.23 MB used, 262.23 MB peak
[2017.06.23-12.37.10:728][  0]LogMemory: Physical Memory: 3937.86 MB used,  4145.42 MB free, 8083.27 MB total
[2017.06.23-12.37.10:728][  0]LogMemory: Virtual Memory: 626.07 MB used,  4145.42 MB free, 134217728.00 MB total
[2017.06.23-12.37.10:814][  0]LogTextLocalizationManager: No translations for ('ro-RO') exist, falling back to 'en' for localization and internationalization data.
[2017.06.23-12.37.11:572][  0]LogD3D11RHI: D3D11 adapters:
[2017.06.23-12.37.11:602][  0]LogD3D11RHI:    0. 'NVIDIA GeForce 840M' (Feature Level 11_0)
[2017.06.23-12.37.11:602][  0]LogD3D11RHI:       1981/0/4041 MB DedicatedVideo/DedicatedSystem/SharedSystem, Outputs:2, VendorId:0x10de
[2017.06.23-12.37.11:608][  0]LogD3D11RHI:    1. 'Intel(R) HD Graphics 4600' (Feature Level 11_0)
[2017.06.23-12.37.11:608][  0]LogD3D11RHI:       160/0/1760 MB DedicatedVideo/DedicatedSystem/SharedSystem, Outputs:0, VendorId:0x8086
[2017.06.23-12.37.11:609][  0]LogD3D11RHI:    2. 'Microsoft Basic Render Driver' (Feature Level 11_0)
[2017.06.23-12.37.11:609][  0]LogD3D11RHI:       0/0/256 MB DedicatedVideo/DedicatedSystem/SharedSystem, Outputs:0, VendorId:0x1414
[2017.06.23-12.37.11:609][  0]LogD3D11RHI: Chosen D3D11 Adapter: 0
[2017.06.23-12.37.11:613][  0]LogD3D11RHI: Creating new Direct3DDevice
[2017.06.23-12.37.11:613][  0]LogD3D11RHI:     GPU DeviceId: 0x1341 (for the marketing name, search the web for "GPU Device Id")
[2017.06.23-12.37.11:613][  0]LogWindows: EnumDisplayDevices:
[2017.06.23-12.37.11:613][  0]LogWindows:    0. 'Intel(R) HD Graphics 4600' (P:1 D:1)
[2017.06.23-12.37.11:613][  0]LogWindows:    1. 'Intel(R) HD Graphics 4600' (P:0 D:1)
[2017.06.23-12.37.11:613][  0]LogWindows:    2. 'Intel(R) HD Graphics 4600' (P:0 D:0)
[2017.06.23-12.37.11:613][  0]LogWindows: DebugString: PrimaryIsNotTheChoosenAdapter PrimaryIsNotTheChoosenAdapter PrimaryIsNotTheChoosenAdapter FoundDriverCount:0 
[2017.06.23-12.37.11:613][  0]LogD3D11RHI:     Adapter Name: NVIDIA GeForce 840M
[2017.06.23-12.37.11:613][  0]LogD3D11RHI:   Driver Version: Unknown (internal:Unknown, unified:Unknown)
[2017.06.23-12.37.11:613][  0]LogD3D11RHI:      Driver Date: Unknown
[2017.06.23-12.37.11:613][  0]LogRHI: Texture pool is 1361 MB (70% of 1945 MB)
[2017.06.23-12.37.11:627][  0]LogD3D11RHI: Async texture creation enabled
[2017.06.23-12.37.11:646][  0]LogD3D11RHI: GPU Timing Frequency: 1000.000000 (Debug: 2 2)
[2017.06.23-12.37.11:647][  0]LogShaderCompilers: Guid format shader working directory is -20 characters bigger than the processId version (../../../../../../Users/Iuli/Documents/Unreal Projects/MyProject3/Intermediate/Shaders/WorkingDirectory/7668/).
[2017.06.23-12.37.11:647][  0]LogShaderCompilers: Cleaned the shader compiler working directory 'C:/Users/Iuli/AppData/Local/Temp/UnrealShaderWorkingDir/B83DD5EB45A738CC6EBB19ADC0A02C27/'.
[2017.06.23-12.37.11:647][  0]LogShaderCompilers:Display: Using Local Shader Compiler.
[2017.06.23-12.37.12:809][  0]LogTemp:Display: Loaded TP AllDesktopTargetPlatform
[2017.06.23-12.37.12:870][  0]LogTemp:Display: Loaded TP MacClientTargetPlatform
[2017.06.23-12.37.12:928][  0]LogTemp:Display: Loaded TP MacNoEditorTargetPlatform
[2017.06.23-12.37.12:987][  0]LogTemp:Display: Loaded TP MacServerTargetPlatform
[2017.06.23-12.37.13:048][  0]LogTemp:Display: Loaded TP MacTargetPlatform
[2017.06.23-12.37.13:108][  0]LogTemp:Display: Loaded TP WindowsClientTargetPlatform
[2017.06.23-12.37.13:167][  0]LogTemp:Display: Loaded TP WindowsNoEditorTargetPlatform
[2017.06.23-12.37.13:225][  0]LogTemp:Display: Loaded TP WindowsServerTargetPlatform
[2017.06.23-12.37.13:274][  0]LogTemp:Display: Loaded TP WindowsTargetPlatform
[2017.06.23-12.37.13:334][  0]LogTemp:Display: Loaded TP AndroidTargetPlatform
[2017.06.23-12.37.13:393][  0]LogTemp:Display: Loaded TP Android_ASTCTargetPlatform
[2017.06.23-12.37.13:453][  0]LogTemp:Display: Loaded TP Android_ATCTargetPlatform
[2017.06.23-12.37.13:513][  0]LogTemp:Display: Loaded TP Android_DXTTargetPlatform
[2017.06.23-12.37.13:575][  0]LogTemp:Display: Loaded TP Android_ETC1TargetPlatform
[2017.06.23-12.37.13:634][  0]LogTemp:Display: Loaded TP Android_ETC2TargetPlatform
[2017.06.23-12.37.13:755][  0]LogTemp:Display: Loaded TP Android_MultiTargetPlatform
[2017.06.23-12.37.13:755][  0]LogTemp:Display: Loaded TP Android_PVRTCTargetPlatform
[2017.06.23-12.37.13:797][  0]LogTemp:Display: Loaded TP HTML5TargetPlatform
[2017.06.23-12.37.13:901][  0]LogTemp:Display: Loaded TP IOSTargetPlatform
[2017.06.23-12.37.13:937][  0]LogTemp:Display: Loaded TP TVOSTargetPlatform
[2017.06.23-12.37.13:995][  0]LogTemp:Display: Loaded TP LinuxClientTargetPlatform
[2017.06.23-12.37.14:054][  0]LogTemp:Display: Loaded TP LinuxNoEditorTargetPlatform
[2017.06.23-12.37.14:114][  0]LogTemp:Display: Loaded TP LinuxServerTargetPlatform
[2017.06.23-12.37.14:175][  0]LogTemp:Display: Loaded TP LinuxTargetPlatform
[2017.06.23-12.37.14:175][  0]LogTargetPlatformManager:Display: Building Assets For Windows
[2017.06.23-12.37.14:648][  0]LogDerivedDataCache:Display: Max Cache Size: 512 MB
[2017.06.23-12.37.14:712][  0]LogDerivedDataCache: Loaded boot cache 0.05s 50MB C:/Users/Iuli/AppData/Local/UnrealEngine/4.15/DerivedDataCache/Boot.ddc.
[2017.06.23-12.37.14:719][  0]LogDerivedDataCache:Display: Loaded Boot cache: C:/Users/Iuli/AppData/Local/UnrealEngine/4.15/DerivedDataCache/Boot.ddc
[2017.06.23-12.37.14:719][  0]LogDerivedDataCache: FDerivedDataBackendGraph:  Pak pak cache file ../../../../../../Users/Iuli/Documents/Unreal Projects/MyProject3/DerivedDataCache/DDC.ddp not found, will not use a pak cache.
[2017.06.23-12.37.14:719][  0]LogDerivedDataCache: Unable to find inner node Pak for hierarchical cache Hierarchy.
[2017.06.23-12.37.14:719][  0]LogDerivedDataCache: FDerivedDataBackendGraph:  CompressedPak pak cache file ../../../../../../Users/Iuli/Documents/Unreal Projects/MyProject3/DerivedDataCache/Compressed.ddp not found, will not use a pak cache.
[2017.06.23-12.37.14:719][  0]LogDerivedDataCache: Unable to find inner node CompressedPak for hierarchical cache Hierarchy.
[2017.06.23-12.37.14:739][  0]LogDerivedDataCache:Display: Pak cache opened for reading ../../../Engine/DerivedDataCache/Compressed.ddp.
[2017.06.23-12.37.14:751][  0]LogDerivedDataCache: Using Local data cache path C:/Users/Iuli/AppData/Local/UnrealEngine/Common/DerivedDataCache: Writable
[2017.06.23-12.37.14:760][  0]LogSlate: Using Freetype 2.6.0
[2017.06.23-12.37.14:761][  0]LogSlate: SlateFontCache - WITH_FREETYPE: 1, WITH_HARFBUZZ: 1
[2017.06.23-12.37.14:761][  0]LogSlate: SlateFontCache - WITH_FREETYPE: 1, WITH_HARFBUZZ: 1
[2017.06.23-12.37.15:094][  0]LogInit: Selected Device Profile: [Windows]
[2017.06.23-12.37.15:096][  0]LogContentStreaming: Texture pool size is 0.00 MB
[2017.06.23-12.37.15:319][  0]LogMeshUtilities: Using QuadricMeshReduction for automatic static mesh reduction
[2017.06.23-12.37.15:366][  0]LogSimplygon: Simplygon DLL not present - disabling.
[2017.06.23-12.37.15:417][  0]LogMeshUtilities: Using SimplygonSwarm for distributed automatic mesh merging
[2017.06.23-12.37.15:417][  0]LogMeshUtilities: No automatic skeletal mesh reduction module available
[2017.06.23-12.37.15:417][  0]LogMeshUtilities: No automatic mesh merging module available
[2017.06.23-12.37.16:042][  0]LogNetVersion: GetLocalNetworkVersion: CL: 3299760, ProjectName: myproject3, ProjectVersion: , EngineNetworkVersion: 2, GameNetworkVersion: 0, NetworkChecksum: 2476145178
[2017.06.23-12.37.16:087][  0]LogAssetRegistry: FAssetRegistry took 0.0221 seconds to start up
[2017.06.23-12.37.16:275][  0]LogPackageLocalizationCache: Processed 3 localized package path(s) for 1 prioritized culture(s) in 0.167502 seconds
[2017.06.23-12.37.16:281][  0]LogUObjectArray: 32493 objects as part of root set at end of initial load.
[2017.06.23-12.37.16:281][  0]LogUObjectAllocator: 7077024 out of 0 bytes used by permanent object pool.
[2017.06.23-12.37.16:281][  0]LogUObjectArray: CloseDisregardForGC: 0/0 objects in disregard for GC pool
[2017.06.23-12.37.16:342][  0]LogInit: WinSock: version 1.1 (2.2), MaxSocks=32767, MaxUdp=65467
[2017.06.23-12.37.18:140][  0]LogTcpMessaging: Initializing TcpMessaging bridge
[2017.06.23-12.37.18:181][  0]LogUdpMessaging: Initializing bridge on interface 0.0.0.0:0 to multicast group 230.0.0.1:6666.
[2017.06.23-12.37.18:742][  0]LogMaterial: Uniform references updated for custom material expression Custom.
[2017.06.23-12.37.19:183][  0]SourceControl: Info Source control is disabled
[2017.06.23-12.37.19:184][  0]SourceControl: Info Source control is disabled
[2017.06.23-12.37.19:237][  0]SourceControl: Info Source control is disabled
[2017.06.23-12.37.19:288][  0]SourceControl: Info Source control is disabled
[2017.06.23-12.37.20:669][  0]LogEngine: Initializing Engine...
[2017.06.23-12.37.20:669][  0]LogHMD: Failed to initialize OpenVR with code 110
[2017.06.23-12.37.20:782][  0]LogStats: UGameplayTagsManager::ConstructGameplayTagTree: Construct from data asset -  0.000 s
[2017.06.23-12.37.20:782][  0]LogStats: UGameplayTagsManager::ConstructGameplayTagTree: GameplayTagTreeChangedEvent.Broadcast -  0.000 s
[2017.06.23-12.37.20:913][  0]LogAIModule: Creating AISystem for world Untitled
[2017.06.23-12.37.20:921][  0]LogInit: XAudio2 using 'Speakers (USB PnP Sound Device)' : 2 channels at 44.1 kHz using 16 bits per sample (channel mask 0x3)
[2017.06.23-12.37.20:928][  0]LogInit: FAudioDevice initialized.
[2017.06.23-12.37.20:974][  0]LogDerivedDataCache: Saved boot cache 0.05s 50MB C:/Users/Iuli/AppData/Local/UnrealEngine/4.15/DerivedDataCache/Boot.ddc.
[2017.06.23-12.37.20:980][  0]LogInit: Texture streaming: Enabled
[2017.06.23-12.37.21:073][  0]LogEngineSessionManager: EngineSessionManager initialized
[2017.06.23-12.37.21:164][  0]LogInit: Transaction tracking system initialized
[2017.06.23-12.37.21:528][  0]BlueprintLog: New page: Editor Load
[2017.06.23-12.37.22:550][  0]LocalizationService: Info Localization service is disabled
[2017.06.23-12.37.23:247][  0]LogConsoleResponse:Display: 
[2017.06.23-12.37.23:439][  0]LogCook:Display: Max memory allowance for cook 16384mb min free memory 0mb
[2017.06.23-12.37.23:439][  0]LogCook:Display: Mobile HDR setting 1
[2017.06.23-12.37.24:517][  0]LogFileCache: Scanning file cache for directory 'C:/Users/Iuli/Documents/Unreal Projects/MyProject3/Content/' took 0.04s
[2017.06.23-12.37.24:567][  0]SourceControl: Info Source control is disabled
[2017.06.23-12.37.24:567][  0]Cmd: MAP LOAD FILE="../../../../../../Users/Iuli/Documents/Unreal Projects/MyProject3/Content/StarterContent/Maps/Minimal_Default.umap" TEMPLATE=0 SHOWPROGRESS=1 FEATURELEVEL=3
[2017.06.23-12.37.24:668][  0]LightingResults: New page: Lighting Build
[2017.06.23-12.37.24:712][  0]MapCheck: New page: Map Check
[2017.06.23-12.37.24:712][  0]LightingResults: New page: Lighting Build
[2017.06.23-12.37.31:316][  0]LogAIModule: Creating AISystem for world Minimal_Default
[2017.06.23-12.37.31:412][  0]LogEditorServer: Finished looking for orphan Actors (0.000 secs)
[2017.06.23-12.37.31:413][  0]Cmd: MAP CHECKDEP NOCLEARLOG
[2017.06.23-12.37.31:487][  0]MapCheck: Info Map check complete: 0 Error(s), 0 Warning(s), took 74.283ms to complete.
[2017.06.23-12.37.31:487][  0]LogFileHelpers: Loading map 'Minimal_Default' took 6.921
[2017.06.23-12.37.32:407][  0]LogCollectionManager: Loaded 0 collections in 0.001799 seconds
[2017.06.23-12.37.33:176][  0]LogFileCache: Scanning file cache for directory 'C:/Users/Iuli/Documents/Unreal Projects/MyProject3/Saved/Collections/' took 0.01s
[2017.06.23-12.37.33:176][  0]LogFileCache: Scanning file cache for directory 'C:/Users/Iuli/Documents/Unreal Projects/MyProject3/Content/Developers/Iuli/Collections/' took 0.01s
[2017.06.23-12.37.33:176][  0]LogFileCache: Scanning file cache for directory 'C:/Users/Iuli/Documents/Unreal Projects/MyProject3/Content/Collections/' took 0.01s
[2017.06.23-12.37.33:176][  0]LogCollectionManager: Rebuilt the GUID cache for 0 collections in 0.000002 seconds
[2017.06.23-12.37.33:280][  0]LogContentBrowser: Native class hierarchy populated in 0.0089 seconds. Added 2245 classes and 453 folders.
[2017.06.23-12.37.33:442][  0]LogContentBrowser: Native class hierarchy updated for 'WidgetCarousel' in 0.0005 seconds. Added 0 classes and 0 folders.
[2017.06.23-12.37.38:180][  0]LogContentBrowser: Native class hierarchy updated for 'AddContentDialog' in 0.0006 seconds. Added 0 classes and 0 folders.
[2017.06.23-12.37.39:176][  0]LogContentBrowser: Native class hierarchy updated for 'SceneOutliner' in 0.0006 seconds. Added 1 classes and 2 folders.
[2017.06.23-12.37.41:593][  0]LogCrashTracker: Crashtracker disabled due to settings.
[2017.06.23-12.37.41:601][  0]LogUObjectGlobals:Warning: Failed to find object 'Class None.'
[2017.06.23-12.37.41:674][  0]LogContentBrowser: Native class hierarchy updated for 'HierarchicalLODOutliner' in 0.0006 seconds. Added 1 classes and 2 folders.
[2017.06.23-12.37.41:675][  0]LogLoad: (Engine Initialization) Total time: 34.31 seconds
[2017.06.23-12.37.41:675][  0]LogLoad: (Engine Initialization) Total Blueprint compile time: 0.09 seconds
[2017.06.23-12.37.41:675][  0]LogExternalProfiler: No external profilers were discovered.  External profiling features will not be available.
[2017.06.23-12.37.42:016][  0]LogOcInput: OculusInput pre-init called
[2017.06.23-12.37.42:041][  0]LogContentStreaming: Texture pool size now 1000 MB
[2017.06.23-12.37.42:043][  0]LogSlate: Took 0.000315 seconds to synchronously load lazily loaded font '../../../Engine/Content/Slate/Fonts/Roboto-Regular.ttf' (155K)
[2017.06.23-12.37.42:047][  0]LogSlate: Took 0.000318 seconds to synchronously load lazily loaded font '../../../Engine/Content/Slate/Fonts/Roboto-Bold.ttf' (160K)
[2017.06.23-12.37.42:084][  0]LogSlate: Took 0.034976 seconds to synchronously load lazily loaded font '../../../Engine/Content/Editor/Slate/Fonts/FontAwesome.ttf' (139K)
[2017.06.23-12.37.42:877][  0]LogRenderer: Reallocating scene render targets to support 604x612 NumSamples 1 (Frame:2).
[2017.06.23-12.37.43:288][  1]LogSlate: Took 0.028549 seconds to synchronously load lazily loaded font '../../../Engine/Content/Slate/Fonts/Roboto-Light.ttf' (159K)
[2017.06.23-12.37.43:510][  2]LogAssetRegistry: Asset discovery search completed in 27.4456 seconds
[2017.06.23-12.37.43:510][  2]LogCollectionManager: Rebuilt the object cache for 0 collections in 0.000007 seconds (found 0 objects)
[2017.06.23-12.37.43:510][  2]LogCollectionManager: Fixed up redirectors for 0 collections in 0.000027 seconds (updated 0 objects)
[2017.06.23-12.37.48:511][ 15]LogEditorViewport: Clicking on Actor (LMB): BP_Sky_Sphere_C (BP_Sky_Sphere)
[2017.06.23-12.37.50:930][ 15]LogEditorViewport: Clicking on Actor (LMB): BP_Sky_Sphere_C (BP_Sky_Sphere)
[2017.06.23-12.38.09:834][445]LogSlate: Took 0.000185 seconds to synchronously load lazily loaded font '../../../Engine/Content/Slate/Fonts/Roboto-Light.ttf' (159K)
[2017.06.23-12.38.09:921][445]LogFactory: FactoryCreateFile: World with FbxSceneImportFactory (0 0 ../../../../../../Users/Iuli/Desktop/Armchair_model2.fbx)
[2017.06.23-12.38.10:968][445]LogSlate: Took 0.000185 seconds to synchronously load lazily loaded font '../../../Engine/Content/Slate/Fonts/Roboto-Regular.ttf' (155K)
[2017.06.23-12.38.11:203][445]LogFbx: Loading FBX Scene from ../../../../../../Users/Iuli/Desktop/Armchair_model2.fbx
[2017.06.23-12.38.11:579][445]LogFbx: FBX Scene Loaded Succesfully
[2017.06.23-12.38.11:604][445]LogFbx: =================================================
[2017.06.23-12.38.11:604][445]LogFbx: Dumping Node START [szew] 
[2017.06.23-12.38.11:604][445]LogFbx: 	Total Deformer Count -231104672.
[2017.06.23-12.38.11:604][445]LogFbx: 	Attribute (Mesh.001) Type (4).
[2017.06.23-12.38.11:604][445]LogFbx: 		[Node Attribute Child 1] szew (Type Mesh).
[2017.06.23-12.38.11:604][445]LogFbx: Dumping Node END [szew]
[2017.06.23-12.38.11:604][445]LogFbx: =================================================
[2017.06.23-12.38.11:604][445]LogFbx: Dumping Node START [MalePodlokietniki] 
[2017.06.23-12.38.11:604][445]LogFbx: 	Total Deformer Count -190855552.
[2017.06.23-12.38.11:604][445]LogFbx: 	Attribute (Mesh.003) Type (4).
[2017.06.23-12.38.11:604][445]LogFbx: 		[Node Attribute Child 1] MalePodlokietniki (Type Mesh).
[2017.06.23-12.38.11:604][445]LogFbx: Dumping Node END [MalePodlokietniki]
[2017.06.23-12.38.11:604][445]LogFbx: =================================================
[2017.06.23-12.38.11:604][445]LogFbx: Dumping Node START [siedzenieSkora] 
[2017.06.23-12.38.11:604][445]LogFbx: 	Total Deformer Count -190855552.
[2017.06.23-12.38.11:604][445]LogFbx: 	Attribute (Mesh.004) Type (4).
[2017.06.23-12.38.11:604][445]LogFbx: 		[Node Attribute Child 1] siedzenieSkora (Type Mesh).
[2017.06.23-12.38.11:604][445]LogFbx: Dumping Node END [siedzenieSkora]
[2017.06.23-12.38.11:604][445]LogFbx: =================================================
[2017.06.23-12.38.11:604][445]LogFbx: Dumping Node START [siedzisko] 
[2017.06.23-12.38.11:604][445]LogFbx: 	Total Deformer Count -230422592.
[2017.06.23-12.38.11:604][445]LogFbx: 	Attribute (Mesh.005) Type (4).
[2017.06.23-12.38.11:604][445]LogFbx: 		[Node Attribute Child 1] siedzisko (Type Mesh).
[2017.06.23-12.38.11:604][445]LogFbx: Dumping Node END [siedzisko]
[2017.06.23-12.38.11:604][445]LogFbx: =================================================
[2017.06.23-12.38.11:604][445]LogFbx: Dumping Node START [wykonczenieDrewno] 
[2017.06.23-12.38.11:604][445]LogFbx: 	Total Deformer Count -190855712.
[2017.06.23-12.38.11:604][445]LogFbx: 	Attribute (Mesh.007) Type (4).
[2017.06.23-12.38.11:604][445]LogFbx: 		[Node Attribute Child 1] wykonczenieDrewno (Type Mesh).
[2017.06.23-12.38.11:604][445]LogFbx: Dumping Node END [wykonczenieDrewno]
[2017.06.23-12.38.11:604][445]LogFbx: =================================================
[2017.06.23-12.38.11:604][445]LogFbx: Dumping Node START [ZaslepkiDrewniane] 
[2017.06.23-12.38.11:604][445]LogFbx: 	Total Deformer Count -190855712.
[2017.06.23-12.38.11:604][445]LogFbx: 	Attribute (Mesh.008) Type (4).
[2017.06.23-12.38.11:604][445]LogFbx: 		[Node Attribute Child 1] ZaslepkiDrewniane (Type Mesh).
[2017.06.23-12.38.11:604][445]LogFbx: Dumping Node END [ZaslepkiDrewniane]
[2017.06.23-12.38.11:604][445]LogFbx: =================================================
[2017.06.23-12.38.11:604][445]LogFbx: Dumping Node START [podlokietnikiSkora] 
[2017.06.23-12.38.11:604][445]LogFbx: 	Total Deformer Count -1199145728.
[2017.06.23-12.38.11:604][445]LogFbx: 	Attribute (Mesh.009) Type (4).
[2017.06.23-12.38.11:604][445]LogFbx: 		[Node Attribute Child 1] podlokietnikiSkora (Type Mesh).
[2017.06.23-12.38.11:604][445]LogFbx: Dumping Node END [podlokietnikiSkora]
[2017.06.23-12.38.11:604][445]LogFbx: =================================================
[2017.06.23-12.38.11:604][445]LogFbx: Dumping Node START [oparcieSkora] 
[2017.06.23-12.38.11:604][445]LogFbx: 	Total Deformer Count -190855712.
[2017.06.23-12.38.11:604][445]LogFbx: 	Attribute (Mesh.010) Type (4).
[2017.06.23-12.38.11:604][445]LogFbx: 		[Node Attribute Child 1] oparcieSkora (Type Mesh).
[2017.06.23-12.38.11:604][445]LogFbx: Dumping Node END [oparcieSkora]
[2017.06.23-12.38.11:604][445]LogFbx: =================================================
[2017.06.23-12.38.11:604][445]LogFbx: Dumping Node START [Drewniany Ornament] 
[2017.06.23-12.38.11:604][445]LogFbx: 	Total Deformer Count -1199146304.
[2017.06.23-12.38.11:604][445]LogFbx: 	Attribute (Mesh.011) Type (4).
[2017.06.23-12.38.11:604][445]LogFbx: 		[Node Attribute Child 1] Drewniany Ornament (Type Mesh).
[2017.06.23-12.38.11:604][445]LogFbx: Dumping Node END [Drewniany Ornament]
[2017.06.23-12.38.11:604][445]LogFbx: =================================================
[2017.06.23-12.38.11:604][445]LogFbx: Dumping Node START [Nogi] 
[2017.06.23-12.38.11:604][445]LogFbx: 	Total Deformer Count -231107216.
[2017.06.23-12.38.11:604][445]LogFbx: 	Attribute (Mesh.012) Type (4).
[2017.06.23-12.38.11:604][445]LogFbx: 		[Node Attribute Child 1] Nogi (Type Mesh).
[2017.06.23-12.38.11:604][445]LogFbx: Dumping Node END [Nogi]
[2017.06.23-12.38.11:604][445]LogFbx: =================================================
[2017.06.23-12.38.11:604][445]LogFbx: Dumping Node START [szew] 
[2017.06.23-12.38.11:604][445]LogFbx: 	Total Deformer Count -231107216.
[2017.06.23-12.38.11:604][445]LogFbx: 	Attribute (Mesh.001) Type (4).
[2017.06.23-12.38.11:604][445]LogFbx: 		[Node Attribute Child 1] szew (Type Mesh).
[2017.06.23-12.38.11:604][445]LogFbx: Dumping Node END [szew]
[2017.06.23-12.38.11:604][445]LogFbx: =================================================
[2017.06.23-12.38.11:604][445]LogFbx: Dumping Node START [MalePodlokietniki] 
[2017.06.23-12.38.11:604][445]LogFbx: 	Total Deformer Count -190855952.
[2017.06.23-12.38.11:604][445]LogFbx: 	Attribute (Mesh.003) Type (4).
[2017.06.23-12.38.11:604][445]LogFbx: 		[Node Attribute Child 1] MalePodlokietniki (Type Mesh).
[2017.06.23-12.38.11:604][445]LogFbx: Dumping Node END [MalePodlokietniki]
[2017.06.23-12.38.11:604][445]LogFbx: =================================================
[2017.06.23-12.38.11:604][445]LogFbx: Dumping Node START [siedzenieSkora] 
[2017.06.23-12.38.11:604][445]LogFbx: 	Total Deformer Count -190855952.
[2017.06.23-12.38.11:604][445]LogFbx: 	Attribute (Mesh.004) Type (4).
[2017.06.23-12.38.11:604][445]LogFbx: 		[Node Attribute Child 1] siedzenieSkora (Type Mesh).
[2017.06.23-12.38.11:604][445]LogFbx: Dumping Node END [siedzenieSkora]
[2017.06.23-12.38.11:604][445]LogFbx: =================================================
[2017.06.23-12.38.11:604][445]LogFbx: Dumping Node START [siedzisko] 
[2017.06.23-12.38.11:604][445]LogFbx: 	Total Deformer Count -230422336.
[2017.06.23-12.38.11:604][445]LogFbx: 	Attribute (Mesh.005) Type (4).
[2017.06.23-12.38.11:604][445]LogFbx: 		[Node Attribute Child 1] siedzisko (Type Mesh).
[2017.06.23-12.38.11:604][445]LogFbx: Dumping Node END [siedzisko]
[2017.06.23-12.38.11:604][445]LogFbx: =================================================
[2017.06.23-12.38.11:604][445]LogFbx: Dumping Node START [wykonczenieDrewno] 
[2017.06.23-12.38.11:604][445]LogFbx: 	Total Deformer Count -190856112.
[2017.06.23-12.38.11:604][445]LogFbx: 	Attribute (Mesh.007) Type (4).
[2017.06.23-12.38.11:604][445]LogFbx: 		[Node Attribute Child 1] wykonczenieDrewno (Type Mesh).
[2017.06.23-12.38.11:604][445]LogFbx: Dumping Node END [wykonczenieDrewno]
[2017.06.23-12.38.11:604][445]LogFbx: =================================================
[2017.06.23-12.38.11:604][445]LogFbx: Dumping Node START [ZaslepkiDrewniane] 
[2017.06.23-12.38.11:604][445]LogFbx: 	Total Deformer Count -190856112.
[2017.06.23-12.38.11:604][445]LogFbx: 	Attribute (Mesh.008) Type (4).
[2017.06.23-12.38.11:605][445]LogFbx: 		[Node Attribute Child 1] ZaslepkiDrewniane (Type Mesh).
[2017.06.23-12.38.11:605][445]LogFbx: Dumping Node END [ZaslepkiDrewniane]
[2017.06.23-12.38.11:605][445]LogFbx: =================================================
[2017.06.23-12.38.11:605][445]LogFbx: Dumping Node START [podlokietnikiSkora] 
[2017.06.23-12.38.11:605][445]LogFbx: 	Total Deformer Count -1199148704.
[2017.06.23-12.38.11:605][445]LogFbx: 	Attribute (Mesh.009) Type (4).
[2017.06.23-12.38.11:605][445]LogFbx: 		[Node Attribute Child 1] podlokietnikiSkora (Type Mesh).
[2017.06.23-12.38.11:605][445]LogFbx: Dumping Node END [podlokietnikiSkora]
[2017.06.23-12.38.11:605][445]LogFbx: =================================================
[2017.06.23-12.38.11:605][445]LogFbx: Dumping Node START [oparcieSkora] 
[2017.06.23-12.38.11:605][445]LogFbx: 	Total Deformer Count -190856112.
[2017.06.23-12.38.11:605][445]LogFbx: 	Attribute (Mesh.010) Type (4).
[2017.06.23-12.38.11:605][445]LogFbx: 		[Node Attribute Child 1] oparcieSkora (Type Mesh).
[2017.06.23-12.38.11:605][445]LogFbx: Dumping Node END [oparcieSkora]
[2017.06.23-12.38.11:605][445]LogFbx: =================================================
[2017.06.23-12.38.11:605][445]LogFbx: Dumping Node START [Drewniany Ornament] 
[2017.06.23-12.38.11:605][445]LogFbx: 	Total Deformer Count -1199149280.
[2017.06.23-12.38.11:605][445]LogFbx: 	Attribute (Mesh.011) Type (4).
[2017.06.23-12.38.11:605][445]LogFbx: 		[Node Attribute Child 1] Drewniany Ornament (Type Mesh).
[2017.06.23-12.38.11:605][445]LogFbx: Dumping Node END [Drewniany Ornament]
[2017.06.23-12.38.11:605][445]LogFbx: =================================================
[2017.06.23-12.38.11:605][445]LogFbx: Dumping Node START [Nogi] 
[2017.06.23-12.38.11:605][445]LogFbx: 	Total Deformer Count -231104768.
[2017.06.23-12.38.11:605][445]LogFbx: 	Attribute (Mesh.012) Type (4).
[2017.06.23-12.38.11:605][445]LogFbx: 		[Node Attribute Child 1] Nogi (Type Mesh).
[2017.06.23-12.38.11:605][445]LogFbx: Dumping Node END [Nogi]
[2017.06.23-12.38.16:437][445]LogFbx: =================================================
[2017.06.23-12.38.16:437][445]LogFbx: Dumping Node START [szew] 
[2017.06.23-12.38.16:437][445]LogFbx: 	Total Deformer Count -230794288.
[2017.06.23-12.38.16:437][445]LogFbx: 	Attribute (Mesh.001) Type (4).
[2017.06.23-12.38.16:437][445]LogFbx: 		[Node Attribute Child 1] szew (Type Mesh).
[2017.06.23-12.38.16:437][445]LogFbx: Dumping Node END [szew]
[2017.06.23-12.38.16:437][445]LogFbx: =================================================
[2017.06.23-12.38.16:437][445]LogFbx: Dumping Node START [MalePodlokietniki] 
[2017.06.23-12.38.16:437][445]LogFbx: 	Total Deformer Count -95584816.
[2017.06.23-12.38.16:437][445]LogFbx: 	Attribute (Mesh.003) Type (4).
[2017.06.23-12.38.16:437][445]LogFbx: 		[Node Attribute Child 1] MalePodlokietniki (Type Mesh).
[2017.06.23-12.38.16:437][445]LogFbx: Dumping Node END [MalePodlokietniki]
[2017.06.23-12.38.16:437][445]LogFbx: =================================================
[2017.06.23-12.38.16:437][445]LogFbx: Dumping Node START [siedzenieSkora] 
[2017.06.23-12.38.16:437][445]LogFbx: 	Total Deformer Count -95584816.
[2017.06.23-12.38.16:437][445]LogFbx: 	Attribute (Mesh.004) Type (4).
[2017.06.23-12.38.16:437][445]LogFbx: 		[Node Attribute Child 1] siedzenieSkora (Type Mesh).
[2017.06.23-12.38.16:438][445]LogFbx: Dumping Node END [siedzenieSkora]
[2017.06.23-12.38.16:438][445]LogFbx: =================================================
[2017.06.23-12.38.16:438][445]LogFbx: Dumping Node START [siedzisko] 
[2017.06.23-12.38.16:438][445]LogFbx: 	Total Deformer Count -94971648.
[2017.06.23-12.38.16:438][445]LogFbx: 	Attribute (Mesh.005) Type (4).
[2017.06.23-12.38.16:438][445]LogFbx: 		[Node Attribute Child 1] siedzisko (Type Mesh).
[2017.06.23-12.38.16:438][445]LogFbx: Dumping Node END [siedzisko]
[2017.06.23-12.38.16:438][445]LogFbx: =================================================
[2017.06.23-12.38.16:438][445]LogFbx: Dumping Node START [wykonczenieDrewno] 
[2017.06.23-12.38.16:438][445]LogFbx: 	Total Deformer Count -95584656.
[2017.06.23-12.38.16:438][445]LogFbx: 	Attribute (Mesh.007) Type (4).
[2017.06.23-12.38.16:438][445]LogFbx: 		[Node Attribute Child 1] wykonczenieDrewno (Type Mesh).
[2017.06.23-12.38.16:438][445]LogFbx: Dumping Node END [wykonczenieDrewno]
[2017.06.23-12.38.16:438][445]LogFbx: =================================================
[2017.06.23-12.38.16:438][445]LogFbx: Dumping Node START [ZaslepkiDrewniane] 
[2017.06.23-12.38.16:438][445]LogFbx: 	Total Deformer Count -95584656.
[2017.06.23-12.38.16:438][445]LogFbx: 	Attribute (Mesh.008) Type (4).
[2017.06.23-12.38.16:438][445]LogFbx: 		[Node Attribute Child 1] ZaslepkiDrewniane (Type Mesh).
[2017.06.23-12.38.16:438][445]LogFbx: Dumping Node END [ZaslepkiDrewniane]
[2017.06.23-12.38.16:438][445]LogFbx: =================================================
[2017.06.23-12.38.16:438][445]LogFbx: Dumping Node START [podlokietnikiSkora] 
[2017.06.23-12.38.16:438][445]LogFbx: 	Total Deformer Count -95226304.
[2017.06.23-12.38.16:438][445]LogFbx: 	Attribute (Mesh.009) Type (4).
[2017.06.23-12.38.16:438][445]LogFbx: 		[Node Attribute Child 1] podlokietnikiSkora (Type Mesh).
[2017.06.23-12.38.16:438][445]LogFbx: Dumping Node END [podlokietnikiSkora]
[2017.06.23-12.38.16:438][445]LogFbx: =================================================
[2017.06.23-12.38.16:438][445]LogFbx: Dumping Node START [oparcieSkora] 
[2017.06.23-12.38.16:438][445]LogFbx: 	Total Deformer Count -95584656.
[2017.06.23-12.38.16:438][445]LogFbx: 	Attribute (Mesh.010) Type (4).
[2017.06.23-12.38.16:438][445]LogFbx: 		[Node Attribute Child 1] oparcieSkora (Type Mesh).
[2017.06.23-12.38.16:438][445]LogFbx: Dumping Node END [oparcieSkora]
[2017.06.23-12.38.16:438][445]LogFbx: =================================================
[2017.06.23-12.38.16:438][445]LogFbx: Dumping Node START [Drewniany Ornament] 
[2017.06.23-12.38.16:438][445]LogFbx: 	Total Deformer Count -95225824.
[2017.06.23-12.38.16:438][445]LogFbx: 	Attribute (Mesh.011) Type (4).
[2017.06.23-12.38.16:438][445]LogFbx: 		[Node Attribute Child 1] Drewniany Ornament (Type Mesh).
[2017.06.23-12.38.16:438][445]LogFbx: Dumping Node END [Drewniany Ornament]
[2017.06.23-12.38.16:438][445]LogFbx: =================================================
[2017.06.23-12.38.16:438][445]LogFbx: Dumping Node START [Nogi] 
[2017.06.23-12.38.16:438][445]LogFbx: 	Total Deformer Count -230795056.
[2017.06.23-12.38.16:438][445]LogFbx: 	Attribute (Mesh.012) Type (4).
[2017.06.23-12.38.16:438][445]LogFbx: 		[Node Attribute Child 1] Nogi (Type Mesh).
[2017.06.23-12.38.16:438][445]LogFbx: Dumping Node END [Nogi]
[2017.06.23-12.38.16:438][445]LogFbx: =================================================
[2017.06.23-12.38.16:438][445]LogFbx: Dumping Node START [szew] 
[2017.06.23-12.38.16:438][445]LogFbx: 	Total Deformer Count -230795056.
[2017.06.23-12.38.16:438][445]LogFbx: 	Attribute (Mesh.001) Type (4).
[2017.06.23-12.38.16:438][445]LogFbx: 		[Node Attribute Child 1] szew (Type Mesh).
[2017.06.23-12.38.16:438][445]LogFbx: Dumping Node END [szew]
[2017.06.23-12.38.16:438][445]LogFbx: =================================================
[2017.06.23-12.38.16:438][445]LogFbx: Dumping Node START [MalePodlokietniki] 
[2017.06.23-12.38.16:438][445]LogFbx: 	Total Deformer Count -95584496.
[2017.06.23-12.38.16:438][445]LogFbx: 	Attribute (Mesh.003) Type (4).
[2017.06.23-12.38.16:438][445]LogFbx: 		[Node Attribute Child 1] MalePodlokietniki (Type Mesh).
[2017.06.23-12.38.16:438][445]LogFbx: Dumping Node END [MalePodlokietniki]
[2017.06.23-12.38.16:438][445]LogFbx: =================================================
[2017.06.23-12.38.16:438][445]LogFbx: Dumping Node START [siedzenieSkora] 
[2017.06.23-12.38.16:438][445]LogFbx: 	Total Deformer Count -95584496.
[2017.06.23-12.38.16:438][445]LogFbx: 	Attribute (Mesh.004) Type (4).
[2017.06.23-12.38.16:438][445]LogFbx: 		[Node Attribute Child 1] siedzenieSkora (Type Mesh).
[2017.06.23-12.38.16:438][445]LogFbx: Dumping Node END [siedzenieSkora]
[2017.06.23-12.38.16:438][445]LogFbx: =================================================
[2017.06.23-12.38.16:438][445]LogFbx: Dumping Node START [siedzisko] 
[2017.06.23-12.38.16:438][445]LogFbx: 	Total Deformer Count -94970496.
[2017.06.23-12.38.16:438][445]LogFbx: 	Attribute (Mesh.005) Type (4).
[2017.06.23-12.38.16:438][445]LogFbx: 		[Node Attribute Child 1] siedzisko (Type Mesh).
[2017.06.23-12.38.16:438][445]LogFbx: Dumping Node END [siedzisko]
[2017.06.23-12.38.16:438][445]LogFbx: =================================================
[2017.06.23-12.38.16:438][445]LogFbx: Dumping Node START [wykonczenieDrewno] 
[2017.06.23-12.38.16:438][445]LogFbx: 	Total Deformer Count -95585456.
[2017.06.23-12.38.16:438][445]LogFbx: 	Attribute (Mesh.007) Type (4).
[2017.06.23-12.38.16:438][445]LogFbx: 		[Node Attribute Child 1] wykonczenieDrewno (Type Mesh).
[2017.06.23-12.38.16:438][445]LogFbx: Dumping Node END [wykonczenieDrewno]
[2017.06.23-12.38.16:438][445]LogFbx: =================================================
[2017.06.23-12.38.16:438][445]LogFbx: Dumping Node START [ZaslepkiDrewniane] 
[2017.06.23-12.38.16:438][445]LogFbx: 	Total Deformer Count -95585456.
[2017.06.23-12.38.16:438][445]LogFbx: 	Attribute (Mesh.008) Type (4).
[2017.06.23-12.38.16:438][445]LogFbx: 		[Node Attribute Child 1] ZaslepkiDrewniane (Type Mesh).
[2017.06.23-12.38.16:438][445]LogFbx: Dumping Node END [ZaslepkiDrewniane]
[2017.06.23-12.38.16:438][445]LogFbx: =================================================
[2017.06.23-12.38.16:438][445]LogFbx: Dumping Node START [podlokietnikiSkora] 
[2017.06.23-12.38.16:438][445]LogFbx: 	Total Deformer Count -95229376.
[2017.06.23-12.38.16:438][445]LogFbx: 	Attribute (Mesh.009) Type (4).
[2017.06.23-12.38.16:438][445]LogFbx: 		[Node Attribute Child 1] podlokietnikiSkora (Type Mesh).
[2017.06.23-12.38.16:438][445]LogFbx: Dumping Node END [podlokietnikiSkora]
[2017.06.23-12.38.16:438][445]LogFbx: =================================================
[2017.06.23-12.38.16:438][445]LogFbx: Dumping Node START [oparcieSkora] 
[2017.06.23-12.38.16:438][445]LogFbx: 	Total Deformer Count -95585456.
[2017.06.23-12.38.16:438][445]LogFbx: 	Attribute (Mesh.010) Type (4).
[2017.06.23-12.38.16:438][445]LogFbx: 		[Node Attribute Child 1] oparcieSkora (Type Mesh).
[2017.06.23-12.38.16:438][445]LogFbx: Dumping Node END [oparcieSkora]
[2017.06.23-12.38.16:438][445]LogFbx: =================================================
[2017.06.23-12.38.16:438][445]LogFbx: Dumping Node START [Drewniany Ornament] 
[2017.06.23-12.38.16:438][445]LogFbx: 	Total Deformer Count -95229952.
[2017.06.23-12.38.16:438][445]LogFbx: 	Attribute (Mesh.011) Type (4).
[2017.06.23-12.38.16:438][445]LogFbx: 		[Node Attribute Child 1] Drewniany Ornament (Type Mesh).
[2017.06.23-12.38.16:438][445]LogFbx: Dumping Node END [Drewniany Ornament]
[2017.06.23-12.38.16:438][445]LogFbx: =================================================
[2017.06.23-12.38.16:438][445]LogFbx: Dumping Node START [Nogi] 
[2017.06.23-12.38.16:438][445]LogFbx: 	Total Deformer Count -230794528.
[2017.06.23-12.38.16:438][445]LogFbx: 	Attribute (Mesh.012) Type (4).
[2017.06.23-12.38.16:438][445]LogFbx: 		[Node Attribute Child 1] Nogi (Type Mesh).
[2017.06.23-12.38.16:438][445]LogFbx: Dumping Node END [Nogi]
[2017.06.23-12.38.16:439][445]LogFbx:Warning: Triangulating static mesh szew
[2017.06.23-12.38.17:073][445]LogStaticMesh: Building static mesh Mesh_001...
[2017.06.23-12.38.17:079][445]LogMeshUtilities: Invalid vertex normals found for mesh. Forcing recomputation of vertex normals for MikkTSpace. Fix mesh or disable "Use MikkTSpace Tangent Space" to avoid forced recomputation of normals.
[2017.06.23-12.38.17:994][445]LogStaticMesh: Built static mesh [0.96s] /Game/StarterContent/Mesh_001.Mesh_001
[2017.06.23-12.38.18:162][445]LogPhysics:Warning: PHYSX: (D:\Build\++UE4+Release-4.15+PhysX_Compile\Sync\Engine\Source\ThirdParty\PhysX\PhysX_3.4\Source\PhysXCooking\src\mesh\TriangleMeshBuilder.cpp 1080) eINTERNAL_ERROR : cleaning the mesh failed
[2017.06.23-12.38.18:183][445]LogPhysics:Warning: Failed to cook TriMesh: /Game/StarterContent/Mesh_001.Mesh_001.
[2017.06.23-12.38.18:662][445]LogPhysics:Warning: PHYSX: (D:\Build\++UE4+Release-4.15+PhysX_Compile\Sync\Engine\Source\ThirdParty\PhysX\PhysX_3.4\Source\PhysXCooking\src\mesh\TriangleMeshBuilder.cpp 1080) eINTERNAL_ERROR : cleaning the mesh failed
[2017.06.23-12.38.18:662][445]LogPhysics:Warning: Failed to cook TriMesh: /Game/StarterContent/Mesh_001.Mesh_001.
[2017.06.23-12.38.18:735][445]LogLinker: Can't find file '/Game/StarterContent/Material_005'
[2017.06.23-12.38.18:735][445]LogLinker: Can't find file '/Game/StarterContent/Material_005'
[2017.06.23-12.38.18:946][445]LogLinker: Can't find file '/Game/StarterContent/armchair_fabric_color'
[2017.06.23-12.38.18:946][445]LogLinker: Can't find file '/Game/StarterContent/armchair_fabric_color'
[2017.06.23-12.38.19:403][445]LogTexture:Display: Building textures: armchair_fabric_color (AutoDXT, 1684X1680) - 83 MB total VRAM
[2017.06.23-12.38.22:105][445]LogMaterial: Missing cached shader map for material Material_005, compiling. 
[2017.06.23-12.38.22:353][445]LogTemp:Display: Added material ShaderMap 0x000000B5F8C36B00 with Material 0x000000B5FA398D00 to ShaderMapsBeingCompiled
[2017.06.23-12.38.22:517][445]LogTemp:Display: Kicking off shader compilation for Material_005, GameThreadShaderMap 0x000000B5F8C36B00
[2017.06.23-12.38.22:532][445]LogFbx:Warning: Triangulating static mesh MalePodlokietniki
[2017.06.23-12.38.23:967][445]LogStaticMesh: Building static mesh Mesh_003...
[2017.06.23-12.38.23:991][445]LogMeshUtilities: Invalid vertex normals found for mesh. Forcing recomputation of vertex normals for MikkTSpace. Fix mesh or disable "Use MikkTSpace Tangent Space" to avoid forced recomputation of normals.
[2017.06.23-12.38.28:160][445]LogStaticMesh: Built static mesh [4.30s] /Game/StarterContent/Mesh_003.Mesh_003
[2017.06.23-12.38.28:458][445]LogLinker: Can't find file '/Game/StarterContent/Material_001'
[2017.06.23-12.38.28:458][445]LogLinker: Can't find file '/Game/StarterContent/Material_001'
[2017.06.23-12.38.28:580][445]LogMaterial: Missing cached shader map for material Material_001, compiling. 
[2017.06.23-12.38.28:581][445]LogTemp:Display: Added material ShaderMap 0x000000B5FA4BC480 with Material 0x000000B5F2158700 to ShaderMapsBeingCompiled
[2017.06.23-12.38.28:594][445]LogTemp:Display: Kicking off shader compilation for Material_001, GameThreadShaderMap 0x000000B5FA4BC480
[2017.06.23-12.38.28:594][445]LogFbx:Warning: Triangulating static mesh siedzenieSkora
[2017.06.23-12.38.31:273][445]LogStaticMesh: Building static mesh Mesh_004...
[2017.06.23-12.38.31:308][445]LogMeshUtilities: Invalid vertex normals found for mesh. Forcing recomputation of vertex normals for MikkTSpace. Fix mesh or disable "Use MikkTSpace Tangent Space" to avoid forced recomputation of normals.
[2017.06.23-12.38.50:580][445]LogStaticMesh: Built static mesh [19.37s] /Game/StarterContent/Mesh_004.Mesh_004
[2017.06.23-12.38.50:793][445]LogLinker: Can't find file '/Game/StarterContent/Material_004'
[2017.06.23-12.38.50:794][445]LogLinker: Can't find file '/Game/StarterContent/Material_004'
[2017.06.23-12.38.50:841][445]LogMaterial: Missing cached shader map for material Material_004, compiling. 
[2017.06.23-12.38.50:842][445]LogTemp:Display: Added material ShaderMap 0x000000B5FA0EE080 with Material 0x000000B5F2158D00 to ShaderMapsBeingCompiled
[2017.06.23-12.38.50:855][445]LogTemp:Display: Kicking off shader compilation for Material_004, GameThreadShaderMap 0x000000B5FA0EE080
[2017.06.23-12.38.50:856][445]LogFbx:Warning: Triangulating static mesh siedzisko
[2017.06.23-12.38.51:996][445]LogStaticMesh: Building static mesh Mesh_005...
[2017.06.23-12.38.52:012][445]LogMeshUtilities: Invalid vertex normals found for mesh. Forcing recomputation of vertex normals for MikkTSpace. Fix mesh or disable "Use MikkTSpace Tangent Space" to avoid forced recomputation of normals.
[2017.06.23-12.38.55:059][445]LogStaticMesh: Built static mesh [3.12s] /Game/StarterContent/Mesh_005.Mesh_005
[2017.06.23-12.38.55:255][445]LogLinker: Can't find file '/Game/StarterContent/Material_006'
[2017.06.23-12.38.55:255][445]LogLinker: Can't find file '/Game/StarterContent/Material_006'
[2017.06.23-12.38.55:256][445]LogLinker: Can't find file '/Game/StarterContent/armchair_wood_color'
[2017.06.23-12.38.55:256][445]LogLinker: Can't find file '/Game/StarterContent/armchair_wood_color'
[2017.06.23-12.38.55:586][445]LogTexture:Display: Building textures: armchair_wood_color (AutoDXT, 2000X2000) - 84 MB total VRAM
[2017.06.23-12.38.59:148][445]LogMaterial: Missing cached shader map for material Material_006, compiling. 
[2017.06.23-12.38.59:149][445]LogTemp:Display: Added material ShaderMap 0x000000B581C63900 with Material 0x000000B5FB276380 to ShaderMapsBeingCompiled
[2017.06.23-12.38.59:162][445]LogTemp:Display: Kicking off shader compilation for Material_006, GameThreadShaderMap 0x000000B581C63900
[2017.06.23-12.38.59:163][445]LogFbx:Warning: Triangulating static mesh wykonczenieDrewno
[2017.06.23-12.39.00:949][445]LogStaticMesh: Building static mesh Mesh_007...
[2017.06.23-12.39.00:968][445]LogMeshUtilities: Invalid vertex normals found for mesh. Forcing recomputation of vertex normals for MikkTSpace. Fix mesh or disable "Use MikkTSpace Tangent Space" to avoid forced recomputation of normals.
[2017.06.23-12.39.07:842][445]LogStaticMesh: Built static mesh [6.96s] /Game/StarterContent/Mesh_007.Mesh_007
[2017.06.23-12.39.08:055][445]LogLinker: Can't find file '/Game/StarterContent/Material_008'
[2017.06.23-12.39.08:055][445]LogLinker: Can't find file '/Game/StarterContent/Material_008'
[2017.06.23-12.39.08:324][445]LogTexture:Display: Building textures: armchair_wood_color (AutoDXT, 2000X2000) - 84 MB total VRAM
[2017.06.23-12.39.11:831][445]LogMaterial: Missing cached shader map for material Material_008, compiling. 
[2017.06.23-12.39.11:831][445]LogTemp:Display: Added material ShaderMap 0x000000B583290100 with Material 0x000000B5F2158400 to ShaderMapsBeingCompiled
[2017.06.23-12.39.11:845][445]LogTemp:Display: Kicking off shader compilation for Material_008, GameThreadShaderMap 0x000000B583290100
[2017.06.23-12.39.11:845][445]LogFbx:Warning: Triangulating static mesh ZaslepkiDrewniane
[2017.06.23-12.39.13:665][445]LogStaticMesh: Building static mesh Mesh_008...
[2017.06.23-12.39.13:685][445]LogMeshUtilities: Invalid vertex normals found for mesh. Forcing recomputation of vertex normals for MikkTSpace. Fix mesh or disable "Use MikkTSpace Tangent Space" to avoid forced recomputation of normals.
[2017.06.23-12.39.20:783][445]LogStaticMesh: Built static mesh [7.20s] /Game/StarterContent/Mesh_008.Mesh_008
[2017.06.23-12.39.20:941][445]LogLinker: Can't find file '/Game/StarterContent/Material'
[2017.06.23-12.39.20:941][445]LogLinker: Can't find file '/Game/StarterContent/Material'
[2017.06.23-12.39.21:163][445]LogTexture:Display: Building textures: armchair_fabric_color (AutoDXT, 1684X1680) - 84 MB total VRAM
[2017.06.23-12.39.23:709][445]LogMaterial: Missing cached shader map for material Material, compiling. 
[2017.06.23-12.39.23:710][445]LogTemp:Display: Added material ShaderMap 0x000000B586E21980 with Material 0x000000B58A656080 to ShaderMapsBeingCompiled
[2017.06.23-12.39.23:723][445]LogTemp:Display: Kicking off shader compilation for Material, GameThreadShaderMap 0x000000B586E21980
[2017.06.23-12.39.23:724][445]LogFbx:Warning: Triangulating static mesh podlokietnikiSkora
[2017.06.23-12.39.25:780][445]LogStaticMesh: Building static mesh Mesh_009...
[2017.06.23-12.39.25:806][445]LogMeshUtilities: Invalid vertex normals found for mesh. Forcing recomputation of vertex normals for MikkTSpace. Fix mesh or disable "Use MikkTSpace Tangent Space" to avoid forced recomputation of normals.
[2017.06.23-12.39.35:525][445]LogStaticMesh: Built static mesh [9.76s] /Game/StarterContent/Mesh_009.Mesh_009
[2017.06.23-12.39.35:689][445]LogLinker: Can't find file '/Game/StarterContent/Material_003'
[2017.06.23-12.39.35:689][445]LogLinker: Can't find file '/Game/StarterContent/Material_003'
[2017.06.23-12.39.35:882][445]LogTexture:Display: Building textures: armchair_fabric_color (AutoDXT, 1684X1680) - 84 MB total VRAM
[2017.06.23-12.39.38:363][445]LogMaterial: Missing cached shader map for material Material_003, compiling. 
[2017.06.23-12.39.38:363][445]LogTemp:Display: Added material ShaderMap 0x000000B5868E6780 with Material 0x000000B589E2A500 to ShaderMapsBeingCompiled
[2017.06.23-12.39.38:376][445]LogTemp:Display: Kicking off shader compilation for Material_003, GameThreadShaderMap 0x000000B5868E6780
[2017.06.23-12.39.38:377][445]LogFbx:Warning: Triangulating static mesh oparcieSkora
[2017.06.23-12.39.39:493][445]LogStaticMesh: Building static mesh Mesh_010...
[2017.06.23-12.39.39:509][445]LogMeshUtilities: Invalid vertex normals found for mesh. Forcing recomputation of vertex normals for MikkTSpace. Fix mesh or disable "Use MikkTSpace Tangent Space" to avoid forced recomputation of normals.
[2017.06.23-12.39.42:279][445]LogStaticMesh: Built static mesh [2.85s] /Game/StarterContent/Mesh_010.Mesh_010
[2017.06.23-12.39.42:396][445]LogLinker: Can't find file '/Game/StarterContent/Material_002'
[2017.06.23-12.39.42:397][445]LogLinker: Can't find file '/Game/StarterContent/Material_002'
[2017.06.23-12.39.42:661][445]LogTexture:Display: Building textures: armchair_wood_color (AutoDXT, 2000X2000) - 84 MB total VRAM
[2017.06.23-12.39.46:170][445]LogMaterial: Missing cached shader map for material Material_002, compiling. 
[2017.06.23-12.39.46:171][445]LogTemp:Display: Added material ShaderMap 0x000000B58A11B200 with Material 0x000000B5F8C2D000 to ShaderMapsBeingCompiled
[2017.06.23-12.39.46:183][445]LogTemp:Display: Kicking off shader compilation for Material_002, GameThreadShaderMap 0x000000B58A11B200
[2017.06.23-12.39.46:184][445]LogFbx:Warning: Triangulating static mesh Drewniany Ornament
[2017.06.23-12.39.49:994][445]LogStaticMesh: Building static mesh Mesh_011...
[2017.06.23-12.39.50:048][445]LogMeshUtilities: Invalid vertex normals found for mesh. Forcing recomputation of vertex normals for MikkTSpace. Fix mesh or disable "Use MikkTSpace Tangent Space" to avoid forced recomputation of normals.
[2017.06.23-12.40.30:724][445]LogStaticMesh: Built static mesh [40.80s] /Game/StarterContent/Mesh_011.Mesh_011
[2017.06.23-12.40.30:879][445]LogLinker: Can't find file '/Game/StarterContent/Material_007'
[2017.06.23-12.40.30:879][445]LogLinker: Can't find file '/Game/StarterContent/Material_007'
[2017.06.23-12.40.31:106][445]LogTexture:Display: Building textures: armchair_wood_color (AutoDXT, 2000X2000) - 84 MB total VRAM
[2017.06.23-12.40.34:657][445]LogMaterial: Missing cached shader map for material Material_007, compiling. 
[2017.06.23-12.40.34:658][445]LogTemp:Display: Added material ShaderMap 0x000000B589F0C480 with Material 0x000000B587FDE080 to ShaderMapsBeingCompiled
[2017.06.23-12.40.34:672][445]LogTemp:Display: Kicking off shader compilation for Material_007, GameThreadShaderMap 0x000000B589F0C480
[2017.06.23-12.40.34:673][445]LogFbx:Warning: Triangulating static mesh Nogi
[2017.06.23-12.40.50:207][445]LogStaticMesh: Building static mesh Mesh_012...
[2017.06.23-12.40.50:519][445]LogMeshUtilities: Invalid vertex normals found for mesh. Forcing recomputation of vertex normals for MikkTSpace. Fix mesh or disable "Use MikkTSpace Tangent Space" to avoid forced recomputation of normals.
