Log file open, 06/22/17 20:07:15
LogInit:Display: Running engine for game: MyProject3
LogPlatformFile: Not using cached read wrapper
LogInit:Display: RandInit(1548071212) SRandInit(1548071212).
LogTaskGraph: Started task graph with 5 named threads and 8 total threads with 1 sets of task threads.
LogStats: Stats thread started at 0.084989
LogInit: Using libcurl 7.47.1
LogInit:  - built for x86_64-pc-win32
LogInit:  - supports SSL with OpenSSL/1.0.2g
LogInit:  - supports HTTP deflate (compression) using libz 1.2.8
LogInit:  - other features:
LogInit:      CURL_VERSION_SSL
LogInit:      CURL_VERSION_LIBZ
LogInit:      CURL_VERSION_IPV6
LogInit:      CURL_VERSION_ASYNCHDNS
LogInit:      CURL_VERSION_LARGEFILE
LogInit:      CURL_VERSION_IDN
LogInit:  CurlRequestOptions (configurable via config and command line):
LogInit:  - bVerifyPeer = false  - Libcurl will NOT verify peer certificate
LogInit:  - bUseHttpProxy = false  - Libcurl will NOT use HTTP proxy
LogInit:  - bDontReuseConnections = false  - Libcurl will reuse connections
LogInit:  - CertBundlePath = nullptr  - Libcurl will use whatever was configured at build time.
LogInit: Build: ++UE4+Release-4.15-CL-3450819
LogInit: Engine Version: 4.15.3-3450819+++UE4+Release-4.15
LogInit: Compatible Engine Version: 4.15.0-3299760+++UE4+Release-4.15
LogInit: Net CL: 3299760
LogDevObjectVersion: Number of dev versions registered: 14
LogDevObjectVersion:   Dev-Blueprints (B0D832E4-1F89-4F0D-ACCF-7EB736FD4AA2): 8
LogDevObjectVersion:   Dev-Build (E1C64328-A22C-4D53-A36C-8E866417BD8C): 0
LogDevObjectVersion:   Dev-Core (375EC13C-06E4-48FB-B500-84F0262A717E): 2
LogDevObjectVersion:   Dev-Editor (E4B068ED-F494-42E9-A231-DA0B2E46BB41): 14
LogDevObjectVersion:   Dev-Framework (CFFC743F-43B0-4480-9391-14DF171D2073): 22
LogDevObjectVersion:   Dev-Mobile (B02B49B5-BB20-44E9-A304-32B752E40360): 0
LogDevObjectVersion:   Dev-Networking (A4E4105C-59A1-49B5-A7C5-40C4547EDFEE): 0
LogDevObjectVersion:   Dev-Online (39C831C9-5AE6-47DC-9A44-9C173E1C8E7C): 0
LogDevObjectVersion:   Dev-Physics (78F01B33-EBEA-4F98-B9B4-84EACCB95AA2): 0
LogDevObjectVersion:   Dev-Platform (6631380F-2D4D-43E0-8009-CF276956A95A): 0
LogDevObjectVersion:   Dev-Rendering (12F88B9F-8875-4AFC-A67C-D90C383ABD29): 12
LogDevObjectVersion:   Dev-Sequencer (7B5AE74C-D270-4C10-A958-57980B212A5A): 3
LogDevObjectVersion:   Dev-VR (D7296918-1DD6-4BDD-9DE2-64A83CC13884): 0
LogDevObjectVersion:   Dev-LoadTimes (C2A15278-BFE7-4AFE-6C17-90FF531DF755): 1
LogInit: Compiled (64-bit): May 21 2017 11:02:34
LogInit: Compiled with Visual C++: 19.00.23026.00
LogInit: Build Configuration: Development
LogInit: Branch Name: ++UE4+Release-4.15
LogInit: Command line: -EpicPortal 
LogInit: Base directory: C:/Program Files/Epic Games/UE_4.15/Engine/Binaries/Win64/
LogInit: Installed Engine Build: 1
LogInit: Presizing for max 8388607 objects, including 0 objects not considered by GC, pre-allocating 0 bytes for permanent pool.
LogInit: Object subsystem initialized
[2017.06.22-17.07.17:045][  0]LogInit: Selected Device Profile: [Windows]
[2017.06.22-17.07.17:045][  0]LogInit: Applying CVar settings loaded from the selected device profile: [Windows]
[2017.06.22-17.07.17:054][  0]LogInit: Computer: IULIAN
[2017.06.22-17.07.17:054][  0]LogInit: User: Iuli
[2017.06.22-17.07.17:054][  0]LogInit: CPU Page size=65536, Cores=4
[2017.06.22-17.07.17:054][  0]LogInit: High frequency timer resolution =2.240914 MHz
[2017.06.22-17.07.17:054][  0]LogMemory: Memory total: Physical=7.9GB (8GB approx)
[2017.06.22-17.07.17:054][  0]LogMemory: Platform Memory Stats for Windows
[2017.06.22-17.07.17:054][  0]LogMemory: Process Physical Memory: 260.89 MB used, 260.89 MB peak
[2017.06.22-17.07.17:054][  0]LogMemory: Process Virtual Memory: 262.28 MB used, 262.28 MB peak
[2017.06.22-17.07.17:054][  0]LogMemory: Physical Memory: 3513.77 MB used,  4569.51 MB free, 8083.27 MB total
[2017.06.22-17.07.17:054][  0]LogMemory: Virtual Memory: 626.07 MB used,  4569.51 MB free, 134217728.00 MB total
[2017.06.22-17.07.17:143][  0]LogTextLocalizationManager: No translations for ('ro-RO') exist, falling back to 'en' for localization and internationalization data.
[2017.06.22-17.07.17:861][  0]LogD3D11RHI: D3D11 adapters:
[2017.06.22-17.07.17:893][  0]LogD3D11RHI:    0. 'NVIDIA GeForce 840M' (Feature Level 11_0)
[2017.06.22-17.07.17:893][  0]LogD3D11RHI:       1981/0/4041 MB DedicatedVideo/DedicatedSystem/SharedSystem, Outputs:2, VendorId:0x10de
[2017.06.22-17.07.17:899][  0]LogD3D11RHI:    1. 'Intel(R) HD Graphics 4600' (Feature Level 11_0)
[2017.06.22-17.07.17:899][  0]LogD3D11RHI:       160/0/1760 MB DedicatedVideo/DedicatedSystem/SharedSystem, Outputs:0, VendorId:0x8086
[2017.06.22-17.07.17:900][  0]LogD3D11RHI:    2. 'Microsoft Basic Render Driver' (Feature Level 11_0)
[2017.06.22-17.07.17:900][  0]LogD3D11RHI:       0/0/256 MB DedicatedVideo/DedicatedSystem/SharedSystem, Outputs:0, VendorId:0x1414
[2017.06.22-17.07.17:900][  0]LogD3D11RHI: Chosen D3D11 Adapter: 0
[2017.06.22-17.07.17:903][  0]LogD3D11RHI: Creating new Direct3DDevice
[2017.06.22-17.07.17:903][  0]LogD3D11RHI:     GPU DeviceId: 0x1341 (for the marketing name, search the web for "GPU Device Id")
[2017.06.22-17.07.17:903][  0]LogWindows: EnumDisplayDevices:
[2017.06.22-17.07.17:904][  0]LogWindows:    0. 'Intel(R) HD Graphics 4600' (P:1 D:1)
[2017.06.22-17.07.17:904][  0]LogWindows:    1. 'Intel(R) HD Graphics 4600' (P:0 D:1)
[2017.06.22-17.07.17:904][  0]LogWindows:    2. 'Intel(R) HD Graphics 4600' (P:0 D:0)
[2017.06.22-17.07.17:904][  0]LogWindows: DebugString: PrimaryIsNotTheChoosenAdapter PrimaryIsNotTheChoosenAdapter PrimaryIsNotTheChoosenAdapter FoundDriverCount:0 
[2017.06.22-17.07.17:904][  0]LogD3D11RHI:     Adapter Name: NVIDIA GeForce 840M
[2017.06.22-17.07.17:904][  0]LogD3D11RHI:   Driver Version: Unknown (internal:Unknown, unified:Unknown)
[2017.06.22-17.07.17:904][  0]LogD3D11RHI:      Driver Date: Unknown
[2017.06.22-17.07.17:904][  0]LogRHI: Texture pool is 1361 MB (70% of 1945 MB)
[2017.06.22-17.07.17:918][  0]LogD3D11RHI: Async texture creation enabled
[2017.06.22-17.07.17:936][  0]LogD3D11RHI: GPU Timing Frequency: 1000.000000 (Debug: 2 2)
[2017.06.22-17.07.17:938][  0]LogShaderCompilers: Guid format shader working directory is -20 characters bigger than the processId version (../../../../../../Users/Iuli/Documents/Unreal Projects/MyProject3/Intermediate/Shaders/WorkingDirectory/5416/).
[2017.06.22-17.07.17:938][  0]LogShaderCompilers: Cleaned the shader compiler working directory 'C:/Users/Iuli/AppData/Local/Temp/UnrealShaderWorkingDir/5A352C894C655B1F574B12AA130524DE/'.
[2017.06.22-17.07.17:938][  0]LogShaderCompilers:Display: Using Local Shader Compiler.
[2017.06.22-17.07.19:081][  0]LogTemp:Display: Loaded TP AllDesktopTargetPlatform
[2017.06.22-17.07.19:153][  0]LogTemp:Display: Loaded TP MacClientTargetPlatform
[2017.06.22-17.07.19:217][  0]LogTemp:Display: Loaded TP MacNoEditorTargetPlatform
[2017.06.22-17.07.19:285][  0]LogTemp:Display: Loaded TP MacServerTargetPlatform
[2017.06.22-17.07.19:349][  0]LogTemp:Display: Loaded TP MacTargetPlatform
[2017.06.22-17.07.19:411][  0]LogTemp:Display: Loaded TP WindowsClientTargetPlatform
[2017.06.22-17.07.19:476][  0]LogTemp:Display: Loaded TP WindowsNoEditorTargetPlatform
[2017.06.22-17.07.19:542][  0]LogTemp:Display: Loaded TP WindowsServerTargetPlatform
[2017.06.22-17.07.19:594][  0]LogTemp:Display: Loaded TP WindowsTargetPlatform
[2017.06.22-17.07.19:653][  0]LogTemp:Display: Loaded TP AndroidTargetPlatform
[2017.06.22-17.07.19:713][  0]LogTemp:Display: Loaded TP Android_ASTCTargetPlatform
[2017.06.22-17.07.19:774][  0]LogTemp:Display: Loaded TP Android_ATCTargetPlatform
[2017.06.22-17.07.19:836][  0]LogTemp:Display: Loaded TP Android_DXTTargetPlatform
[2017.06.22-17.07.19:899][  0]LogTemp:Display: Loaded TP Android_ETC1TargetPlatform
[2017.06.22-17.07.19:956][  0]LogTemp:Display: Loaded TP Android_ETC2TargetPlatform
[2017.06.22-17.07.20:070][  0]LogTemp:Display: Loaded TP Android_MultiTargetPlatform
[2017.06.22-17.07.20:070][  0]LogTemp:Display: Loaded TP Android_PVRTCTargetPlatform
[2017.06.22-17.07.20:109][  0]LogTemp:Display: Loaded TP HTML5TargetPlatform
[2017.06.22-17.07.20:208][  0]LogTemp:Display: Loaded TP IOSTargetPlatform
[2017.06.22-17.07.20:244][  0]LogTemp:Display: Loaded TP TVOSTargetPlatform
[2017.06.22-17.07.20:301][  0]LogTemp:Display: Loaded TP LinuxClientTargetPlatform
[2017.06.22-17.07.20:358][  0]LogTemp:Display: Loaded TP LinuxNoEditorTargetPlatform
[2017.06.22-17.07.20:415][  0]LogTemp:Display: Loaded TP LinuxServerTargetPlatform
[2017.06.22-17.07.20:471][  0]LogTemp:Display: Loaded TP LinuxTargetPlatform
[2017.06.22-17.07.20:471][  0]LogTargetPlatformManager:Display: Building Assets For Windows
[2017.06.22-17.07.20:912][  0]LogDerivedDataCache:Display: Max Cache Size: 512 MB
[2017.06.22-17.07.20:967][  0]LogDerivedDataCache: Loaded boot cache 0.05s 50MB C:/Users/Iuli/AppData/Local/UnrealEngine/4.15/DerivedDataCache/Boot.ddc.
[2017.06.22-17.07.20:967][  0]LogDerivedDataCache:Display: Loaded Boot cache: C:/Users/Iuli/AppData/Local/UnrealEngine/4.15/DerivedDataCache/Boot.ddc
[2017.06.22-17.07.20:967][  0]LogDerivedDataCache: FDerivedDataBackendGraph:  Pak pak cache file ../../../../../../Users/Iuli/Documents/Unreal Projects/MyProject3/DerivedDataCache/DDC.ddp not found, will not use a pak cache.
[2017.06.22-17.07.20:967][  0]LogDerivedDataCache: Unable to find inner node Pak for hierarchical cache Hierarchy.
[2017.06.22-17.07.20:967][  0]LogDerivedDataCache: FDerivedDataBackendGraph:  CompressedPak pak cache file ../../../../../../Users/Iuli/Documents/Unreal Projects/MyProject3/DerivedDataCache/Compressed.ddp not found, will not use a pak cache.
[2017.06.22-17.07.20:967][  0]LogDerivedDataCache: Unable to find inner node CompressedPak for hierarchical cache Hierarchy.
[2017.06.22-17.07.20:986][  0]LogDerivedDataCache:Display: Pak cache opened for reading ../../../Engine/DerivedDataCache/Compressed.ddp.
[2017.06.22-17.07.20:998][  0]LogDerivedDataCache: Using Local data cache path C:/Users/Iuli/AppData/Local/UnrealEngine/Common/DerivedDataCache: Writable
[2017.06.22-17.07.21:008][  0]LogSlate: Using Freetype 2.6.0
[2017.06.22-17.07.21:009][  0]LogSlate: SlateFontCache - WITH_FREETYPE: 1, WITH_HARFBUZZ: 1
[2017.06.22-17.07.21:009][  0]LogSlate: SlateFontCache - WITH_FREETYPE: 1, WITH_HARFBUZZ: 1
[2017.06.22-17.07.21:308][  0]LogInit: Selected Device Profile: [Windows]
[2017.06.22-17.07.21:311][  0]LogContentStreaming: Texture pool size is 0.00 MB
[2017.06.22-17.07.21:539][  0]LogMeshUtilities: Using QuadricMeshReduction for automatic static mesh reduction
[2017.06.22-17.07.21:585][  0]LogSimplygon: Simplygon DLL not present - disabling.
[2017.06.22-17.07.21:637][  0]LogMeshUtilities: Using SimplygonSwarm for distributed automatic mesh merging
[2017.06.22-17.07.21:637][  0]LogMeshUtilities: No automatic skeletal mesh reduction module available
[2017.06.22-17.07.21:637][  0]LogMeshUtilities: No automatic mesh merging module available
[2017.06.22-17.07.22:241][  0]LogNetVersion: GetLocalNetworkVersion: CL: 3299760, ProjectName: myproject3, ProjectVersion: , EngineNetworkVersion: 2, GameNetworkVersion: 0, NetworkChecksum: 2476145178
[2017.06.22-17.07.22:288][  0]LogAssetRegistry: FAssetRegistry took 0.0224 seconds to start up
[2017.06.22-17.07.22:331][  0]LogPackageLocalizationCache: Processed 3 localized package path(s) for 1 prioritized culture(s) in 0.013481 seconds
[2017.06.22-17.07.22:336][  0]LogUObjectArray: 32493 objects as part of root set at end of initial load.
[2017.06.22-17.07.22:336][  0]LogUObjectAllocator: 7077024 out of 0 bytes used by permanent object pool.
[2017.06.22-17.07.22:336][  0]LogUObjectArray: CloseDisregardForGC: 0/0 objects in disregard for GC pool
[2017.06.22-17.07.22:397][  0]LogInit: WinSock: version 1.1 (2.2), MaxSocks=32767, MaxUdp=65467
[2017.06.22-17.07.24:100][  0]LogTcpMessaging: Initializing TcpMessaging bridge
[2017.06.22-17.07.24:139][  0]LogUdpMessaging: Initializing bridge on interface 0.0.0.0:0 to multicast group 230.0.0.1:6666.
[2017.06.22-17.07.24:614][  0]LogMaterial: Uniform references updated for custom material expression Custom.
[2017.06.22-17.07.25:019][  0]SourceControl: Info Source control is disabled
[2017.06.22-17.07.25:020][  0]SourceControl: Info Source control is disabled
[2017.06.22-17.07.25:070][  0]SourceControl: Info Source control is disabled
[2017.06.22-17.07.25:118][  0]SourceControl: Info Source control is disabled
[2017.06.22-17.07.26:389][  0]LogEngine: Initializing Engine...
[2017.06.22-17.07.26:390][  0]LogHMD: Failed to initialize OpenVR with code 110
[2017.06.22-17.07.26:504][  0]LogStats: UGameplayTagsManager::ConstructGameplayTagTree: Construct from data asset -  0.000 s
[2017.06.22-17.07.26:504][  0]LogStats: UGameplayTagsManager::ConstructGameplayTagTree: GameplayTagTreeChangedEvent.Broadcast -  0.000 s
[2017.06.22-17.07.26:631][  0]LogAIModule: Creating AISystem for world Untitled
[2017.06.22-17.07.26:639][  0]LogInit: XAudio2 using 'Speakers (USB PnP Sound Device)' : 2 channels at 44.1 kHz using 16 bits per sample (channel mask 0x3)
[2017.06.22-17.07.26:650][  0]LogInit: FAudioDevice initialized.
[2017.06.22-17.07.26:675][  0]LogDerivedDataCache: Saved boot cache 0.03s 50MB C:/Users/Iuli/AppData/Local/UnrealEngine/4.15/DerivedDataCache/Boot.ddc.
[2017.06.22-17.07.26:682][  0]LogInit: Texture streaming: Enabled
[2017.06.22-17.07.26:773][  0]LogEngineSessionManager: EngineSessionManager initialized
[2017.06.22-17.07.26:774][  0]LogEngineSessionManager: EngineSessionManager sent abnormal shutdown report. Type=AbnormalShutdown, SessionId={55747F3C-4D21-A4CD-D809-9C8CE1B0C8A6}
[2017.06.22-17.07.26:862][  0]LogInit: Transaction tracking system initialized
[2017.06.22-17.07.27:206][  0]BlueprintLog: New page: Editor Load
[2017.06.22-17.07.28:073][  0]LocalizationService: Info Localization service is disabled
[2017.06.22-17.07.28:738][  0]LogConsoleResponse:Display: 
[2017.06.22-17.07.28:866][  0]LogCook:Display: Max memory allowance for cook 16384mb min free memory 0mb
[2017.06.22-17.07.28:866][  0]LogCook:Display: Mobile HDR setting 1
[2017.06.22-17.07.29:916][  0]LogFileCache: Scanning file cache for directory 'C:/Users/Iuli/Documents/Unreal Projects/MyProject3/Content/' took 0.01s
[2017.06.22-17.07.29:960][  0]SourceControl: Info Source control is disabled
[2017.06.22-17.07.29:961][  0]Cmd: MAP LOAD FILE="../../../../../../Users/Iuli/Documents/Unreal Projects/MyProject3/Content/StarterContent/Maps/Minimal_Default.umap" TEMPLATE=0 SHOWPROGRESS=1 FEATURELEVEL=3
[2017.06.22-17.07.29:961][  0]LightingResults: New page: Lighting Build
[2017.06.22-17.07.30:003][  0]MapCheck: New page: Map Check
[2017.06.22-17.07.30:003][  0]LightingResults: New page: Lighting Build
[2017.06.22-17.07.30:311][  0]LogAIModule: Creating AISystem for world Minimal_Default
[2017.06.22-17.07.30:336][  0]LogEditorServer: Finished looking for orphan Actors (0.000 secs)
[2017.06.22-17.07.30:337][  0]Cmd: MAP CHECKDEP NOCLEARLOG
[2017.06.22-17.07.30:407][  0]MapCheck: Info Map check complete: 0 Error(s), 0 Warning(s), took 70.06ms to complete.
[2017.06.22-17.07.30:407][  0]LogFileHelpers: Loading map 'Minimal_Default' took 0.447
[2017.06.22-17.07.30:505][  0]LogCollectionManager: Loaded 0 collections in 0.001856 seconds
[2017.06.22-17.07.30:588][  0]LogFileCache: Scanning file cache for directory 'C:/Users/Iuli/Documents/Unreal Projects/MyProject3/Saved/Collections/' took 0.01s
[2017.06.22-17.07.30:588][  0]LogFileCache: Scanning file cache for directory 'C:/Users/Iuli/Documents/Unreal Projects/MyProject3/Content/Developers/Iuli/Collections/' took 0.01s
[2017.06.22-17.07.30:588][  0]LogFileCache: Scanning file cache for directory 'C:/Users/Iuli/Documents/Unreal Projects/MyProject3/Content/Collections/' took 0.01s
[2017.06.22-17.07.30:588][  0]LogCollectionManager: Rebuilt the GUID cache for 0 collections in 0.000002 seconds
[2017.06.22-17.07.30:597][  0]LogContentBrowser: Native class hierarchy populated in 0.0084 seconds. Added 2245 classes and 453 folders.
[2017.06.22-17.07.30:660][  0]LogContentBrowser: Native class hierarchy updated for 'WidgetCarousel' in 0.0005 seconds. Added 0 classes and 0 folders.
[2017.06.22-17.07.30:708][  0]LogContentBrowser: Native class hierarchy updated for 'AddContentDialog' in 0.0005 seconds. Added 0 classes and 0 folders.
[2017.06.22-17.07.30:828][  0]LogContentBrowser: Native class hierarchy updated for 'SceneOutliner' in 0.0005 seconds. Added 1 classes and 2 folders.
[2017.06.22-17.07.30:876][  0]LogCrashTracker: Crashtracker disabled due to settings.
[2017.06.22-17.07.30:886][  0]LogUObjectGlobals:Warning: Failed to find object 'Class None.'
[2017.06.22-17.07.30:954][  0]LogContentBrowser: Native class hierarchy updated for 'HierarchicalLODOutliner' in 0.0006 seconds. Added 1 classes and 2 folders.
[2017.06.22-17.07.30:954][  0]LogLoad: (Engine Initialization) Total time: 16.15 seconds
[2017.06.22-17.07.30:954][  0]LogLoad: (Engine Initialization) Total Blueprint compile time: 0.09 seconds
[2017.06.22-17.07.30:954][  0]LogExternalProfiler: No external profilers were discovered.  External profiling features will not be available.
[2017.06.22-17.07.31:295][  0]LogOcInput: OculusInput pre-init called
[2017.06.22-17.07.31:315][  0]LogContentStreaming: Texture pool size now 1000 MB
[2017.06.22-17.07.31:317][  0]LogSlate: Took 0.000247 seconds to synchronously load lazily loaded font '../../../Engine/Content/Slate/Fonts/Roboto-Regular.ttf' (155K)
[2017.06.22-17.07.31:321][  0]LogSlate: Took 0.000357 seconds to synchronously load lazily loaded font '../../../Engine/Content/Slate/Fonts/Roboto-Bold.ttf' (160K)
[2017.06.22-17.07.31:323][  0]LogSlate: Took 0.000248 seconds to synchronously load lazily loaded font '../../../Engine/Content/Editor/Slate/Fonts/FontAwesome.ttf' (139K)
[2017.06.22-17.07.31:349][  0]LogSlate: Took 0.000291 seconds to synchronously load lazily loaded font '../../../Engine/Content/Slate/Fonts/Roboto-Light.ttf' (159K)
[2017.06.22-17.07.31:489][  0]LogRenderer: Reallocating scene render targets to support 604x612 NumSamples 1 (Frame:2).
[2017.06.22-17.07.31:676][  1]LogAssetRegistry: Asset discovery search completed in 9.4099 seconds
[2017.06.22-17.07.31:676][  1]LogCollectionManager: Rebuilt the object cache for 0 collections in 0.000003 seconds (found 0 objects)
[2017.06.22-17.07.31:676][  1]LogCollectionManager: Fixed up redirectors for 0 collections in 0.000015 seconds (updated 0 objects)
[2017.06.22-17.07.48:247][ 84]LogSlate: Took 0.000176 seconds to synchronously load lazily loaded font '../../../Engine/Content/Slate/Fonts/Roboto-Light.ttf' (159K)
[2017.06.22-17.07.48:321][ 84]LogFactory: FactoryCreateFile: World with FbxSceneImportFactory (0 0 ../../../../../../Users/Iuli/Desktop/1408/prosop.obj)
[2017.06.22-17.07.48:375][ 84]LogFbx: Loading FBX Scene from ../../../../../../Users/Iuli/Desktop/1408/prosop.obj
[2017.06.22-17.07.49:110][ 84]LogFbx: FBX Scene Loaded Succesfully
[2017.06.22-17.07.49:165][ 84]LogFbx: =================================================
[2017.06.22-17.07.49:165][ 84]LogFbx: Dumping Node START [default] 
[2017.06.22-17.07.49:165][ 84]LogFbx: 	Total Deformer Count -1848598288.
[2017.06.22-17.07.49:165][ 84]LogFbx: 	Attribute () Type (4).
[2017.06.22-17.07.49:165][ 84]LogFbx: 		[Node Attribute Child 1] default (Type Mesh).
[2017.06.22-17.07.49:165][ 84]LogFbx: Dumping Node END [default]
[2017.06.22-17.07.49:165][ 84]LogFbx: =================================================
[2017.06.22-17.07.49:165][ 84]LogFbx: Dumping Node START [default] 
[2017.06.22-17.07.49:165][ 84]LogFbx: 	Total Deformer Count -1848598400.
[2017.06.22-17.07.49:165][ 84]LogFbx: 	Attribute () Type (4).
[2017.06.22-17.07.49:165][ 84]LogFbx: 		[Node Attribute Child 1] default (Type Mesh).
[2017.06.22-17.07.49:165][ 84]LogFbx: Dumping Node END [default]
[2017.06.22-17.07.49:165][ 84]LogFbx: =================================================
[2017.06.22-17.07.49:165][ 84]LogFbx: Dumping Node START [default] 
[2017.06.22-17.07.49:165][ 84]LogFbx: 	Total Deformer Count -1848598400.
[2017.06.22-17.07.49:165][ 84]LogFbx: 	Attribute () Type (4).
[2017.06.22-17.07.49:165][ 84]LogFbx: 		[Node Attribute Child 1] default (Type Mesh).
[2017.06.22-17.07.49:165][ 84]LogFbx: Dumping Node END [default]
[2017.06.22-17.07.50:927][ 84]LogFbx: =================================================
[2017.06.22-17.07.50:927][ 84]LogFbx: Dumping Node START [default] 
[2017.06.22-17.07.50:927][ 84]LogFbx: 	Total Deformer Count -1848599072.
[2017.06.22-17.07.50:927][ 84]LogFbx: 	Attribute () Type (4).
[2017.06.22-17.07.50:927][ 84]LogFbx: 		[Node Attribute Child 1] default (Type Mesh).
[2017.06.22-17.07.50:927][ 84]LogFbx: Dumping Node END [default]
[2017.06.22-17.07.50:927][ 84]LogFbx: =================================================
[2017.06.22-17.07.50:927][ 84]LogFbx: Dumping Node START [default] 
[2017.06.22-17.07.50:927][ 84]LogFbx: 	Total Deformer Count -1848602768.
[2017.06.22-17.07.50:927][ 84]LogFbx: 	Attribute () Type (4).
[2017.06.22-17.07.50:927][ 84]LogFbx: 		[Node Attribute Child 1] default (Type Mesh).
[2017.06.22-17.07.50:927][ 84]LogFbx: Dumping Node END [default]
[2017.06.22-17.07.50:927][ 84]LogFbx: =================================================
[2017.06.22-17.07.50:927][ 84]LogFbx: Dumping Node START [default] 
[2017.06.22-17.07.50:927][ 84]LogFbx: 	Total Deformer Count -1848602768.
[2017.06.22-17.07.50:927][ 84]LogFbx: 	Attribute () Type (4).
[2017.06.22-17.07.50:927][ 84]LogFbx: 		[Node Attribute Child 1] default (Type Mesh).
[2017.06.22-17.07.50:927][ 84]LogFbx: Dumping Node END [default]
[2017.06.22-17.07.50:934][ 84]LogSlate: Took 0.000165 seconds to synchronously load lazily loaded font '../../../Engine/Content/Slate/Fonts/Roboto-Regular.ttf' (155K)
[2017.06.22-17.07.50:942][ 84]LogLinker: Can't find file '/Game/StarterContent/None'
[2017.06.22-17.07.50:942][ 84]LogLinker: Can't find file '/Game/StarterContent/None'
[2017.06.22-17.07.50:977][ 84]LogMaterial: Missing cached shader map for material Material_0, compiling. 
[2017.06.22-17.07.51:001][ 84]LogTemp:Display: Added material ShaderMap 0x000000A29B682780 with Material 0x000000A29B69F100 to ShaderMapsBeingCompiled
[2017.06.22-17.07.51:038][ 84]LogTemp:Display: Kicking off shader compilation for Material_0, GameThreadShaderMap 0x000000A29B682780
[2017.06.22-17.07.51:038][ 84]LogFbx:Warning: Triangulating static mesh default
[2017.06.22-17.08.04:808][ 84]LogStaticMesh: Building static mesh default...
[2017.06.22-17.08.05:032][ 84]LogMeshUtilities: Invalid vertex normals found for mesh. Forcing recomputation of vertex normals for MikkTSpace. Fix mesh or disable "Use MikkTSpace Tangent Space" to avoid forced recomputation of normals.
